This file contains any messages produced by compilers while
running configure, to aid debugging if configure makes a mistake.

It was created by CoinHSL configure 2.2.4, which was
generated by GNU Autoconf 2.71.  Invocation command line was

  $ ./configure

## --------- ##
## Platform. ##
## --------- ##

hostname = ubuntu
uname -m = x86_64
uname -r = 5.15.0-124-generic
uname -s = Linux
uname -v = #134~20.04.1-Ubuntu SMP Tue Oct 1 15:27:33 UTC 2024

/usr/bin/uname -p = x86_64
/bin/uname -X     = unknown

/bin/arch              = x86_64
/usr/bin/arch -k       = unknown
/usr/convex/getsysinfo = unknown
/usr/bin/hostinfo      = unknown
/bin/machine           = unknown
/usr/bin/oslevel       = unknown
/bin/universe          = unknown

PATH: /usr/local/sbin/
PATH: /usr/local/bin/
PATH: /usr/sbin/
PATH: /usr/bin/
PATH: /sbin/
PATH: /bin/
PATH: /snap/bin/


## ----------- ##
## Core tests. ##
## ----------- ##

configure:2678: looking for aux files: ltmain.sh ar-lib compile missing install-sh config.guess config.sub
configure:2691:  trying ./
configure:2720:   ./ltmain.sh found
configure:2720:   ./ar-lib found
configure:2720:   ./compile found
configure:2720:   ./missing found
configure:2702:   ./install-sh found
configure:2720:   ./config.guess found
configure:2720:   ./config.sub found
configure:2845: checking build system type
configure:2860: result: x86_64-pc-linux-gnu
configure:2987: checking host system type
configure:3001: result: x86_64-pc-linux-gnu
configure:3038: checking for a BSD-compatible install
configure:3111: result: /usr/bin/install -c
configure:3122: checking whether build environment is sane
configure:3177: result: yes
configure:3334: checking for a race-free mkdir -p
configure:3378: result: /usr/bin/mkdir -p
configure:3385: checking for gawk
configure:3420: result: no
configure:3385: checking for mawk
configure:3406: found /usr/bin/mawk
configure:3417: result: mawk
configure:3428: checking whether make sets $(MAKE)
configure:3451: result: yes
configure:3521: checking whether make supports nested variables
configure:3539: result: yes
configure:3552: checking whether to enable maintainer-specific portions of Makefiles
configure:3562: result: no
configure:3754: checking whether make supports the include directive
configure:3769: make -f confmf.GNU && cat confinc.out
this is the am__doit target
configure:3772: $? = 0
configure:3791: result: yes (GNU style)
configure:3936: checking for gcc
configure:3957: found /usr/bin/gcc
configure:3968: result: gcc
configure:3999: checking for C compiler version
configure:4008: gcc --version >&5
gcc (Ubuntu 9.4.0-1ubuntu1~20.04.2) 9.4.0
Copyright (C) 2019 Free Software Foundation, Inc.
This is free software; see the source for copying conditions.  There is NO
warranty; not even for MERCHANTABILITY or FITNESS FOR A PARTICULAR PURPOSE.

configure:4019: $? = 0
configure:4008: gcc -v >&5
Using built-in specs.
COLLECT_GCC=gcc
COLLECT_LTO_WRAPPER=/usr/lib/gcc/x86_64-linux-gnu/9/lto-wrapper
OFFLOAD_TARGET_NAMES=nvptx-none:hsa
OFFLOAD_TARGET_DEFAULT=1
Target: x86_64-linux-gnu
Configured with: ../src/configure -v --with-pkgversion='Ubuntu 9.4.0-1ubuntu1~20.04.2' --with-bugurl=file:///usr/share/doc/gcc-9/README.Bugs --enable-languages=c,ada,c++,go,brig,d,fortran,objc,obj-c++,gm2 --prefix=/usr --with-gcc-major-version-only --program-suffix=-9 --program-prefix=x86_64-linux-gnu- --enable-shared --enable-linker-build-id --libexecdir=/usr/lib --without-included-gettext --enable-threads=posix --libdir=/usr/lib --enable-nls --enable-clocale=gnu --enable-libstdcxx-debug --enable-libstdcxx-time=yes --with-default-libstdcxx-abi=new --enable-gnu-unique-object --disable-vtable-verify --enable-plugin --enable-default-pie --with-system-zlib --with-target-system-zlib=auto --enable-objc-gc=auto --enable-multiarch --disable-werror --with-arch-32=i686 --with-abi=m64 --with-multilib-list=m32,m64,mx32 --enable-multilib --with-tune=generic --enable-offload-targets=nvptx-none=/build/gcc-9-9QDOt0/gcc-9-9.4.0/debian/tmp-nvptx/usr,hsa --without-cuda-driver --enable-checking=release --build=x86_64-linux-gnu --host=x86_64-linux-gnu --target=x86_64-linux-gnu
Thread model: posix
gcc version 9.4.0 (Ubuntu 9.4.0-1ubuntu1~20.04.2) 
configure:4019: $? = 0
configure:4008: gcc -V >&5
gcc: error: unrecognized command line option '-V'
gcc: fatal error: no input files
compilation terminated.
configure:4019: $? = 1
configure:4008: gcc -qversion >&5
gcc: error: unrecognized command line option '-qversion'; did you mean '--version'?
gcc: fatal error: no input files
compilation terminated.
configure:4019: $? = 1
configure:4008: gcc -version >&5
gcc: error: unrecognized command line option '-version'
gcc: fatal error: no input files
compilation terminated.
configure:4019: $? = 1
configure:4039: checking whether the C compiler works
configure:4061: gcc -O2 -DNDEBUG    conftest.c  >&5
configure:4065: $? = 0
configure:4115: result: yes
configure:4118: checking for C compiler default output file name
configure:4120: result: a.out
configure:4126: checking for suffix of executables
configure:4133: gcc -o conftest -O2 -DNDEBUG    conftest.c  >&5
configure:4137: $? = 0
configure:4160: result: 
configure:4182: checking whether we are cross compiling
configure:4190: gcc -o conftest -O2 -DNDEBUG    conftest.c  >&5
configure:4194: $? = 0
configure:4201: ./conftest
configure:4205: $? = 0
configure:4193: result: no
configure:4198: checking for suffix of object files
configure:4221: gcc -c -O2 -DNDEBUG   conftest.c >&5
configure:4225: $? = 0
configure:4247: result: o
configure:4251: checking whether the compiler supports GNU C
configure:4271: gcc -c -O2 -DNDEBUG   conftest.c >&5
configure:4271: $? = 0
configure:4281: result: yes
configure:4292: checking whether gcc accepts -g
configure:4313: gcc -c -g  conftest.c >&5
configure:4313: $? = 0
configure:4357: result: yes
configure:4377: checking for gcc option to enable C11 features
configure:4392: gcc  -c -O2 -DNDEBUG   conftest.c >&5
configure:4392: $? = 0
configure:4410: result: none needed
configure:4526: checking whether gcc understands -c and -o together
configure:4549: gcc -c conftest.c -o conftest2.o
configure:4552: $? = 0
configure:4549: gcc -c conftest.c -o conftest2.o
configure:4552: $? = 0
configure:4564: result: yes
configure:4583: checking dependency style of gcc
configure:4695: result: gcc3
configure:4853: checking for gfortran
configure:4874: found /usr/bin/gfortran
configure:4885: result: gfortran
configure:4911: checking for Fortran 77 compiler version
configure:4920: gfortran --version >&5
GNU Fortran (Ubuntu 9.4.0-1ubuntu1~20.04.2) 9.4.0
Copyright (C) 2019 Free Software Foundation, Inc.
This is free software; see the source for copying conditions.  There is NO
warranty; not even for MERCHANTABILITY or FITNESS FOR A PARTICULAR PURPOSE.

configure:4931: $? = 0
configure:4920: gfortran -v >&5
Using built-in specs.
COLLECT_GCC=gfortran
COLLECT_LTO_WRAPPER=/usr/lib/gcc/x86_64-linux-gnu/9/lto-wrapper
OFFLOAD_TARGET_NAMES=nvptx-none:hsa
OFFLOAD_TARGET_DEFAULT=1
Target: x86_64-linux-gnu
Configured with: ../src/configure -v --with-pkgversion='Ubuntu 9.4.0-1ubuntu1~20.04.2' --with-bugurl=file:///usr/share/doc/gcc-9/README.Bugs --enable-languages=c,ada,c++,go,brig,d,fortran,objc,obj-c++,gm2 --prefix=/usr --with-gcc-major-version-only --program-suffix=-9 --program-prefix=x86_64-linux-gnu- --enable-shared --enable-linker-build-id --libexecdir=/usr/lib --without-included-gettext --enable-threads=posix --libdir=/usr/lib --enable-nls --enable-clocale=gnu --enable-libstdcxx-debug --enable-libstdcxx-time=yes --with-default-libstdcxx-abi=new --enable-gnu-unique-object --disable-vtable-verify --enable-plugin --enable-default-pie --with-system-zlib --with-target-system-zlib=auto --enable-objc-gc=auto --enable-multiarch --disable-werror --with-arch-32=i686 --with-abi=m64 --with-multilib-list=m32,m64,mx32 --enable-multilib --with-tune=generic --enable-offload-targets=nvptx-none=/build/gcc-9-9QDOt0/gcc-9-9.4.0/debian/tmp-nvptx/usr,hsa --without-cuda-driver --enable-checking=release --build=x86_64-linux-gnu --host=x86_64-linux-gnu --target=x86_64-linux-gnu
Thread model: posix
gcc version 9.4.0 (Ubuntu 9.4.0-1ubuntu1~20.04.2) 
configure:4931: $? = 0
configure:4920: gfortran -V >&5
gfortran: error: unrecognized command line option '-V'
gfortran: fatal error: no input files
compilation terminated.
configure:4931: $? = 1
configure:4920: gfortran -qversion >&5
gfortran: error: unrecognized command line option '-qversion'; did you mean '--version'?
gfortran: fatal error: no input files
compilation terminated.
configure:4931: $? = 1
configure:4940: checking whether the compiler supports GNU Fortran 77
configure:4954: gfortran -c -O2  conftest.F >&5
configure:4954: $? = 0
configure:4964: result: yes
configure:4972: checking whether gfortran accepts -g
configure:4984: gfortran -c -g conftest.f >&5
configure:4984: $? = 0
configure:4993: result: yes
configure:5049: checking how to get verbose linking output from gfortran
configure:5060: gfortran -c -O2  conftest.f >&5
configure:5060: $? = 0
configure:5079: gfortran -o conftest -O2 -v conftest.f
Using built-in specs.
Target: x86_64-linux-gnu
Thread model: posix
gcc version 9.4.0 (Ubuntu 9.4.0-1ubuntu1~20.04.2) 
 /usr/lib/gcc/x86_64-linux-gnu/9/f951 conftest.f -ffixed-form -quiet -dumpbase conftest.f -mtune=generic -march=x86-64 -auxbase conftest -O2 -version -fintrinsic-modules-path /usr/lib/gcc/x86_64-linux-gnu/9/finclude -fpre-include=/usr/include/finclude/math-vector-fortran.h -o /tmp/ccBKC7Yl.s
GNU Fortran (Ubuntu 9.4.0-1ubuntu1~20.04.2) version 9.4.0 (x86_64-linux-gnu)
	compiled by GNU C version 9.4.0, GMP version 6.2.0, MPFR version 4.0.2, MPC version 1.1.0, isl version isl-0.22.1-GMP

GGC heuristics: --param ggc-min-expand=100 --param ggc-min-heapsize=131072
GNU Fortran2008 (Ubuntu 9.4.0-1ubuntu1~20.04.2) version 9.4.0 (x86_64-linux-gnu)
	compiled by GNU C version 9.4.0, GMP version 6.2.0, MPFR version 4.0.2, MPC version 1.1.0, isl version isl-0.22.1-GMP

GGC heuristics: --param ggc-min-expand=100 --param ggc-min-heapsize=131072
 as -v --64 -o /tmp/ccONpEtk.o /tmp/ccBKC7Yl.s
GNU assembler version 2.34 (x86_64-linux-gnu) using BFD version (GNU Binutils for Ubuntu) 2.34
Reading specs from /usr/lib/gcc/x86_64-linux-gnu/9/libgfortran.spec
rename spec lib to liborig
 /usr/lib/gcc/x86_64-linux-gnu/9/collect2 -plugin /usr/lib/gcc/x86_64-linux-gnu/9/liblto_plugin.so -plugin-opt=/usr/lib/gcc/x86_64-linux-gnu/9/lto-wrapper -plugin-opt=-fresolution=/tmp/ccvUH2dk.res -plugin-opt=-pass-through=-lgcc_s -plugin-opt=-pass-through=-lgcc -plugin-opt=-pass-through=-lquadmath -plugin-opt=-pass-through=-lm -plugin-opt=-pass-through=-lgcc_s -plugin-opt=-pass-through=-lgcc -plugin-opt=-pass-through=-lc -plugin-opt=-pass-through=-lgcc_s -plugin-opt=-pass-through=-lgcc --build-id --eh-frame-hdr -m elf_x86_64 --hash-style=gnu --as-needed -dynamic-linker /lib64/ld-linux-x86-64.so.2 -pie -z now -z relro -o conftest /usr/lib/gcc/x86_64-linux-gnu/9/../../../x86_64-linux-gnu/Scrt1.o /usr/lib/gcc/x86_64-linux-gnu/9/../../../x86_64-linux-gnu/crti.o /usr/lib/gcc/x86_64-linux-gnu/9/crtbeginS.o -L/usr/lib/gcc/x86_64-linux-gnu/9 -L/usr/lib/gcc/x86_64-linux-gnu/9/../../../x86_64-linux-gnu -L/usr/lib/gcc/x86_64-linux-gnu/9/../../../../lib -L/lib/x86_64-linux-gnu -L/lib/../lib -L/usr/lib/x86_64-linux-gnu -L/usr/lib/../lib -L/usr/lib/gcc/x86_64-linux-gnu/9/../../.. /tmp/ccONpEtk.o -lgfortran -lm -lgcc_s -lgcc -lquadmath -lm -lgcc_s -lgcc -lc -lgcc_s -lgcc /usr/lib/gcc/x86_64-linux-gnu/9/crtendS.o /usr/lib/gcc/x86_64-linux-gnu/9/../../../x86_64-linux-gnu/crtn.o
configure:5162: result: -v
configure:5164: checking for Fortran 77 libraries of gfortran
configure:5188: gfortran -o conftest -O2 -v conftest.f
Using built-in specs.
Target: x86_64-linux-gnu
Thread model: posix
gcc version 9.4.0 (Ubuntu 9.4.0-1ubuntu1~20.04.2) 
 /usr/lib/gcc/x86_64-linux-gnu/9/f951 conftest.f -ffixed-form -quiet -dumpbase conftest.f -mtune=generic -march=x86-64 -auxbase conftest -O2 -version -fintrinsic-modules-path /usr/lib/gcc/x86_64-linux-gnu/9/finclude -fpre-include=/usr/include/finclude/math-vector-fortran.h -o /tmp/ccW8tJju.s
GNU Fortran (Ubuntu 9.4.0-1ubuntu1~20.04.2) version 9.4.0 (x86_64-linux-gnu)
	compiled by GNU C version 9.4.0, GMP version 6.2.0, MPFR version 4.0.2, MPC version 1.1.0, isl version isl-0.22.1-GMP

GGC heuristics: --param ggc-min-expand=100 --param ggc-min-heapsize=131072
GNU Fortran2008 (Ubuntu 9.4.0-1ubuntu1~20.04.2) version 9.4.0 (x86_64-linux-gnu)
	compiled by GNU C version 9.4.0, GMP version 6.2.0, MPFR version 4.0.2, MPC version 1.1.0, isl version isl-0.22.1-GMP

GGC heuristics: --param ggc-min-expand=100 --param ggc-min-heapsize=131072
 as -v --64 -o /tmp/ccHG5nWs.o /tmp/ccW8tJju.s
GNU assembler version 2.34 (x86_64-linux-gnu) using BFD version (GNU Binutils for Ubuntu) 2.34
Reading specs from /usr/lib/gcc/x86_64-linux-gnu/9/libgfortran.spec
rename spec lib to liborig
 /usr/lib/gcc/x86_64-linux-gnu/9/collect2 -plugin /usr/lib/gcc/x86_64-linux-gnu/9/liblto_plugin.so -plugin-opt=/usr/lib/gcc/x86_64-linux-gnu/9/lto-wrapper -plugin-opt=-fresolution=/tmp/ccxO6j2s.res -plugin-opt=-pass-through=-lgcc_s -plugin-opt=-pass-through=-lgcc -plugin-opt=-pass-through=-lquadmath -plugin-opt=-pass-through=-lm -plugin-opt=-pass-through=-lgcc_s -plugin-opt=-pass-through=-lgcc -plugin-opt=-pass-through=-lc -plugin-opt=-pass-through=-lgcc_s -plugin-opt=-pass-through=-lgcc --build-id --eh-frame-hdr -m elf_x86_64 --hash-style=gnu --as-needed -dynamic-linker /lib64/ld-linux-x86-64.so.2 -pie -z now -z relro -o conftest /usr/lib/gcc/x86_64-linux-gnu/9/../../../x86_64-linux-gnu/Scrt1.o /usr/lib/gcc/x86_64-linux-gnu/9/../../../x86_64-linux-gnu/crti.o /usr/lib/gcc/x86_64-linux-gnu/9/crtbeginS.o -L/usr/lib/gcc/x86_64-linux-gnu/9 -L/usr/lib/gcc/x86_64-linux-gnu/9/../../../x86_64-linux-gnu -L/usr/lib/gcc/x86_64-linux-gnu/9/../../../../lib -L/lib/x86_64-linux-gnu -L/lib/../lib -L/usr/lib/x86_64-linux-gnu -L/usr/lib/../lib -L/usr/lib/gcc/x86_64-linux-gnu/9/../../.. /tmp/ccHG5nWs.o -lgfortran -lm -lgcc_s -lgcc -lquadmath -lm -lgcc_s -lgcc -lc -lgcc_s -lgcc /usr/lib/gcc/x86_64-linux-gnu/9/crtendS.o /usr/lib/gcc/x86_64-linux-gnu/9/../../../x86_64-linux-gnu/crtn.o
configure:5404: result:  -L/usr/lib/gcc/x86_64-linux-gnu/9 -L/usr/lib/gcc/x86_64-linux-gnu/9/../../../x86_64-linux-gnu -L/usr/lib/gcc/x86_64-linux-gnu/9/../../../../lib -L/lib/x86_64-linux-gnu -L/lib/../lib -L/usr/lib/x86_64-linux-gnu -L/usr/lib/../lib -L/usr/lib/gcc/x86_64-linux-gnu/9/../../.. -lgfortran -lm -lquadmath
configure:5421: checking for dummy main to link with Fortran 77 libraries
configure:5456: gcc -o conftest -O2 -DNDEBUG    conftest.c   -L/usr/lib/gcc/x86_64-linux-gnu/9 -L/usr/lib/gcc/x86_64-linux-gnu/9/../../../x86_64-linux-gnu -L/usr/lib/gcc/x86_64-linux-gnu/9/../../../../lib -L/lib/x86_64-linux-gnu -L/lib/../lib -L/usr/lib/x86_64-linux-gnu -L/usr/lib/../lib -L/usr/lib/gcc/x86_64-linux-gnu/9/../../.. -lgfortran -lm -lquadmath >&5
configure:5456: $? = 0
configure:5503: result: none
configure:5535: checking for Fortran 77 name-mangling scheme
configure:5549: gfortran -c -O2  conftest.f >&5
configure:5549: $? = 0
configure:5588: gcc -o conftest -O2 -DNDEBUG    conftest.c cfortran_test.o   -L/usr/lib/gcc/x86_64-linux-gnu/9 -L/usr/lib/gcc/x86_64-linux-gnu/9/../../../x86_64-linux-gnu -L/usr/lib/gcc/x86_64-linux-gnu/9/../../../../lib -L/lib/x86_64-linux-gnu -L/lib/../lib -L/usr/lib/x86_64-linux-gnu -L/usr/lib/../lib -L/usr/lib/gcc/x86_64-linux-gnu/9/../../.. -lgfortran -lm -lquadmath >&5
/usr/bin/ld: /tmp/ccukZKm6.o: in function `main':
conftest.c:(.text.startup+0xb): undefined reference to `foobar'
collect2: error: ld returned 1 exit status
configure:5588: $? = 1
configure: failed program was:
| /* confdefs.h */
| #define PACKAGE_NAME "CoinHSL"
| #define PACKAGE_TARNAME "coinhsl"
| #define PACKAGE_VERSION "2.2.4"
| #define PACKAGE_STRING "CoinHSL 2.2.4"
| #define PACKAGE_BUGREPORT "https://github.com/coin-or-tools/ThirdParty-HSL/issues/new"
| #define PACKAGE_URL "https://github.com/coin-or-tools/ThirdParty-HSL"
| #define COINHSL_VERSION "2.2.4"
| #define COINHSL_VERSION_MAJOR 2
| #define COINHSL_VERSION_MINOR 2
| #define COINHSL_VERSION_RELEASE 4
| /* end confdefs.h.  */
| 
| /* Override any GCC internal prototype to avoid an error.
|    Use char because int might match the return type of a GCC
|    builtin and then its argument prototype would still apply.  */
| char foobar ();
| #ifdef F77_DUMMY_MAIN
| 
| #  ifdef __cplusplus
|      extern "C"
| #  endif
|    int F77_DUMMY_MAIN() { return 1; }
| 
| #endif
| int
| main (void)
| {
| return foobar ();
|   ;
|   return 0;
| }
configure:5588: gcc -o conftest -O2 -DNDEBUG    conftest.c cfortran_test.o   -L/usr/lib/gcc/x86_64-linux-gnu/9 -L/usr/lib/gcc/x86_64-linux-gnu/9/../../../x86_64-linux-gnu -L/usr/lib/gcc/x86_64-linux-gnu/9/../../../../lib -L/lib/x86_64-linux-gnu -L/lib/../lib -L/usr/lib/x86_64-linux-gnu -L/usr/lib/../lib -L/usr/lib/gcc/x86_64-linux-gnu/9/../../.. -lgfortran -lm -lquadmath >&5
configure:5588: $? = 0
configure:5644: gcc -o conftest -O2 -DNDEBUG    conftest.c cfortran_test.o   -L/usr/lib/gcc/x86_64-linux-gnu/9 -L/usr/lib/gcc/x86_64-linux-gnu/9/../../../x86_64-linux-gnu -L/usr/lib/gcc/x86_64-linux-gnu/9/../../../../lib -L/lib/x86_64-linux-gnu -L/lib/../lib -L/usr/lib/x86_64-linux-gnu -L/usr/lib/../lib -L/usr/lib/gcc/x86_64-linux-gnu/9/../../.. -lgfortran -lm -lquadmath >&5
configure:5644: $? = 0
configure:5687: result: lower case, underscore, no extra underscore
configure:5760: checking whether gfortran understands -c and -o together
configure:5779: gfortran -O2  -c conftest.f -o conftest2.o >&5
configure:5783: $? = 0
configure:5790: gfortran -O2  -c conftest.f -o conftest2.o >&5
configure:5794: $? = 0
configure:5802: result: yes
configure:5942: checking for gfortran
configure:5963: found /usr/bin/gfortran
configure:5974: result: gfortran
configure:6000: checking for Fortran compiler version
configure:6009: gfortran --version >&5
GNU Fortran (Ubuntu 9.4.0-1ubuntu1~20.04.2) 9.4.0
Copyright (C) 2019 Free Software Foundation, Inc.
This is free software; see the source for copying conditions.  There is NO
warranty; not even for MERCHANTABILITY or FITNESS FOR A PARTICULAR PURPOSE.

configure:6020: $? = 0
configure:6009: gfortran -v >&5
Using built-in specs.
COLLECT_GCC=gfortran
COLLECT_LTO_WRAPPER=/usr/lib/gcc/x86_64-linux-gnu/9/lto-wrapper
OFFLOAD_TARGET_NAMES=nvptx-none:hsa
OFFLOAD_TARGET_DEFAULT=1
Target: x86_64-linux-gnu
Configured with: ../src/configure -v --with-pkgversion='Ubuntu 9.4.0-1ubuntu1~20.04.2' --with-bugurl=file:///usr/share/doc/gcc-9/README.Bugs --enable-languages=c,ada,c++,go,brig,d,fortran,objc,obj-c++,gm2 --prefix=/usr --with-gcc-major-version-only --program-suffix=-9 --program-prefix=x86_64-linux-gnu- --enable-shared --enable-linker-build-id --libexecdir=/usr/lib --without-included-gettext --enable-threads=posix --libdir=/usr/lib --enable-nls --enable-clocale=gnu --enable-libstdcxx-debug --enable-libstdcxx-time=yes --with-default-libstdcxx-abi=new --enable-gnu-unique-object --disable-vtable-verify --enable-plugin --enable-default-pie --with-system-zlib --with-target-system-zlib=auto --enable-objc-gc=auto --enable-multiarch --disable-werror --with-arch-32=i686 --with-abi=m64 --with-multilib-list=m32,m64,mx32 --enable-multilib --with-tune=generic --enable-offload-targets=nvptx-none=/build/gcc-9-9QDOt0/gcc-9-9.4.0/debian/tmp-nvptx/usr,hsa --without-cuda-driver --enable-checking=release --build=x86_64-linux-gnu --host=x86_64-linux-gnu --target=x86_64-linux-gnu
Thread model: posix
gcc version 9.4.0 (Ubuntu 9.4.0-1ubuntu1~20.04.2) 
configure:6020: $? = 0
configure:6009: gfortran -V >&5
gfortran: error: unrecognized command line option '-V'
gfortran: fatal error: no input files
compilation terminated.
configure:6020: $? = 1
configure:6009: gfortran -qversion >&5
gfortran: error: unrecognized command line option '-qversion'; did you mean '--version'?
gfortran: fatal error: no input files
compilation terminated.
configure:6020: $? = 1
configure:6029: checking whether the compiler supports GNU Fortran
configure:6043: gfortran -c -O2   conftest.F >&5
configure:6043: $? = 0
configure:6053: result: yes
configure:6061: checking whether gfortran accepts -g
configure:6073: gfortran -c -g  conftest.f >&5
configure:6073: $? = 0
configure:6082: result: yes
configure:6119: checking whether gfortran understands -c and -o together
configure:6138: gfortran -O2  -c conftest.f -o conftest2.o >&5
configure:6142: $? = 0
configure:6149: gfortran -O2  -c conftest.f -o conftest2.o >&5
configure:6153: $? = 0
configure:6161: result: yes
configure:6231: checking how to print strings
configure:6258: result: printf
configure:6279: checking for a sed that does not truncate output
configure:6349: result: /usr/bin/sed
configure:6367: checking for grep that handles long lines and -e
configure:6431: result: /usr/bin/grep
configure:6436: checking for egrep
configure:6504: result: /usr/bin/grep -E
configure:6509: checking for fgrep
configure:6577: result: /usr/bin/grep -F
configure:6613: checking for ld used by gcc
configure:6681: result: /usr/bin/ld
configure:6688: checking if the linker (/usr/bin/ld) is GNU ld
configure:6704: result: yes
configure:6716: checking for BSD- or MS-compatible name lister (nm)
configure:6771: result: /usr/bin/nm -B
configure:6911: checking the name lister (/usr/bin/nm -B) interface
configure:6919: gcc -c -O2 -DNDEBUG   conftest.c >&5
configure:6922: /usr/bin/nm -B "conftest.o"
configure:6925: output
0000000000000000 B some_variable
configure:6926: result: BSD nm
configure:6929: checking whether ln -s works
configure:6933: result: yes
configure:6941: checking the maximum length of command line arguments
configure:7073: result: 1572864
configure:7121: checking how to convert x86_64-pc-linux-gnu file names to x86_64-pc-linux-gnu format
configure:7162: result: func_convert_file_noop
configure:7169: checking how to convert x86_64-pc-linux-gnu file names to toolchain format
configure:7190: result: func_convert_file_noop
configure:7197: checking for /usr/bin/ld option to reload object files
configure:7205: result: -r
configure:7284: checking for file
configure:7305: found /usr/bin/file
configure:7316: result: file
configure:7392: checking for objdump
configure:7413: found /usr/bin/objdump
configure:7424: result: objdump
configure:7456: checking how to recognize dependent libraries
configure:7657: result: pass_all
configure:7747: checking for dlltool
configure:7782: result: no
configure:7812: checking how to associate runtime and link libraries
configure:7840: result: printf %s\n
configure:7905: checking for ar
configure:7926: found /usr/bin/ar
configure:7937: result: ar
configure:7990: checking for archiver @FILE support
configure:8016: gcc -c -O2 -DNDEBUG   conftest.c >&5
configure:8016: $? = 0
configure:8020: ar cr libconftest.a @conftest.lst >&5
configure:8023: $? = 0
configure:8028: ar cr libconftest.a @conftest.lst >&5
ar: conftest.o: No such file or directory
configure:8031: $? = 1
configure:8030: result: @
configure:8093: checking for strip
configure:8114: found /usr/bin/strip
configure:8125: result: strip
configure:8202: checking for ranlib
configure:8223: found /usr/bin/ranlib
configure:8234: result: ranlib
configure:8336: checking command to parse /usr/bin/nm -B output from gcc object
configure:8490: gcc -c -O2 -DNDEBUG   conftest.c >&5
configure:8493: $? = 0
configure:8497: /usr/bin/nm -B conftest.o \| /usr/bin/sed -n -e 's/^.*[ ]\([ABCDGIRSTW][ABCDGIRSTW]*\)[ ][ ]*\([_A-Za-z][_A-Za-z0-9]*\)$/\1 \2 \2/p' | /usr/bin/sed '/ __gnu_lto/d' \> conftest.nm
configure:8500: $? = 0
configure:8566: gcc -o conftest -O2 -DNDEBUG    conftest.c conftstm.o >&5
configure:8569: $? = 0
configure:8607: result: ok
configure:8654: checking for sysroot
configure:8685: result: no
configure:8692: checking for a working dd
configure:8736: result: /usr/bin/dd
configure:8740: checking how to truncate binary pipes
configure:8756: result: /usr/bin/dd bs=4096 count=1
configure:8893: gcc -c -O2 -DNDEBUG   conftest.c >&5
configure:8896: $? = 0
configure:9101: checking for mt
configure:9122: found /usr/bin/mt
configure:9133: result: mt
configure:9156: checking if mt is a manifest tool
configure:9163: mt '-?'
configure:9171: result: no
configure:9904: checking for stdio.h
configure:9904: gcc -c -O2 -DNDEBUG   conftest.c >&5
configure:9904: $? = 0
configure:9904: result: yes
configure:9904: checking for stdlib.h
configure:9904: gcc -c -O2 -DNDEBUG   conftest.c >&5
configure:9904: $? = 0
configure:9904: result: yes
configure:9904: checking for string.h
configure:9904: gcc -c -O2 -DNDEBUG   conftest.c >&5
configure:9904: $? = 0
configure:9904: result: yes
configure:9904: checking for inttypes.h
configure:9904: gcc -c -O2 -DNDEBUG   conftest.c >&5
configure:9904: $? = 0
configure:9904: result: yes
configure:9904: checking for stdint.h
configure:9904: gcc -c -O2 -DNDEBUG   conftest.c >&5
configure:9904: $? = 0
configure:9904: result: yes
configure:9904: checking for strings.h
configure:9904: gcc -c -O2 -DNDEBUG   conftest.c >&5
configure:9904: $? = 0
configure:9904: result: yes
configure:9904: checking for sys/stat.h
configure:9904: gcc -c -O2 -DNDEBUG   conftest.c >&5
configure:9904: $? = 0
configure:9904: result: yes
configure:9904: checking for sys/types.h
configure:9904: gcc -c -O2 -DNDEBUG   conftest.c >&5
configure:9904: $? = 0
configure:9904: result: yes
configure:9904: checking for unistd.h
configure:9904: gcc -c -O2 -DNDEBUG   conftest.c >&5
configure:9904: $? = 0
configure:9904: result: yes
configure:9929: checking for dlfcn.h
configure:9929: gcc -c -O2 -DNDEBUG   conftest.c >&5
configure:9929: $? = 0
configure:9929: result: yes
configure:10062: checking the archiver (ar) interface
configure:10079: gcc -c -O2 -DNDEBUG   conftest.c >&5
configure:10079: $? = 0
configure:10082: ar cru libconftest.a conftest.o >&5
ar: `u' modifier ignored since `D' is the default (see `U')
configure:10085: $? = 0
configure:10084: result: ar
configure:10354: checking for objdir
configure:10370: result: .libs
configure:10630: checking if gcc supports -fno-rtti -fno-exceptions
configure:10649: gcc -c -O2 -DNDEBUG   -fno-rtti -fno-exceptions conftest.c >&5
cc1: warning: command line option '-fno-rtti' is valid for C++/D/ObjC++ but not for C
configure:10653: $? = 0
configure:10666: result: no
configure:11024: checking for gcc option to produce PIC
configure:11032: result: -fPIC -DPIC
configure:11040: checking if gcc PIC flag -fPIC -DPIC works
configure:11059: gcc -c -O2 -DNDEBUG   -fPIC -DPIC -DPIC conftest.c >&5
configure:11063: $? = 0
configure:11076: result: yes
configure:11105: checking if gcc static flag -static works
configure:11134: result: yes
configure:11149: checking if gcc supports -c -o file.o
configure:11171: gcc -c -O2 -DNDEBUG   -o out/conftest2.o conftest.c >&5
configure:11175: $? = 0
configure:11197: result: yes
configure:11205: checking if gcc supports -c -o file.o
configure:11253: result: yes
configure:11286: checking whether the gcc linker (/usr/bin/ld -m elf_x86_64) supports shared libraries
configure:12570: result: yes
configure:12607: checking whether -lc should be explicitly linked in
configure:12616: gcc -c -O2 -DNDEBUG   conftest.c >&5
configure:12619: $? = 0
configure:12634: gcc -shared  -fPIC -DPIC conftest.o  -v -Wl,-soname -Wl,conftest -o conftest 2\>\&1 \| /usr/bin/grep  -lc  \>/dev/null 2\>\&1
configure:12637: $? = 0
configure:12651: result: no
configure:12811: checking dynamic linker characteristics
configure:13401: gcc -o conftest -O2 -DNDEBUG    -Wl,-rpath -Wl,/foo conftest.c  >&5
configure:13401: $? = 0
configure:13640: result: GNU/Linux ld.so
configure:13762: checking how to hardcode library paths into programs
configure:13787: result: immediate
configure:14379: checking whether stripping libraries is possible
configure:14388: result: yes
configure:14430: checking if libtool supports shared libraries
configure:14432: result: yes
configure:14435: checking whether to build shared libraries
configure:14460: result: yes
configure:14463: checking whether to build static libraries
configure:14467: result: no
configure:11283: checking if libtool supports shared libraries
configure:11285: result: yes
configure:11288: checking whether to build shared libraries
configure:11312: result: yes
configure:11315: checking whether to build static libraries
configure:11319: result: no
configure:11671: checking for gfortran option to produce PIC
configure:11679: result: -fPIC
configure:11687: checking if gfortran PIC flag -fPIC works
configure:11706: gfortran -c -O2  -fPIC conftest.f >&5
configure:11710: $? = 0
configure:11723: result: yes
configure:11746: checking if gfortran static flag -static works
configure:11775: result: yes
configure:11787: checking if gfortran supports -c -o file.o
configure:11809: gfortran -c -O2  -o out/conftest2.o conftest.f >&5
configure:11813: $? = 0
configure:11835: result: yes
configure:11840: checking if gfortran supports -c -o file.o
configure:11888: result: yes
configure:11918: checking whether the gfortran linker (/usr/bin/ld -m elf_x86_64) supports shared libraries
configure:13135: result: yes
configure:13277: checking dynamic linker characteristics
configure:14019: result: GNU/Linux ld.so
configure:14084: checking how to hardcode library paths into programs
configure:14109: result: immediate
configure:11923: checking if libtool supports shared libraries
configure:11925: result: yes
configure:11928: checking whether to build shared libraries
configure:11952: result: yes
configure:11955: checking whether to build static libraries
configure:11959: result: no
configure:11993: gfortran -c -O2   conftest.f >&5
configure:11996: $? = 0
configure:12474: checking for gfortran option to produce PIC
configure:12482: result: -fPIC
configure:12490: checking if gfortran PIC flag -fPIC works
configure:12509: gfortran -c -O2  -fPIC  conftest.f >&5
configure:12513: $? = 0
configure:12526: result: yes
configure:12549: checking if gfortran static flag -static works
configure:12578: result: yes
configure:12590: checking if gfortran supports -c -o file.o
configure:12612: gfortran -c -O2  -o out/conftest2.o  conftest.f >&5
configure:12616: $? = 0
configure:12638: result: yes
configure:12643: checking if gfortran supports -c -o file.o
configure:12691: result: yes
configure:12721: checking whether the gfortran linker (/usr/bin/ld -m elf_x86_64) supports shared libraries
configure:13938: result: yes
configure:14080: checking dynamic linker characteristics
configure:14822: result: GNU/Linux ld.so
configure:14887: checking how to hardcode library paths into programs
configure:14912: result: immediate
configure:12658: libtool version info: -version-number 2:2:4
configure:12740: checking for pkgconf
configure:12775: result: no
configure:12740: checking for pkg-config
configure:12761: found /usr/bin/pkg-config
configure:12772: result: pkg-config
configure:12799: checking pkg-config is at least version 0.16.0
configure:12803: result: yes: 0.29.1
configure:12839: pkg-config path is "/usr/local/lib/pkgconfig:"
configure:12853: checking for MC19
configure:12863: result: yes
configure:12874: checking for MA27
configure:12884: result: yes
configure:12895: checking for MA28
configure:12905: result: yes
configure:12916: checking for MA57
configure:12926: result: no
configure:12938: checking for MA77
configure:12948: result: no
configure:12963: checking for MA86
configure:12973: result: no
configure:12988: checking for MA97
configure:12998: result: no
configure:13013: checking for MC19S
configure:13023: result: yes
configure:13034: checking for MA27S
configure:13044: result: yes
configure:13055: checking for MA28S
configure:13065: result: yes
configure:13076: checking for MA57S
configure:13086: result: no
configure:13098: checking for MA77S
configure:13108: result: no
configure:13123: checking for MA86S
configure:13133: result: no
configure:13148: checking for MA97S
configure:13158: result: no
configure:13175: checking for C interface to MC68
configure:13183: result: no
configure:13198: checking for deps.f
configure:13203: result: yes
configure:13244: checking for LAPACK
configure:13419: gcc -o conftest -O2 -DNDEBUG    conftest.c -lmkl_intel_lp64 -lmkl_sequential -lmkl_core -lm  >&5
/usr/bin/ld: cannot find -lmkl_intel_lp64
/usr/bin/ld: cannot find -lmkl_sequential
/usr/bin/ld: cannot find -lmkl_core
collect2: error: ld returned 1 exit status
configure:13419: $? = 1
configure: failed program was:
| /* confdefs.h */
| #define PACKAGE_NAME "CoinHSL"
| #define PACKAGE_TARNAME "coinhsl"
| #define PACKAGE_VERSION "2.2.4"
| #define PACKAGE_STRING "CoinHSL 2.2.4"
| #define PACKAGE_BUGREPORT "https://github.com/coin-or-tools/ThirdParty-HSL/issues/new"
| #define PACKAGE_URL "https://github.com/coin-or-tools/ThirdParty-HSL"
| #define COINHSL_VERSION "2.2.4"
| #define COINHSL_VERSION_MAJOR 2
| #define COINHSL_VERSION_MINOR 2
| #define COINHSL_VERSION_RELEASE 4
| #define F77_FUNC(name,NAME) name ## _
| #define F77_FUNC_(name,NAME) name ## _
| #define HAVE_STDIO_H 1
| #define HAVE_STDLIB_H 1
| #define HAVE_STRING_H 1
| #define HAVE_INTTYPES_H 1
| #define HAVE_STDINT_H 1
| #define HAVE_STRINGS_H 1
| #define HAVE_SYS_STAT_H 1
| #define HAVE_SYS_TYPES_H 1
| #define HAVE_UNISTD_H 1
| #define STDC_HEADERS 1
| #define HAVE_DLFCN_H 1
| #define LT_OBJDIR ".libs/"
| #define COINHSL_HAS_MC19 1
| #define COINHSL_HAS_MA27 1
| #define COINHSL_HAS_MA28 1
| #define COINHSL_HAS_MC19S 1
| #define COINHSL_HAS_MA27S 1
| #define COINHSL_HAS_MA28S 1
| /* end confdefs.h.  */
| 
| /* Override any GCC internal prototype to avoid an error.
|    Use char because int might match the return type of a GCC
|    builtin and then its argument prototype would still apply.  */
| char dsyev_ ();
| #ifdef F77_DUMMY_MAIN
| 
| #  ifdef __cplusplus
|      extern "C"
| #  endif
|    int F77_DUMMY_MAIN() { return 1; }
| 
| #endif
| int
| main (void)
| {
| return dsyev_ ();
|   ;
|   return 0;
| }
configure:13419: gcc -o conftest -O2 -DNDEBUG    conftest.c -lmkl_intel_lp64 -lmkl_sequential -lmkl_core -lm  >&5
/usr/bin/ld: cannot find -lmkl_intel_lp64
/usr/bin/ld: cannot find -lmkl_sequential
/usr/bin/ld: cannot find -lmkl_core
collect2: error: ld returned 1 exit status
configure:13419: $? = 1
configure: failed program was:
| /* confdefs.h */
| #define PACKAGE_NAME "CoinHSL"
| #define PACKAGE_TARNAME "coinhsl"
| #define PACKAGE_VERSION "2.2.4"
| #define PACKAGE_STRING "CoinHSL 2.2.4"
| #define PACKAGE_BUGREPORT "https://github.com/coin-or-tools/ThirdParty-HSL/issues/new"
| #define PACKAGE_URL "https://github.com/coin-or-tools/ThirdParty-HSL"
| #define COINHSL_VERSION "2.2.4"
| #define COINHSL_VERSION_MAJOR 2
| #define COINHSL_VERSION_MINOR 2
| #define COINHSL_VERSION_RELEASE 4
| #define F77_FUNC(name,NAME) name ## _
| #define F77_FUNC_(name,NAME) name ## _
| #define HAVE_STDIO_H 1
| #define HAVE_STDLIB_H 1
| #define HAVE_STRING_H 1
| #define HAVE_INTTYPES_H 1
| #define HAVE_STDINT_H 1
| #define HAVE_STRINGS_H 1
| #define HAVE_SYS_STAT_H 1
| #define HAVE_SYS_TYPES_H 1
| #define HAVE_UNISTD_H 1
| #define STDC_HEADERS 1
| #define HAVE_DLFCN_H 1
| #define LT_OBJDIR ".libs/"
| #define COINHSL_HAS_MC19 1
| #define COINHSL_HAS_MA27 1
| #define COINHSL_HAS_MA28 1
| #define COINHSL_HAS_MC19S 1
| #define COINHSL_HAS_MA27S 1
| #define COINHSL_HAS_MA28S 1
| /* end confdefs.h.  */
| 
| /* Override any GCC internal prototype to avoid an error.
|    Use char because int might match the return type of a GCC
|    builtin and then its argument prototype would still apply.  */
| char dsyev ();
| #ifdef F77_DUMMY_MAIN
| 
| #  ifdef __cplusplus
|      extern "C"
| #  endif
|    int F77_DUMMY_MAIN() { return 1; }
| 
| #endif
| int
| main (void)
| {
| return dsyev ();
|   ;
|   return 0;
| }
configure:13419: gcc -o conftest -O2 -DNDEBUG    conftest.c -lmkl_intel_lp64 -lmkl_sequential -lmkl_core -lm  >&5
/usr/bin/ld: cannot find -lmkl_intel_lp64
/usr/bin/ld: cannot find -lmkl_sequential
/usr/bin/ld: cannot find -lmkl_core
collect2: error: ld returned 1 exit status
configure:13419: $? = 1
configure: failed program was:
| /* confdefs.h */
| #define PACKAGE_NAME "CoinHSL"
| #define PACKAGE_TARNAME "coinhsl"
| #define PACKAGE_VERSION "2.2.4"
| #define PACKAGE_STRING "CoinHSL 2.2.4"
| #define PACKAGE_BUGREPORT "https://github.com/coin-or-tools/ThirdParty-HSL/issues/new"
| #define PACKAGE_URL "https://github.com/coin-or-tools/ThirdParty-HSL"
| #define COINHSL_VERSION "2.2.4"
| #define COINHSL_VERSION_MAJOR 2
| #define COINHSL_VERSION_MINOR 2
| #define COINHSL_VERSION_RELEASE 4
| #define F77_FUNC(name,NAME) name ## _
| #define F77_FUNC_(name,NAME) name ## _
| #define HAVE_STDIO_H 1
| #define HAVE_STDLIB_H 1
| #define HAVE_STRING_H 1
| #define HAVE_INTTYPES_H 1
| #define HAVE_STDINT_H 1
| #define HAVE_STRINGS_H 1
| #define HAVE_SYS_STAT_H 1
| #define HAVE_SYS_TYPES_H 1
| #define HAVE_UNISTD_H 1
| #define STDC_HEADERS 1
| #define HAVE_DLFCN_H 1
| #define LT_OBJDIR ".libs/"
| #define COINHSL_HAS_MC19 1
| #define COINHSL_HAS_MA27 1
| #define COINHSL_HAS_MA28 1
| #define COINHSL_HAS_MC19S 1
| #define COINHSL_HAS_MA27S 1
| #define COINHSL_HAS_MA28S 1
| /* end confdefs.h.  */
| 
| /* Override any GCC internal prototype to avoid an error.
|    Use char because int might match the return type of a GCC
|    builtin and then its argument prototype would still apply.  */
| char DSYEV_ ();
| #ifdef F77_DUMMY_MAIN
| 
| #  ifdef __cplusplus
|      extern "C"
| #  endif
|    int F77_DUMMY_MAIN() { return 1; }
| 
| #endif
| int
| main (void)
| {
| return DSYEV_ ();
|   ;
|   return 0;
| }
configure:13419: gcc -o conftest -O2 -DNDEBUG    conftest.c -lmkl_intel_lp64 -lmkl_sequential -lmkl_core -lm  >&5
/usr/bin/ld: cannot find -lmkl_intel_lp64
/usr/bin/ld: cannot find -lmkl_sequential
/usr/bin/ld: cannot find -lmkl_core
collect2: error: ld returned 1 exit status
configure:13419: $? = 1
configure: failed program was:
| /* confdefs.h */
| #define PACKAGE_NAME "CoinHSL"
| #define PACKAGE_TARNAME "coinhsl"
| #define PACKAGE_VERSION "2.2.4"
| #define PACKAGE_STRING "CoinHSL 2.2.4"
| #define PACKAGE_BUGREPORT "https://github.com/coin-or-tools/ThirdParty-HSL/issues/new"
| #define PACKAGE_URL "https://github.com/coin-or-tools/ThirdParty-HSL"
| #define COINHSL_VERSION "2.2.4"
| #define COINHSL_VERSION_MAJOR 2
| #define COINHSL_VERSION_MINOR 2
| #define COINHSL_VERSION_RELEASE 4
| #define F77_FUNC(name,NAME) name ## _
| #define F77_FUNC_(name,NAME) name ## _
| #define HAVE_STDIO_H 1
| #define HAVE_STDLIB_H 1
| #define HAVE_STRING_H 1
| #define HAVE_INTTYPES_H 1
| #define HAVE_STDINT_H 1
| #define HAVE_STRINGS_H 1
| #define HAVE_SYS_STAT_H 1
| #define HAVE_SYS_TYPES_H 1
| #define HAVE_UNISTD_H 1
| #define STDC_HEADERS 1
| #define HAVE_DLFCN_H 1
| #define LT_OBJDIR ".libs/"
| #define COINHSL_HAS_MC19 1
| #define COINHSL_HAS_MA27 1
| #define COINHSL_HAS_MA28 1
| #define COINHSL_HAS_MC19S 1
| #define COINHSL_HAS_MA27S 1
| #define COINHSL_HAS_MA28S 1
| /* end confdefs.h.  */
| 
| /* Override any GCC internal prototype to avoid an error.
|    Use char because int might match the return type of a GCC
|    builtin and then its argument prototype would still apply.  */
| char DSYEV ();
| #ifdef F77_DUMMY_MAIN
| 
| #  ifdef __cplusplus
|      extern "C"
| #  endif
|    int F77_DUMMY_MAIN() { return 1; }
| 
| #endif
| int
| main (void)
| {
| return DSYEV ();
|   ;
|   return 0;
| }
configure:13419: gcc -o conftest -O2 -DNDEBUG    conftest.c -lmkl_intel_lp64 -lmkl_sequential -lmkl_core -lm  >&5
/usr/bin/ld: cannot find -lmkl_intel_lp64
/usr/bin/ld: cannot find -lmkl_sequential
/usr/bin/ld: cannot find -lmkl_core
collect2: error: ld returned 1 exit status
configure:13419: $? = 1
configure: failed program was:
| /* confdefs.h */
| #define PACKAGE_NAME "CoinHSL"
| #define PACKAGE_TARNAME "coinhsl"
| #define PACKAGE_VERSION "2.2.4"
| #define PACKAGE_STRING "CoinHSL 2.2.4"
| #define PACKAGE_BUGREPORT "https://github.com/coin-or-tools/ThirdParty-HSL/issues/new"
| #define PACKAGE_URL "https://github.com/coin-or-tools/ThirdParty-HSL"
| #define COINHSL_VERSION "2.2.4"
| #define COINHSL_VERSION_MAJOR 2
| #define COINHSL_VERSION_MINOR 2
| #define COINHSL_VERSION_RELEASE 4
| #define F77_FUNC(name,NAME) name ## _
| #define F77_FUNC_(name,NAME) name ## _
| #define HAVE_STDIO_H 1
| #define HAVE_STDLIB_H 1
| #define HAVE_STRING_H 1
| #define HAVE_INTTYPES_H 1
| #define HAVE_STDINT_H 1
| #define HAVE_STRINGS_H 1
| #define HAVE_SYS_STAT_H 1
| #define HAVE_SYS_TYPES_H 1
| #define HAVE_UNISTD_H 1
| #define STDC_HEADERS 1
| #define HAVE_DLFCN_H 1
| #define LT_OBJDIR ".libs/"
| #define COINHSL_HAS_MC19 1
| #define COINHSL_HAS_MA27 1
| #define COINHSL_HAS_MA28 1
| #define COINHSL_HAS_MC19S 1
| #define COINHSL_HAS_MA27S 1
| #define COINHSL_HAS_MA28S 1
| /* end confdefs.h.  */
| 
| /* Override any GCC internal prototype to avoid an error.
|    Use char because int might match the return type of a GCC
|    builtin and then its argument prototype would still apply.  */
| char dsyev__ ();
| #ifdef F77_DUMMY_MAIN
| 
| #  ifdef __cplusplus
|      extern "C"
| #  endif
|    int F77_DUMMY_MAIN() { return 1; }
| 
| #endif
| int
| main (void)
| {
| return dsyev__ ();
|   ;
|   return 0;
| }
configure:13419: gcc -o conftest -O2 -DNDEBUG    conftest.c -lmkl_intel_lp64 -lmkl_sequential -lmkl_core -lm  >&5
/usr/bin/ld: cannot find -lmkl_intel_lp64
/usr/bin/ld: cannot find -lmkl_sequential
/usr/bin/ld: cannot find -lmkl_core
collect2: error: ld returned 1 exit status
configure:13419: $? = 1
configure: failed program was:
| /* confdefs.h */
| #define PACKAGE_NAME "CoinHSL"
| #define PACKAGE_TARNAME "coinhsl"
| #define PACKAGE_VERSION "2.2.4"
| #define PACKAGE_STRING "CoinHSL 2.2.4"
| #define PACKAGE_BUGREPORT "https://github.com/coin-or-tools/ThirdParty-HSL/issues/new"
| #define PACKAGE_URL "https://github.com/coin-or-tools/ThirdParty-HSL"
| #define COINHSL_VERSION "2.2.4"
| #define COINHSL_VERSION_MAJOR 2
| #define COINHSL_VERSION_MINOR 2
| #define COINHSL_VERSION_RELEASE 4
| #define F77_FUNC(name,NAME) name ## _
| #define F77_FUNC_(name,NAME) name ## _
| #define HAVE_STDIO_H 1
| #define HAVE_STDLIB_H 1
| #define HAVE_STRING_H 1
| #define HAVE_INTTYPES_H 1
| #define HAVE_STDINT_H 1
| #define HAVE_STRINGS_H 1
| #define HAVE_SYS_STAT_H 1
| #define HAVE_SYS_TYPES_H 1
| #define HAVE_UNISTD_H 1
| #define STDC_HEADERS 1
| #define HAVE_DLFCN_H 1
| #define LT_OBJDIR ".libs/"
| #define COINHSL_HAS_MC19 1
| #define COINHSL_HAS_MA27 1
| #define COINHSL_HAS_MA28 1
| #define COINHSL_HAS_MC19S 1
| #define COINHSL_HAS_MA27S 1
| #define COINHSL_HAS_MA28S 1
| /* end confdefs.h.  */
| 
| /* Override any GCC internal prototype to avoid an error.
|    Use char because int might match the return type of a GCC
|    builtin and then its argument prototype would still apply.  */
| char dsyev_ ();
| #ifdef F77_DUMMY_MAIN
| 
| #  ifdef __cplusplus
|      extern "C"
| #  endif
|    int F77_DUMMY_MAIN() { return 1; }
| 
| #endif
| int
| main (void)
| {
| return dsyev_ ();
|   ;
|   return 0;
| }
configure:13419: gcc -o conftest -O2 -DNDEBUG    conftest.c -lmkl_intel_lp64 -lmkl_sequential -lmkl_core -lm  >&5
/usr/bin/ld: cannot find -lmkl_intel_lp64
/usr/bin/ld: cannot find -lmkl_sequential
/usr/bin/ld: cannot find -lmkl_core
collect2: error: ld returned 1 exit status
configure:13419: $? = 1
configure: failed program was:
| /* confdefs.h */
| #define PACKAGE_NAME "CoinHSL"
| #define PACKAGE_TARNAME "coinhsl"
| #define PACKAGE_VERSION "2.2.4"
| #define PACKAGE_STRING "CoinHSL 2.2.4"
| #define PACKAGE_BUGREPORT "https://github.com/coin-or-tools/ThirdParty-HSL/issues/new"
| #define PACKAGE_URL "https://github.com/coin-or-tools/ThirdParty-HSL"
| #define COINHSL_VERSION "2.2.4"
| #define COINHSL_VERSION_MAJOR 2
| #define COINHSL_VERSION_MINOR 2
| #define COINHSL_VERSION_RELEASE 4
| #define F77_FUNC(name,NAME) name ## _
| #define F77_FUNC_(name,NAME) name ## _
| #define HAVE_STDIO_H 1
| #define HAVE_STDLIB_H 1
| #define HAVE_STRING_H 1
| #define HAVE_INTTYPES_H 1
| #define HAVE_STDINT_H 1
| #define HAVE_STRINGS_H 1
| #define HAVE_SYS_STAT_H 1
| #define HAVE_SYS_TYPES_H 1
| #define HAVE_UNISTD_H 1
| #define STDC_HEADERS 1
| #define HAVE_DLFCN_H 1
| #define LT_OBJDIR ".libs/"
| #define COINHSL_HAS_MC19 1
| #define COINHSL_HAS_MA27 1
| #define COINHSL_HAS_MA28 1
| #define COINHSL_HAS_MC19S 1
| #define COINHSL_HAS_MA27S 1
| #define COINHSL_HAS_MA28S 1
| /* end confdefs.h.  */
| 
| /* Override any GCC internal prototype to avoid an error.
|    Use char because int might match the return type of a GCC
|    builtin and then its argument prototype would still apply.  */
| char DSYEV__ ();
| #ifdef F77_DUMMY_MAIN
| 
| #  ifdef __cplusplus
|      extern "C"
| #  endif
|    int F77_DUMMY_MAIN() { return 1; }
| 
| #endif
| int
| main (void)
| {
| return DSYEV__ ();
|   ;
|   return 0;
| }
configure:13419: gcc -o conftest -O2 -DNDEBUG    conftest.c -lmkl_intel_lp64 -lmkl_sequential -lmkl_core -lm  >&5
/usr/bin/ld: cannot find -lmkl_intel_lp64
/usr/bin/ld: cannot find -lmkl_sequential
/usr/bin/ld: cannot find -lmkl_core
collect2: error: ld returned 1 exit status
configure:13419: $? = 1
configure: failed program was:
| /* confdefs.h */
| #define PACKAGE_NAME "CoinHSL"
| #define PACKAGE_TARNAME "coinhsl"
| #define PACKAGE_VERSION "2.2.4"
| #define PACKAGE_STRING "CoinHSL 2.2.4"
| #define PACKAGE_BUGREPORT "https://github.com/coin-or-tools/ThirdParty-HSL/issues/new"
| #define PACKAGE_URL "https://github.com/coin-or-tools/ThirdParty-HSL"
| #define COINHSL_VERSION "2.2.4"
| #define COINHSL_VERSION_MAJOR 2
| #define COINHSL_VERSION_MINOR 2
| #define COINHSL_VERSION_RELEASE 4
| #define F77_FUNC(name,NAME) name ## _
| #define F77_FUNC_(name,NAME) name ## _
| #define HAVE_STDIO_H 1
| #define HAVE_STDLIB_H 1
| #define HAVE_STRING_H 1
| #define HAVE_INTTYPES_H 1
| #define HAVE_STDINT_H 1
| #define HAVE_STRINGS_H 1
| #define HAVE_SYS_STAT_H 1
| #define HAVE_SYS_TYPES_H 1
| #define HAVE_UNISTD_H 1
| #define STDC_HEADERS 1
| #define HAVE_DLFCN_H 1
| #define LT_OBJDIR ".libs/"
| #define COINHSL_HAS_MC19 1
| #define COINHSL_HAS_MA27 1
| #define COINHSL_HAS_MA28 1
| #define COINHSL_HAS_MC19S 1
| #define COINHSL_HAS_MA27S 1
| #define COINHSL_HAS_MA28S 1
| /* end confdefs.h.  */
| 
| /* Override any GCC internal prototype to avoid an error.
|    Use char because int might match the return type of a GCC
|    builtin and then its argument prototype would still apply.  */
| char DSYEV_ ();
| #ifdef F77_DUMMY_MAIN
| 
| #  ifdef __cplusplus
|      extern "C"
| #  endif
|    int F77_DUMMY_MAIN() { return 1; }
| 
| #endif
| int
| main (void)
| {
| return DSYEV_ ();
|   ;
|   return 0;
| }
configure:13862: gcc -o conftest -O2 -DNDEBUG    conftest.c -llapack  >&5
configure:13862: $? = 0
configure:13983: result: yes: generic module (lapack.pc blas.pc)
configure:15092: checking that generated files are newer than configure
configure:15098: result: done
configure:15221: creating ./config.status

## ---------------------- ##
## Running config.status. ##
## ---------------------- ##

This file was extended by CoinHSL config.status 2.2.4, which was
generated by GNU Autoconf 2.71.  Invocation command line was

  CONFIG_FILES    = 
  CONFIG_HEADERS  = 
  CONFIG_LINKS    = 
  CONFIG_COMMANDS = 
  $ ./config.status 

on ubuntu

config.status:1293: creating Makefile
config.status:1293: creating coinhsl.pc
config.status:1293: creating config.h
config.status:1474: config.h is unchanged
config.status:1293: creating CoinHslConfig.h
config.status:1474: CoinHslConfig.h is unchanged
config.status:1522: executing depfiles commands
config.status:1599: cd .       && sed -e '/# am--include-marker/d' Makefile         | make -f - am--depfiles
make: Nothing to be done for 'am--depfiles'.
config.status:1604: $? = 0
config.status:1522: executing libtool commands
configure:17891: Configuration of CoinHSL successful

## ---------------- ##
## Cache variables. ##
## ---------------- ##

ac_cv_build=x86_64-pc-linux-gnu
ac_cv_c_compiler_gnu=yes
ac_cv_env_ADD_CFLAGS_set=
ac_cv_env_ADD_CFLAGS_value=
ac_cv_env_ADD_FCFLAGS_set=
ac_cv_env_ADD_FCFLAGS_value=
ac_cv_env_ADD_FFLAGS_set=
ac_cv_env_ADD_FFLAGS_value=
ac_cv_env_CC_set=
ac_cv_env_CC_value=
ac_cv_env_CFLAGS_set=
ac_cv_env_CFLAGS_value=
ac_cv_env_CPPFLAGS_set=
ac_cv_env_CPPFLAGS_value=
ac_cv_env_F77_set=
ac_cv_env_F77_value=
ac_cv_env_FCFLAGS_set=
ac_cv_env_FCFLAGS_value=
ac_cv_env_FC_set=
ac_cv_env_FC_value=
ac_cv_env_FFLAGS_set=
ac_cv_env_FFLAGS_value=
ac_cv_env_LDFLAGS_set=
ac_cv_env_LDFLAGS_value=
ac_cv_env_LIBS_set=
ac_cv_env_LIBS_value=
ac_cv_env_LT_LDFLAGS_set=
ac_cv_env_LT_LDFLAGS_value=
ac_cv_env_LT_SYS_LIBRARY_PATH_set=
ac_cv_env_LT_SYS_LIBRARY_PATH_value=
ac_cv_env_PKG_CONFIG_set=
ac_cv_env_PKG_CONFIG_value=
ac_cv_env_build_alias_set=
ac_cv_env_build_alias_value=
ac_cv_env_host_alias_set=
ac_cv_env_host_alias_value=
ac_cv_env_target_alias_set=
ac_cv_env_target_alias_value=
ac_cv_f77_compiler_gnu=yes
ac_cv_f77_dummy_main=none
ac_cv_f77_libs=' -L/usr/lib/gcc/x86_64-linux-gnu/9 -L/usr/lib/gcc/x86_64-linux-gnu/9/../../../x86_64-linux-gnu -L/usr/lib/gcc/x86_64-linux-gnu/9/../../../../lib -L/lib/x86_64-linux-gnu -L/lib/../lib -L/usr/lib/x86_64-linux-gnu -L/usr/lib/../lib -L/usr/lib/gcc/x86_64-linux-gnu/9/../../.. -lgfortran -lm -lquadmath'
ac_cv_f77_mangling='lower case, underscore, no extra underscore'
ac_cv_fc_compiler_gnu=yes
ac_cv_fortran_dummy_main=none
ac_cv_header_dlfcn_h=yes
ac_cv_header_inttypes_h=yes
ac_cv_header_stdint_h=yes
ac_cv_header_stdio_h=yes
ac_cv_header_stdlib_h=yes
ac_cv_header_string_h=yes
ac_cv_header_strings_h=yes
ac_cv_header_sys_stat_h=yes
ac_cv_header_sys_types_h=yes
ac_cv_header_unistd_h=yes
ac_cv_host=x86_64-pc-linux-gnu
ac_cv_objext=o
ac_cv_path_EGREP='/usr/bin/grep -E'
ac_cv_path_FGREP='/usr/bin/grep -F'
ac_cv_path_GREP=/usr/bin/grep
ac_cv_path_SED=/usr/bin/sed
ac_cv_path_install='/usr/bin/install -c'
ac_cv_path_lt_DD=/usr/bin/dd
ac_cv_path_mkdir=/usr/bin/mkdir
ac_cv_prog_AWK=mawk
ac_cv_prog_ac_ct_AR=ar
ac_cv_prog_ac_ct_CC=gcc
ac_cv_prog_ac_ct_F77=gfortran
ac_cv_prog_ac_ct_FC=gfortran
ac_cv_prog_ac_ct_FILECMD=file
ac_cv_prog_ac_ct_MANIFEST_TOOL=mt
ac_cv_prog_ac_ct_OBJDUMP=objdump
ac_cv_prog_ac_ct_PKG_CONFIG=pkg-config
ac_cv_prog_ac_ct_RANLIB=ranlib
ac_cv_prog_ac_ct_STRIP=strip
ac_cv_prog_cc_c11=
ac_cv_prog_cc_g=yes
ac_cv_prog_cc_stdc=
ac_cv_prog_f77_c_o=yes
ac_cv_prog_f77_g=yes
ac_cv_prog_f77_v=-v
ac_cv_prog_fc_c_o=yes
ac_cv_prog_fc_g=yes
ac_cv_prog_make_make_set=yes
am_cv_CC_dependencies_compiler_type=gcc3
am_cv_ar_interface=ar
am_cv_make_support_nested_variables=yes
am_cv_prog_cc_c_o=yes
lt_cv_ar_at_file=@
lt_cv_archive_cmds_need_lc=no
lt_cv_deplibs_check_method=pass_all
lt_cv_file_magic_cmd='$MAGIC_CMD'
lt_cv_file_magic_test_file=
lt_cv_ld_reload_flag=-r
lt_cv_nm_interface='BSD nm'
lt_cv_objdir=.libs
lt_cv_path_LD=/usr/bin/ld
lt_cv_path_NM='/usr/bin/nm -B'
lt_cv_path_mainfest_tool=no
lt_cv_prog_compiler_c_o=yes
lt_cv_prog_compiler_c_o_F77=yes
lt_cv_prog_compiler_c_o_FC=yes
lt_cv_prog_compiler_pic='-fPIC -DPIC'
lt_cv_prog_compiler_pic_F77=-fPIC
lt_cv_prog_compiler_pic_FC=-fPIC
lt_cv_prog_compiler_pic_works=yes
lt_cv_prog_compiler_pic_works_F77=yes
lt_cv_prog_compiler_pic_works_FC=yes
lt_cv_prog_compiler_rtti_exceptions=no
lt_cv_prog_compiler_static_works=yes
lt_cv_prog_compiler_static_works_F77=yes
lt_cv_prog_compiler_static_works_FC=yes
lt_cv_prog_gnu_ld=yes
lt_cv_sharedlib_from_linklib_cmd='printf %s\n'
lt_cv_shlibpath_overrides_runpath=yes
lt_cv_sys_global_symbol_pipe='/usr/bin/sed -n -e '\''s/^.*[	 ]\([ABCDGIRSTW][ABCDGIRSTW]*\)[	 ][	 ]*\([_A-Za-z][_A-Za-z0-9]*\)$/\1 \2 \2/p'\'' | /usr/bin/sed '\''/ __gnu_lto/d'\'''
lt_cv_sys_global_symbol_to_c_name_address='/usr/bin/sed -n -e '\''s/^: \(.*\) .*$/  {"\1", (void *) 0},/p'\'' -e '\''s/^[ABCDGIRSTW][ABCDGIRSTW]* .* \(.*\)$/  {"\1", (void *) \&\1},/p'\'''
lt_cv_sys_global_symbol_to_c_name_address_lib_prefix='/usr/bin/sed -n -e '\''s/^: \(.*\) .*$/  {"\1", (void *) 0},/p'\'' -e '\''s/^[ABCDGIRSTW][ABCDGIRSTW]* .* \(lib.*\)$/  {"\1", (void *) \&\1},/p'\'' -e '\''s/^[ABCDGIRSTW][ABCDGIRSTW]* .* \(.*\)$/  {"lib\1", (void *) \&\1},/p'\'''
lt_cv_sys_global_symbol_to_cdecl='/usr/bin/sed -n -e '\''s/^T .* \(.*\)$/extern int \1();/p'\'' -e '\''s/^[ABCDGIRSTW][ABCDGIRSTW]* .* \(.*\)$/extern char \1;/p'\'''
lt_cv_sys_global_symbol_to_import=
lt_cv_sys_max_cmd_len=1572864
lt_cv_to_host_file_cmd=func_convert_file_noop
lt_cv_to_tool_file_cmd=func_convert_file_noop
lt_cv_truncate_bin='/usr/bin/dd bs=4096 count=1'

## ----------------- ##
## Output variables. ##
## ----------------- ##

ACLOCAL='${SHELL} '\''/home/xbl/Desktop/all/ThirdParty-HSL/missing'\'' aclocal-1.16'
ADD_CFLAGS=''
ADD_FCFLAGS=''
ADD_FFLAGS=''
AMDEPBACKSLASH='\'
AMDEP_FALSE='#'
AMDEP_TRUE=''
AMTAR='$${TAR-tar}'
AM_BACKSLASH='\'
AM_DEFAULT_V='$(AM_DEFAULT_VERBOSITY)'
AM_DEFAULT_VERBOSITY='0'
AM_V='$(V)'
AR='ar'
AUTOCONF='${SHELL} '\''/home/xbl/Desktop/all/ThirdParty-HSL/missing'\'' autoconf'
AUTOHEADER='${SHELL} '\''/home/xbl/Desktop/all/ThirdParty-HSL/missing'\'' autoheader'
AUTOMAKE='${SHELL} '\''/home/xbl/Desktop/all/ThirdParty-HSL/missing'\'' automake-1.16'
AWK='mawk'
CC='gcc'
CCDEPMODE='depmode=gcc3'
CFLAGS='-O2 -DNDEBUG '
COIN_HAS_DEPSF90_FALSE=''
COIN_HAS_DEPSF90_TRUE='#'
COIN_HAS_DEPSF_FALSE='#'
COIN_HAS_DEPSF_TRUE=''
COIN_HAS_F77_FALSE='#'
COIN_HAS_F77_TRUE=''
COIN_HAS_HSL_MA77S_FALSE=''
COIN_HAS_HSL_MA77S_TRUE='#'
COIN_HAS_HSL_MA77_FALSE=''
COIN_HAS_HSL_MA77_TRUE='#'
COIN_HAS_HSL_MA86S_FALSE=''
COIN_HAS_HSL_MA86S_TRUE='#'
COIN_HAS_HSL_MA86_FALSE=''
COIN_HAS_HSL_MA86_TRUE='#'
COIN_HAS_HSL_MA97S_FALSE=''
COIN_HAS_HSL_MA97S_TRUE='#'
COIN_HAS_HSL_MA97_FALSE=''
COIN_HAS_HSL_MA97_TRUE='#'
COIN_HAS_HSL_MC68_FALSE=''
COIN_HAS_HSL_MC68_TRUE='#'
COIN_HAS_LAPACK_FALSE='#'
COIN_HAS_LAPACK_TRUE=''
COIN_HAS_MA27S_FALSE='#'
COIN_HAS_MA27S_TRUE=''
COIN_HAS_MA27_FALSE='#'
COIN_HAS_MA27_TRUE=''
COIN_HAS_MA28S_FALSE='#'
COIN_HAS_MA28S_TRUE=''
COIN_HAS_MA28_FALSE='#'
COIN_HAS_MA28_TRUE=''
COIN_HAS_MA57S_FALSE=''
COIN_HAS_MA57S_TRUE='#'
COIN_HAS_MA57_FALSE=''
COIN_HAS_MA57_TRUE='#'
COIN_HAS_MC19S_FALSE='#'
COIN_HAS_MC19S_TRUE=''
COIN_HAS_MC19_FALSE='#'
COIN_HAS_MC19_TRUE=''
COIN_HAS_METIS_FALSE=''
COIN_HAS_METIS_TRUE='#'
COIN_HAS_PKGCONFIG_FALSE='#'
COIN_HAS_PKGCONFIG_TRUE=''
COIN_PKG_CONFIG_PATH='/usr/local/lib/pkgconfig:'
COIN_RELOCATABLE_FALSE=''
COIN_RELOCATABLE_TRUE='#'
COIN_STATIC_BUILD_FALSE=''
COIN_STATIC_BUILD_TRUE='#'
CPPFLAGS=''
CSCOPE='cscope'
CTAGS='ctags'
CYGPATH_W='echo'
DEFS='-DHAVE_CONFIG_H'
DEPDIR='.deps'
DLLTOOL='false'
DSYMUTIL=''
DUMPBIN=''
ECHO_C=''
ECHO_N='-n'
ECHO_T=''
EGREP='/usr/bin/grep -E'
ETAGS='etags'
EXEEXT=''
F77='gfortran'
FC='gfortran'
FCFLAGS='-O2 '
FCFLAGS_F=''
FCFLAGS_f90=''
FCFLAGS_f=''
FC_DEFINE=''
FFLAGS='-O2 '
FGREP='/usr/bin/grep -F'
FILECMD='file'
FLIBS=' -L/usr/lib/gcc/x86_64-linux-gnu/9 -L/usr/lib/gcc/x86_64-linux-gnu/9/../../../x86_64-linux-gnu -L/usr/lib/gcc/x86_64-linux-gnu/9/../../../../lib -L/lib/x86_64-linux-gnu -L/lib/../lib -L/usr/lib/x86_64-linux-gnu -L/usr/lib/../lib -L/usr/lib/gcc/x86_64-linux-gnu/9/../../.. -lgfortran -lm -lquadmath'
GREP='/usr/bin/grep'
HSL_CFLAGS='  -DHSL_BUILD'
HSL_CFLAGS_NOPC=''
HSL_LFLAGS='-llapack -lblas    -L/usr/lib/gcc/x86_64-linux-gnu/9 -L/usr/lib/gcc/x86_64-linux-gnu/9/../../../x86_64-linux-gnu -L/usr/lib/gcc/x86_64-linux-gnu/9/../../../../lib -L/lib/x86_64-linux-gnu -L/lib/../lib -L/usr/lib/x86_64-linux-gnu -L/usr/lib/../lib -L/usr/lib/gcc/x86_64-linux-gnu/9/../../.. -lgfortran -lm -lquadmath'
HSL_LFLAGS_NOPC='   -L/usr/lib/gcc/x86_64-linux-gnu/9 -L/usr/lib/gcc/x86_64-linux-gnu/9/../../../x86_64-linux-gnu -L/usr/lib/gcc/x86_64-linux-gnu/9/../../../../lib -L/lib/x86_64-linux-gnu -L/lib/../lib -L/usr/lib/x86_64-linux-gnu -L/usr/lib/../lib -L/usr/lib/gcc/x86_64-linux-gnu/9/../../.. -lgfortran -lm -lquadmath'
HSL_PCFILES='lapack blas '
INSTALL_DATA='${INSTALL} -m 644'
INSTALL_PROGRAM='${INSTALL}'
INSTALL_SCRIPT='${INSTALL}'
INSTALL_STRIP_PROGRAM='$(install_sh) -c -s'
LD='/usr/bin/ld -m elf_x86_64'
LDFLAGS=''
LIBOBJS=''
LIBS=''
LIBTOOL='$(SHELL) $(top_builddir)/libtool'
LIPO=''
LN_S='ln -s'
LTLIBOBJS=''
LT_LDFLAGS=' -version-number 2:2:4 -no-undefined'
LT_SYS_LIBRARY_PATH=''
MAINT='#'
MAINTAINER_MODE_FALSE=''
MAINTAINER_MODE_TRUE='#'
MAKEINFO='${SHELL} '\''/home/xbl/Desktop/all/ThirdParty-HSL/missing'\'' makeinfo'
MANIFEST_TOOL=':'
METISCHECK_LFLAGS=''
MKDIR_P='/usr/bin/mkdir -p'
NM='/usr/bin/nm -B'
NMEDIT=''
OBJDUMP='objdump'
OBJEXT='o'
OPENMP_FCFLAGS=''
OTOOL64=''
OTOOL=''
PACKAGE='coinhsl'
PACKAGE_BUGREPORT='https://github.com/coin-or-tools/ThirdParty-HSL/issues/new'
PACKAGE_NAME='CoinHSL'
PACKAGE_STRING='CoinHSL 2.2.4'
PACKAGE_TARNAME='coinhsl'
PACKAGE_URL='https://github.com/coin-or-tools/ThirdParty-HSL'
PACKAGE_VERSION='2.2.4'
PATH_SEPARATOR=':'
PKG_CONFIG='pkg-config'
RANLIB='ranlib'
SED='/usr/bin/sed'
SET_MAKE=''
SHELL='/bin/bash'
STRIP='strip'
VERSION='2.2.4'
ac_ct_AR='ar'
ac_ct_CC='gcc'
ac_ct_DUMPBIN=''
ac_ct_F77='gfortran'
ac_ct_FC='gfortran'
ac_ct_PKG_CONFIG='pkg-config'
am__EXEEXT_FALSE=''
am__EXEEXT_TRUE='#'
am__fastdepCC_FALSE='#'
am__fastdepCC_TRUE=''
am__include='include'
am__isrc=''
am__leading_dot='.'
am__nodep='_no'
am__quote=''
am__tar='$${TAR-tar} chof - "$$tardir"'
am__untar='$${TAR-tar} xf -'
bindir='${exec_prefix}/bin'
build='x86_64-pc-linux-gnu'
build_alias=''
build_cpu='x86_64'
build_os='linux-gnu'
build_vendor='pc'
datadir='${datarootdir}'
datarootdir='${prefix}/share'
docdir='${datarootdir}/doc/${PACKAGE_TARNAME}'
dvidir='${docdir}'
exec_prefix='${prefix}'
host='x86_64-pc-linux-gnu'
host_alias=''
host_cpu='x86_64'
host_os='linux-gnu'
host_vendor='pc'
htmldir='${docdir}'
includedir='${prefix}/include'
infodir='${datarootdir}/info'
install_sh='${SHELL} /home/xbl/Desktop/all/ThirdParty-HSL/install-sh'
libdir='${exec_prefix}/lib'
libexecdir='${exec_prefix}/libexec'
localedir='${datarootdir}/locale'
localstatedir='${prefix}/var'
mandir='${datarootdir}/man'
mkdir_p='$(MKDIR_P)'
oldincludedir='/usr/include'
pdfdir='${docdir}'
prefix='/usr/local'
program_transform_name='s,x,x,'
psdir='${docdir}'
runstatedir='${localstatedir}/run'
sbindir='${exec_prefix}/sbin'
sharedstatedir='${prefix}/com'
sysconfdir='${prefix}/etc'
target_alias=''

## ----------- ##
## confdefs.h. ##
## ----------- ##

/* confdefs.h */
#define PACKAGE_NAME "CoinHSL"
#define PACKAGE_TARNAME "coinhsl"
#define PACKAGE_VERSION "2.2.4"
#define PACKAGE_STRING "CoinHSL 2.2.4"
#define PACKAGE_BUGREPORT "https://github.com/coin-or-tools/ThirdParty-HSL/issues/new"
#define PACKAGE_URL "https://github.com/coin-or-tools/ThirdParty-HSL"
#define COINHSL_VERSION "2.2.4"
#define COINHSL_VERSION_MAJOR 2
#define COINHSL_VERSION_MINOR 2
#define COINHSL_VERSION_RELEASE 4
#define F77_FUNC(name,NAME) name ## _
#define F77_FUNC_(name,NAME) name ## _
#define HAVE_STDIO_H 1
#define HAVE_STDLIB_H 1
#define HAVE_STRING_H 1
#define HAVE_INTTYPES_H 1
#define HAVE_STDINT_H 1
#define HAVE_STRINGS_H 1
#define HAVE_SYS_STAT_H 1
#define HAVE_SYS_TYPES_H 1
#define HAVE_UNISTD_H 1
#define STDC_HEADERS 1
#define HAVE_DLFCN_H 1
#define LT_OBJDIR ".libs/"
#define COINHSL_HAS_MC19 1
#define COINHSL_HAS_MA27 1
#define COINHSL_HAS_MA28 1
#define COINHSL_HAS_MC19S 1
#define COINHSL_HAS_MA27S 1
#define COINHSL_HAS_MA28S 1
#define COINHSL_HAS_LAPACK 1
#define COINHSL_LAPACK_FUNC(name,NAME) name ## _
#define COINHSL_LAPACK_FUNC_(name,NAME) name ## _
#define HSL_EXPORT 

configure: exit 0
