This file contains any messages produced by compilers while
running configure, to aid debugging if configure makes a mistake.

It was created by ThirdPartyASL configure 2.0.1, which was
generated by GNU Autoconf 2.71.  Invocation command line was

  $ ./configure

## --------- ##
## Platform. ##
## --------- ##

hostname = ubuntu
uname -m = x86_64
uname -r = 5.15.0-124-generic
uname -s = Linux
uname -v = #134~20.04.1-Ubuntu SMP Tue Oct 1 15:27:33 UTC 2024

/usr/bin/uname -p = x86_64
/bin/uname -X     = unknown

/bin/arch              = x86_64
/usr/bin/arch -k       = unknown
/usr/convex/getsysinfo = unknown
/usr/bin/hostinfo      = unknown
/bin/machine           = unknown
/usr/bin/oslevel       = unknown
/bin/universe          = unknown

PATH: /usr/local/sbin/
PATH: /usr/local/bin/
PATH: /usr/sbin/
PATH: /usr/bin/
PATH: /sbin/
PATH: /bin/
PATH: /snap/bin/


## ----------- ##
## Core tests. ##
## ----------- ##

configure:2461: looking for aux files: ltmain.sh ar-lib compile missing install-sh config.guess config.sub
configure:2474:  trying ./
configure:2503:   ./ltmain.sh found
configure:2503:   ./ar-lib found
configure:2503:   ./compile found
configure:2503:   ./missing found
configure:2485:   ./install-sh found
configure:2503:   ./config.guess found
configure:2503:   ./config.sub found
configure:2628: checking build system type
configure:2643: result: x86_64-pc-linux-gnu
configure:2770: checking host system type
configure:2784: result: x86_64-pc-linux-gnu
configure:2821: checking for a BSD-compatible install
configure:2894: result: /usr/bin/install -c
configure:2905: checking whether build environment is sane
configure:2960: result: yes
configure:3117: checking for a race-free mkdir -p
configure:3161: result: /usr/bin/mkdir -p
configure:3168: checking for gawk
configure:3203: result: no
configure:3168: checking for mawk
configure:3189: found /usr/bin/mawk
configure:3200: result: mawk
configure:3211: checking whether make sets $(MAKE)
configure:3234: result: yes
configure:3304: checking whether make supports nested variables
configure:3322: result: yes
configure:3335: checking whether to enable maintainer-specific portions of Makefiles
configure:3345: result: no
configure:3533: checking whether make supports the include directive
configure:3548: make -f confmf.GNU && cat confinc.out
this is the am__doit target
configure:3551: $? = 0
configure:3570: result: yes (GNU style)
configure:3715: checking for gcc
configure:3736: found /usr/bin/gcc
configure:3747: result: gcc
configure:3778: checking for C compiler version
configure:3787: gcc --version >&5
gcc (Ubuntu 9.4.0-1ubuntu1~20.04.2) 9.4.0
Copyright (C) 2019 Free Software Foundation, Inc.
This is free software; see the source for copying conditions.  There is NO
warranty; not even for MERCHANTABILITY or FITNESS FOR A PARTICULAR PURPOSE.

configure:3798: $? = 0
configure:3787: gcc -v >&5
Using built-in specs.
COLLECT_GCC=gcc
COLLECT_LTO_WRAPPER=/usr/lib/gcc/x86_64-linux-gnu/9/lto-wrapper
OFFLOAD_TARGET_NAMES=nvptx-none:hsa
OFFLOAD_TARGET_DEFAULT=1
Target: x86_64-linux-gnu
Configured with: ../src/configure -v --with-pkgversion='Ubuntu 9.4.0-1ubuntu1~20.04.2' --with-bugurl=file:///usr/share/doc/gcc-9/README.Bugs --enable-languages=c,ada,c++,go,brig,d,fortran,objc,obj-c++,gm2 --prefix=/usr --with-gcc-major-version-only --program-suffix=-9 --program-prefix=x86_64-linux-gnu- --enable-shared --enable-linker-build-id --libexecdir=/usr/lib --without-included-gettext --enable-threads=posix --libdir=/usr/lib --enable-nls --enable-clocale=gnu --enable-libstdcxx-debug --enable-libstdcxx-time=yes --with-default-libstdcxx-abi=new --enable-gnu-unique-object --disable-vtable-verify --enable-plugin --enable-default-pie --with-system-zlib --with-target-system-zlib=auto --enable-objc-gc=auto --enable-multiarch --disable-werror --with-arch-32=i686 --with-abi=m64 --with-multilib-list=m32,m64,mx32 --enable-multilib --with-tune=generic --enable-offload-targets=nvptx-none=/build/gcc-9-9QDOt0/gcc-9-9.4.0/debian/tmp-nvptx/usr,hsa --without-cuda-driver --enable-checking=release --build=x86_64-linux-gnu --host=x86_64-linux-gnu --target=x86_64-linux-gnu
Thread model: posix
gcc version 9.4.0 (Ubuntu 9.4.0-1ubuntu1~20.04.2) 
configure:3798: $? = 0
configure:3787: gcc -V >&5
gcc: error: unrecognized command line option '-V'
gcc: fatal error: no input files
compilation terminated.
configure:3798: $? = 1
configure:3787: gcc -qversion >&5
gcc: error: unrecognized command line option '-qversion'; did you mean '--version'?
gcc: fatal error: no input files
compilation terminated.
configure:3798: $? = 1
configure:3787: gcc -version >&5
gcc: error: unrecognized command line option '-version'
gcc: fatal error: no input files
compilation terminated.
configure:3798: $? = 1
configure:3818: checking whether the C compiler works
configure:3840: gcc -O2 -DNDEBUG    conftest.c  >&5
configure:3844: $? = 0
configure:3894: result: yes
configure:3897: checking for C compiler default output file name
configure:3899: result: a.out
configure:3905: checking for suffix of executables
configure:3912: gcc -o conftest -O2 -DNDEBUG    conftest.c  >&5
configure:3916: $? = 0
configure:3939: result: 
configure:3961: checking whether we are cross compiling
configure:3969: gcc -o conftest -O2 -DNDEBUG    conftest.c  >&5
configure:3973: $? = 0
configure:3980: ./conftest
configure:3984: $? = 0
configure:3972: result: no
configure:3977: checking for suffix of object files
configure:4000: gcc -c -O2 -DNDEBUG   conftest.c >&5
configure:4004: $? = 0
configure:4026: result: o
configure:4030: checking whether the compiler supports GNU C
configure:4050: gcc -c -O2 -DNDEBUG   conftest.c >&5
configure:4050: $? = 0
configure:4060: result: yes
configure:4071: checking whether gcc accepts -g
configure:4092: gcc -c -g  conftest.c >&5
configure:4092: $? = 0
configure:4136: result: yes
configure:4156: checking for gcc option to enable C11 features
configure:4171: gcc  -c -O2 -DNDEBUG   conftest.c >&5
configure:4171: $? = 0
configure:4189: result: none needed
configure:4305: checking whether gcc understands -c and -o together
configure:4328: gcc -c conftest.c -o conftest2.o
configure:4331: $? = 0
configure:4328: gcc -c conftest.c -o conftest2.o
configure:4331: $? = 0
configure:4343: result: yes
configure:4362: checking dependency style of gcc
configure:4474: result: gcc3
configure:4542: checking how to print strings
configure:4569: result: printf
configure:4590: checking for a sed that does not truncate output
configure:4660: result: /usr/bin/sed
configure:4678: checking for grep that handles long lines and -e
configure:4742: result: /usr/bin/grep
configure:4747: checking for egrep
configure:4815: result: /usr/bin/grep -E
configure:4820: checking for fgrep
configure:4888: result: /usr/bin/grep -F
configure:4924: checking for ld used by gcc
configure:4992: result: /usr/bin/ld
configure:4999: checking if the linker (/usr/bin/ld) is GNU ld
configure:5015: result: yes
configure:5027: checking for BSD- or MS-compatible name lister (nm)
configure:5082: result: /usr/bin/nm -B
configure:5222: checking the name lister (/usr/bin/nm -B) interface
configure:5230: gcc -c -O2 -DNDEBUG   conftest.c >&5
configure:5233: /usr/bin/nm -B "conftest.o"
configure:5236: output
0000000000000000 B some_variable
configure:5237: result: BSD nm
configure:5240: checking whether ln -s works
configure:5244: result: yes
configure:5252: checking the maximum length of command line arguments
configure:5384: result: 1572864
configure:5432: checking how to convert x86_64-pc-linux-gnu file names to x86_64-pc-linux-gnu format
configure:5473: result: func_convert_file_noop
configure:5480: checking how to convert x86_64-pc-linux-gnu file names to toolchain format
configure:5501: result: func_convert_file_noop
configure:5508: checking for /usr/bin/ld option to reload object files
configure:5516: result: -r
configure:5595: checking for file
configure:5616: found /usr/bin/file
configure:5627: result: file
configure:5703: checking for objdump
configure:5724: found /usr/bin/objdump
configure:5735: result: objdump
configure:5767: checking how to recognize dependent libraries
configure:5968: result: pass_all
configure:6058: checking for dlltool
configure:6093: result: no
configure:6123: checking how to associate runtime and link libraries
configure:6151: result: printf %s\n
configure:6216: checking for ar
configure:6237: found /usr/bin/ar
configure:6248: result: ar
configure:6301: checking for archiver @FILE support
configure:6319: gcc -c -O2 -DNDEBUG   conftest.c >&5
configure:6319: $? = 0
configure:6323: ar cr libconftest.a @conftest.lst >&5
configure:6326: $? = 0
configure:6331: ar cr libconftest.a @conftest.lst >&5
ar: conftest.o: No such file or directory
configure:6334: $? = 1
configure:6333: result: @
configure:6396: checking for strip
configure:6417: found /usr/bin/strip
configure:6428: result: strip
configure:6505: checking for ranlib
configure:6526: found /usr/bin/ranlib
configure:6537: result: ranlib
configure:6639: checking command to parse /usr/bin/nm -B output from gcc object
configure:6793: gcc -c -O2 -DNDEBUG   conftest.c >&5
configure:6796: $? = 0
configure:6800: /usr/bin/nm -B conftest.o \| /usr/bin/sed -n -e 's/^.*[ ]\([ABCDGIRSTW][ABCDGIRSTW]*\)[ ][ ]*\([_A-Za-z][_A-Za-z0-9]*\)$/\1 \2 \2/p' | /usr/bin/sed '/ __gnu_lto/d' \> conftest.nm
configure:6803: $? = 0
configure:6869: gcc -o conftest -O2 -DNDEBUG    conftest.c conftstm.o >&5
configure:6872: $? = 0
configure:6910: result: ok
configure:6957: checking for sysroot
configure:6988: result: no
configure:6995: checking for a working dd
configure:7039: result: /usr/bin/dd
configure:7043: checking how to truncate binary pipes
configure:7059: result: /usr/bin/dd bs=4096 count=1
configure:7196: gcc -c -O2 -DNDEBUG   conftest.c >&5
configure:7199: $? = 0
configure:7396: checking for mt
configure:7417: found /usr/bin/mt
configure:7428: result: mt
configure:7451: checking if mt is a manifest tool
configure:7458: mt '-?'
configure:7466: result: no
configure:8191: checking for stdio.h
configure:8191: gcc -c -O2 -DNDEBUG   conftest.c >&5
configure:8191: $? = 0
configure:8191: result: yes
configure:8191: checking for stdlib.h
configure:8191: gcc -c -O2 -DNDEBUG   conftest.c >&5
configure:8191: $? = 0
configure:8191: result: yes
configure:8191: checking for string.h
configure:8191: gcc -c -O2 -DNDEBUG   conftest.c >&5
configure:8191: $? = 0
configure:8191: result: yes
configure:8191: checking for inttypes.h
configure:8191: gcc -c -O2 -DNDEBUG   conftest.c >&5
configure:8191: $? = 0
configure:8191: result: yes
configure:8191: checking for stdint.h
configure:8191: gcc -c -O2 -DNDEBUG   conftest.c >&5
configure:8191: $? = 0
configure:8191: result: yes
configure:8191: checking for strings.h
configure:8191: gcc -c -O2 -DNDEBUG   conftest.c >&5
configure:8191: $? = 0
configure:8191: result: yes
configure:8191: checking for sys/stat.h
configure:8191: gcc -c -O2 -DNDEBUG   conftest.c >&5
configure:8191: $? = 0
configure:8191: result: yes
configure:8191: checking for sys/types.h
configure:8191: gcc -c -O2 -DNDEBUG   conftest.c >&5
configure:8191: $? = 0
configure:8191: result: yes
configure:8191: checking for unistd.h
configure:8191: gcc -c -O2 -DNDEBUG   conftest.c >&5
configure:8191: $? = 0
configure:8191: result: yes
configure:8216: checking for dlfcn.h
configure:8216: gcc -c -O2 -DNDEBUG   conftest.c >&5
configure:8216: $? = 0
configure:8216: result: yes
configure:8338: checking the archiver (ar) interface
configure:8355: gcc -c -O2 -DNDEBUG   conftest.c >&5
configure:8355: $? = 0
configure:8358: ar cru libconftest.a conftest.o >&5
ar: `u' modifier ignored since `D' is the default (see `U')
configure:8361: $? = 0
configure:8360: result: ar
configure:8630: checking for objdir
configure:8646: result: .libs
configure:8906: checking if gcc supports -fno-rtti -fno-exceptions
configure:8925: gcc -c -O2 -DNDEBUG   -fno-rtti -fno-exceptions conftest.c >&5
cc1: warning: command line option '-fno-rtti' is valid for C++/D/ObjC++ but not for C
configure:8929: $? = 0
configure:8942: result: no
configure:9300: checking for gcc option to produce PIC
configure:9308: result: -fPIC -DPIC
configure:9316: checking if gcc PIC flag -fPIC -DPIC works
configure:9335: gcc -c -O2 -DNDEBUG   -fPIC -DPIC -DPIC conftest.c >&5
configure:9339: $? = 0
configure:9352: result: yes
configure:9381: checking if gcc static flag -static works
configure:9410: result: yes
configure:9425: checking if gcc supports -c -o file.o
configure:9447: gcc -c -O2 -DNDEBUG   -o out/conftest2.o conftest.c >&5
configure:9451: $? = 0
configure:9473: result: yes
configure:9481: checking if gcc supports -c -o file.o
configure:9529: result: yes
configure:9562: checking whether the gcc linker (/usr/bin/ld -m elf_x86_64) supports shared libraries
configure:10830: result: yes
configure:10867: checking whether -lc should be explicitly linked in
configure:10876: gcc -c -O2 -DNDEBUG   conftest.c >&5
configure:10879: $? = 0
configure:10894: gcc -shared  -fPIC -DPIC conftest.o  -v -Wl,-soname -Wl,conftest -o conftest 2\>\&1 \| /usr/bin/grep  -lc  \>/dev/null 2\>\&1
configure:10897: $? = 0
configure:10911: result: no
configure:11071: checking dynamic linker characteristics
configure:11653: gcc -o conftest -O2 -DNDEBUG    -Wl,-rpath -Wl,/foo conftest.c  >&5
configure:11653: $? = 0
configure:11892: result: GNU/Linux ld.so
configure:12014: checking how to hardcode library paths into programs
configure:12039: result: immediate
configure:12591: checking whether stripping libraries is possible
configure:12600: result: yes
configure:12642: checking if libtool supports shared libraries
configure:12644: result: yes
configure:12647: checking whether to build shared libraries
configure:12672: result: yes
configure:12675: checking whether to build static libraries
configure:12679: result: no
configure:9498: libtool version info: -version-number 2:0:1
configure:9555: checking for getrusage
configure:9568: gcc -o conftest -O2 -DNDEBUG    conftest.c  >&5
conftest.c: In function 'main':
conftest.c:29:1: warning: implicit declaration of function 'getrusage' [-Wimplicit-function-declaration]
   29 | getrusage()
      | ^~~~~~~~~
configure:9568: $? = 0
configure:9570: result: yes
configure:9584: checking for long long
configure:9584: gcc -c -O2 -DNDEBUG   conftest.c >&5
configure:9584: $? = 0
configure:9584: gcc -c -O2 -DNDEBUG   conftest.c >&5
conftest.c: In function 'main':
conftest.c:56:24: error: expected expression before ')' token
   56 | if (sizeof ((long long)))
      |                        ^
configure:9584: $? = 1
configure: failed program was:
| /* confdefs.h */
| #define PACKAGE_NAME "ThirdPartyASL"
| #define PACKAGE_TARNAME "thirdpartyasl"
| #define PACKAGE_VERSION "2.0.1"
| #define PACKAGE_STRING "ThirdPartyASL 2.0.1"
| #define PACKAGE_BUGREPORT "https://github.com/coin-or-tools/ThirdParty-ASL/issues/new"
| #define PACKAGE_URL "https://github.com/coin-or-tools/ThirdParty-ASL"
| #define THIRDPARTYASL_VERSION "2.0.1"
| #define THIRDPARTYASL_VERSION_MAJOR 2
| #define THIRDPARTYASL_VERSION_MINOR 0
| #define THIRDPARTYASL_VERSION_RELEASE 1
| #define HAVE_STDIO_H 1
| #define HAVE_STDLIB_H 1
| #define HAVE_STRING_H 1
| #define HAVE_INTTYPES_H 1
| #define HAVE_STDINT_H 1
| #define HAVE_STRINGS_H 1
| #define HAVE_SYS_STAT_H 1
| #define HAVE_SYS_TYPES_H 1
| #define HAVE_UNISTD_H 1
| #define STDC_HEADERS 1
| #define HAVE_DLFCN_H 1
| #define LT_OBJDIR ".libs/"
| /* end confdefs.h.  */
| #include <stddef.h>
| #ifdef HAVE_STDIO_H
| # include <stdio.h>
| #endif
| #ifdef HAVE_STDLIB_H
| # include <stdlib.h>
| #endif
| #ifdef HAVE_STRING_H
| # include <string.h>
| #endif
| #ifdef HAVE_INTTYPES_H
| # include <inttypes.h>
| #endif
| #ifdef HAVE_STDINT_H
| # include <stdint.h>
| #endif
| #ifdef HAVE_STRINGS_H
| # include <strings.h>
| #endif
| #ifdef HAVE_SYS_TYPES_H
| # include <sys/types.h>
| #endif
| #ifdef HAVE_SYS_STAT_H
| # include <sys/stat.h>
| #endif
| #ifdef HAVE_UNISTD_H
| # include <unistd.h>
| #endif
| int
| main (void)
| {
| if (sizeof ((long long)))
| 	    return 0;
|   ;
|   return 0;
| }
configure:9584: result: yes
configure:9594: checking for ssize_t
configure:9594: gcc -c -O2 -DNDEBUG   conftest.c >&5
configure:9594: $? = 0
configure:9594: gcc -c -O2 -DNDEBUG   conftest.c >&5
conftest.c: In function 'main':
conftest.c:56:22: error: expected expression before ')' token
   56 | if (sizeof ((ssize_t)))
      |                      ^
configure:9594: $? = 1
configure: failed program was:
| /* confdefs.h */
| #define PACKAGE_NAME "ThirdPartyASL"
| #define PACKAGE_TARNAME "thirdpartyasl"
| #define PACKAGE_VERSION "2.0.1"
| #define PACKAGE_STRING "ThirdPartyASL 2.0.1"
| #define PACKAGE_BUGREPORT "https://github.com/coin-or-tools/ThirdParty-ASL/issues/new"
| #define PACKAGE_URL "https://github.com/coin-or-tools/ThirdParty-ASL"
| #define THIRDPARTYASL_VERSION "2.0.1"
| #define THIRDPARTYASL_VERSION_MAJOR 2
| #define THIRDPARTYASL_VERSION_MINOR 0
| #define THIRDPARTYASL_VERSION_RELEASE 1
| #define HAVE_STDIO_H 1
| #define HAVE_STDLIB_H 1
| #define HAVE_STRING_H 1
| #define HAVE_INTTYPES_H 1
| #define HAVE_STDINT_H 1
| #define HAVE_STRINGS_H 1
| #define HAVE_SYS_STAT_H 1
| #define HAVE_SYS_TYPES_H 1
| #define HAVE_UNISTD_H 1
| #define STDC_HEADERS 1
| #define HAVE_DLFCN_H 1
| #define LT_OBJDIR ".libs/"
| /* end confdefs.h.  */
| #include <stddef.h>
| #ifdef HAVE_STDIO_H
| # include <stdio.h>
| #endif
| #ifdef HAVE_STDLIB_H
| # include <stdlib.h>
| #endif
| #ifdef HAVE_STRING_H
| # include <string.h>
| #endif
| #ifdef HAVE_INTTYPES_H
| # include <inttypes.h>
| #endif
| #ifdef HAVE_STDINT_H
| # include <stdint.h>
| #endif
| #ifdef HAVE_STRINGS_H
| # include <strings.h>
| #endif
| #ifdef HAVE_SYS_TYPES_H
| # include <sys/types.h>
| #endif
| #ifdef HAVE_SYS_STAT_H
| # include <sys/stat.h>
| #endif
| #ifdef HAVE_UNISTD_H
| # include <unistd.h>
| #endif
| int
| main (void)
| {
| if (sizeof ((ssize_t)))
| 	    return 0;
|   ;
|   return 0;
| }
configure:9594: result: yes
configure:9604: checking for dlopen in -ldl
configure:9627: gcc -o conftest -O2 -DNDEBUG    conftest.c -ldl   >&5
configure:9627: $? = 0
configure:9637: result: yes
configure:9652: checking for library containing cos
configure:9682: gcc -o conftest -O2 -DNDEBUG    conftest.c  >&5
conftest.c:29:6: warning: conflicting types for built-in function 'cos'; expected 'double(double)' [-Wbuiltin-declaration-mismatch]
   29 | char cos ();
      |      ^~~
conftest.c:1:1: note: 'cos' is declared in header '<math.h>'
    1 | /* confdefs.h */
/usr/bin/ld: /tmp/ccP1CIdO.o: in function `main':
conftest.c:(.text.startup+0xb): undefined reference to `cos'
collect2: error: ld returned 1 exit status
configure:9682: $? = 1
configure: failed program was:
| /* confdefs.h */
| #define PACKAGE_NAME "ThirdPartyASL"
| #define PACKAGE_TARNAME "thirdpartyasl"
| #define PACKAGE_VERSION "2.0.1"
| #define PACKAGE_STRING "ThirdPartyASL 2.0.1"
| #define PACKAGE_BUGREPORT "https://github.com/coin-or-tools/ThirdParty-ASL/issues/new"
| #define PACKAGE_URL "https://github.com/coin-or-tools/ThirdParty-ASL"
| #define THIRDPARTYASL_VERSION "2.0.1"
| #define THIRDPARTYASL_VERSION_MAJOR 2
| #define THIRDPARTYASL_VERSION_MINOR 0
| #define THIRDPARTYASL_VERSION_RELEASE 1
| #define HAVE_STDIO_H 1
| #define HAVE_STDLIB_H 1
| #define HAVE_STRING_H 1
| #define HAVE_INTTYPES_H 1
| #define HAVE_STDINT_H 1
| #define HAVE_STRINGS_H 1
| #define HAVE_SYS_STAT_H 1
| #define HAVE_SYS_TYPES_H 1
| #define HAVE_UNISTD_H 1
| #define STDC_HEADERS 1
| #define HAVE_DLFCN_H 1
| #define LT_OBJDIR ".libs/"
| /* end confdefs.h.  */
| 
| /* Override any GCC internal prototype to avoid an error.
|    Use char because int might match the return type of a GCC
|    builtin and then its argument prototype would still apply.  */
| char cos ();
| int
| main (void)
| {
| return cos ();
|   ;
|   return 0;
| }
configure:9682: gcc -o conftest -O2 -DNDEBUG    conftest.c -lm   >&5
conftest.c:29:6: warning: conflicting types for built-in function 'cos'; expected 'double(double)' [-Wbuiltin-declaration-mismatch]
   29 | char cos ();
      |      ^~~
conftest.c:1:1: note: 'cos' is declared in header '<math.h>'
    1 | /* confdefs.h */
configure:9682: $? = 0
configure:9702: result: -lm
configure:9962: checking that generated files are newer than configure
configure:9968: result: done
configure:10011: creating ./config.status

## ---------------------- ##
## Running config.status. ##
## ---------------------- ##

This file was extended by ThirdPartyASL config.status 2.0.1, which was
generated by GNU Autoconf 2.71.  Invocation command line was

  CONFIG_FILES    = 
  CONFIG_HEADERS  = 
  CONFIG_LINKS    = 
  CONFIG_COMMANDS = 
  $ ./config.status 

on ubuntu

config.status:1031: creating Makefile
config.status:1031: creating coinasl.pc
config.status:1215: linking solvers/stdio1.h0 to stdio1.h
config.status:1215: linking solvers/fpinit.c to fpinit.c
config.status:1234: executing depfiles commands
config.status:1311: cd .       && sed -e '/# am--include-marker/d' Makefile         | make -f - am--depfiles
make: Nothing to be done for 'am--depfiles'.
config.status:1316: $? = 0
config.status:1234: executing libtool commands
configure:12027: Configuration of ThirdPartyASL successful

## ---------------- ##
## Cache variables. ##
## ---------------- ##

ac_cv_build=x86_64-pc-linux-gnu
ac_cv_c_compiler_gnu=yes
ac_cv_env_ADD_CFLAGS_set=
ac_cv_env_ADD_CFLAGS_value=
ac_cv_env_CC_set=
ac_cv_env_CC_value=
ac_cv_env_CFLAGS_set=
ac_cv_env_CFLAGS_value=
ac_cv_env_CPPFLAGS_set=
ac_cv_env_CPPFLAGS_value=
ac_cv_env_LDFLAGS_set=
ac_cv_env_LDFLAGS_value=
ac_cv_env_LIBS_set=
ac_cv_env_LIBS_value=
ac_cv_env_LT_LDFLAGS_set=
ac_cv_env_LT_LDFLAGS_value=
ac_cv_env_LT_SYS_LIBRARY_PATH_set=
ac_cv_env_LT_SYS_LIBRARY_PATH_value=
ac_cv_env_build_alias_set=
ac_cv_env_build_alias_value=
ac_cv_env_host_alias_set=
ac_cv_env_host_alias_value=
ac_cv_env_target_alias_set=
ac_cv_env_target_alias_value=
ac_cv_header_dlfcn_h=yes
ac_cv_header_inttypes_h=yes
ac_cv_header_stdint_h=yes
ac_cv_header_stdio_h=yes
ac_cv_header_stdlib_h=yes
ac_cv_header_string_h=yes
ac_cv_header_strings_h=yes
ac_cv_header_sys_stat_h=yes
ac_cv_header_sys_types_h=yes
ac_cv_header_unistd_h=yes
ac_cv_host=x86_64-pc-linux-gnu
ac_cv_lib_dl_dlopen=yes
ac_cv_objext=o
ac_cv_path_EGREP='/usr/bin/grep -E'
ac_cv_path_FGREP='/usr/bin/grep -F'
ac_cv_path_GREP=/usr/bin/grep
ac_cv_path_SED=/usr/bin/sed
ac_cv_path_install='/usr/bin/install -c'
ac_cv_path_lt_DD=/usr/bin/dd
ac_cv_path_mkdir=/usr/bin/mkdir
ac_cv_prog_AWK=mawk
ac_cv_prog_ac_ct_AR=ar
ac_cv_prog_ac_ct_CC=gcc
ac_cv_prog_ac_ct_FILECMD=file
ac_cv_prog_ac_ct_MANIFEST_TOOL=mt
ac_cv_prog_ac_ct_OBJDUMP=objdump
ac_cv_prog_ac_ct_RANLIB=ranlib
ac_cv_prog_ac_ct_STRIP=strip
ac_cv_prog_cc_c11=
ac_cv_prog_cc_g=yes
ac_cv_prog_cc_stdc=
ac_cv_prog_make_make_set=yes
ac_cv_search_cos=-lm
ac_cv_type_long_long=yes
ac_cv_type_ssize_t=yes
am_cv_CC_dependencies_compiler_type=gcc3
am_cv_ar_interface=ar
am_cv_make_support_nested_variables=yes
am_cv_prog_cc_c_o=yes
lt_cv_ar_at_file=@
lt_cv_archive_cmds_need_lc=no
lt_cv_deplibs_check_method=pass_all
lt_cv_file_magic_cmd='$MAGIC_CMD'
lt_cv_file_magic_test_file=
lt_cv_ld_reload_flag=-r
lt_cv_nm_interface='BSD nm'
lt_cv_objdir=.libs
lt_cv_path_LD=/usr/bin/ld
lt_cv_path_NM='/usr/bin/nm -B'
lt_cv_path_mainfest_tool=no
lt_cv_prog_compiler_c_o=yes
lt_cv_prog_compiler_pic='-fPIC -DPIC'
lt_cv_prog_compiler_pic_works=yes
lt_cv_prog_compiler_rtti_exceptions=no
lt_cv_prog_compiler_static_works=yes
lt_cv_prog_gnu_ld=yes
lt_cv_sharedlib_from_linklib_cmd='printf %s\n'
lt_cv_shlibpath_overrides_runpath=yes
lt_cv_sys_global_symbol_pipe='/usr/bin/sed -n -e '\''s/^.*[	 ]\([ABCDGIRSTW][ABCDGIRSTW]*\)[	 ][	 ]*\([_A-Za-z][_A-Za-z0-9]*\)$/\1 \2 \2/p'\'' | /usr/bin/sed '\''/ __gnu_lto/d'\'''
lt_cv_sys_global_symbol_to_c_name_address='/usr/bin/sed -n -e '\''s/^: \(.*\) .*$/  {"\1", (void *) 0},/p'\'' -e '\''s/^[ABCDGIRSTW][ABCDGIRSTW]* .* \(.*\)$/  {"\1", (void *) \&\1},/p'\'''
lt_cv_sys_global_symbol_to_c_name_address_lib_prefix='/usr/bin/sed -n -e '\''s/^: \(.*\) .*$/  {"\1", (void *) 0},/p'\'' -e '\''s/^[ABCDGIRSTW][ABCDGIRSTW]* .* \(lib.*\)$/  {"\1", (void *) \&\1},/p'\'' -e '\''s/^[ABCDGIRSTW][ABCDGIRSTW]* .* \(.*\)$/  {"lib\1", (void *) \&\1},/p'\'''
lt_cv_sys_global_symbol_to_cdecl='/usr/bin/sed -n -e '\''s/^T .* \(.*\)$/extern int \1();/p'\'' -e '\''s/^[ABCDGIRSTW][ABCDGIRSTW]* .* \(.*\)$/extern char \1;/p'\'''
lt_cv_sys_global_symbol_to_import=
lt_cv_sys_max_cmd_len=1572864
lt_cv_to_host_file_cmd=func_convert_file_noop
lt_cv_to_tool_file_cmd=func_convert_file_noop
lt_cv_truncate_bin='/usr/bin/dd bs=4096 count=1'

## ----------------- ##
## Output variables. ##
## ----------------- ##

ACLOCAL='${SHELL} '\''/home/xbl/Desktop/all/ThirdParty-ASL/missing'\'' aclocal-1.16'
ADD_CFLAGS=''
AMDEPBACKSLASH='\'
AMDEP_FALSE='#'
AMDEP_TRUE=''
AMTAR='$${TAR-tar}'
AM_BACKSLASH='\'
AM_DEFAULT_V='$(AM_DEFAULT_VERBOSITY)'
AM_DEFAULT_VERBOSITY='0'
AM_V='$(V)'
AR='ar'
ASL_CFLAGS_NOPC=''
ASL_INT64_FALSE=''
ASL_INT64_TRUE='#'
ASL_LFLAGS='-lm -ldl '
ASL_LFLAGS_NOPC='-lm -ldl '
AUTOCONF='${SHELL} '\''/home/xbl/Desktop/all/ThirdParty-ASL/missing'\'' autoconf'
AUTOHEADER='${SHELL} '\''/home/xbl/Desktop/all/ThirdParty-ASL/missing'\'' autoheader'
AUTOMAKE='${SHELL} '\''/home/xbl/Desktop/all/ThirdParty-ASL/missing'\'' automake-1.16'
AWK='mawk'
CC='gcc'
CCDEPMODE='depmode=gcc3'
CC_IS_CL_FALSE=''
CC_IS_CL_TRUE='#'
CFLAGS='-O2 -DNDEBUG '
COIN_RELOCATABLE_FALSE=''
COIN_RELOCATABLE_TRUE='#'
COIN_STATIC_BUILD_FALSE=''
COIN_STATIC_BUILD_TRUE='#'
CPPFLAGS=''
CSCOPE='cscope'
CTAGS='ctags'
CYGPATH_W='echo'
DEFS='-DPACKAGE_NAME=\"ThirdPartyASL\" -DPACKAGE_TARNAME=\"thirdpartyasl\" -DPACKAGE_VERSION=\"2.0.1\" -DPACKAGE_STRING=\"ThirdPartyASL\ 2.0.1\" -DPACKAGE_BUGREPORT=\"https://github.com/coin-or-tools/ThirdParty-ASL/issues/new\" -DPACKAGE_URL=\"https://github.com/coin-or-tools/ThirdParty-ASL\" -DTHIRDPARTYASL_VERSION=\"2.0.1\" -DTHIRDPARTYASL_VERSION_MAJOR=2 -DTHIRDPARTYASL_VERSION_MINOR=0 -DTHIRDPARTYASL_VERSION_RELEASE=1 -DHAVE_STDIO_H=1 -DHAVE_STDLIB_H=1 -DHAVE_STRING_H=1 -DHAVE_INTTYPES_H=1 -DHAVE_STDINT_H=1 -DHAVE_STRINGS_H=1 -DHAVE_SYS_STAT_H=1 -DHAVE_SYS_TYPES_H=1 -DHAVE_UNISTD_H=1 -DSTDC_HEADERS=1 -DHAVE_DLFCN_H=1 -DLT_OBJDIR=\".libs/\" -DASL_EXPORT='
DEPDIR='.deps'
DLLTOOL='false'
DSYMUTIL=''
DUMPBIN=''
ECHO_C=''
ECHO_N='-n'
ECHO_T=''
EGREP='/usr/bin/grep -E'
ETAGS='etags'
EXEEXT=''
FGREP='/usr/bin/grep -F'
FILECMD='file'
GREP='/usr/bin/grep'
INSTALL_DATA='${INSTALL} -m 644'
INSTALL_PROGRAM='${INSTALL}'
INSTALL_SCRIPT='${INSTALL}'
INSTALL_STRIP_PROGRAM='$(install_sh) -c -s'
LD='/usr/bin/ld -m elf_x86_64'
LDFLAGS=''
LIBOBJS=''
LIBS=''
LIBTOOL='$(SHELL) $(top_builddir)/libtool'
LIPO=''
LN_S='ln -s'
LTLIBOBJS=''
LT_LDFLAGS=' -version-number 2:0:1 -no-undefined'
LT_SYS_LIBRARY_PATH=''
MAINT='#'
MAINTAINER_MODE_FALSE=''
MAINTAINER_MODE_TRUE='#'
MAKEINFO='${SHELL} '\''/home/xbl/Desktop/all/ThirdParty-ASL/missing'\'' makeinfo'
MANIFEST_TOOL=':'
MKDIR_P='/usr/bin/mkdir -p'
NM='/usr/bin/nm -B'
NMEDIT=''
OBJDUMP='objdump'
OBJEXT='o'
OTOOL64=''
OTOOL=''
PACKAGE='thirdpartyasl'
PACKAGE_BUGREPORT='https://github.com/coin-or-tools/ThirdParty-ASL/issues/new'
PACKAGE_NAME='ThirdPartyASL'
PACKAGE_STRING='ThirdPartyASL 2.0.1'
PACKAGE_TARNAME='thirdpartyasl'
PACKAGE_URL='https://github.com/coin-or-tools/ThirdParty-ASL'
PACKAGE_VERSION='2.0.1'
PATH_SEPARATOR=':'
RANLIB='ranlib'
SED='/usr/bin/sed'
SET_MAKE=''
SHELL='/bin/bash'
STRIP='strip'
USE_ARITH_H1_FALSE=''
USE_ARITH_H1_TRUE='#'
VERSION='2.0.1'
ac_ct_AR='ar'
ac_ct_CC='gcc'
ac_ct_DUMPBIN=''
am__EXEEXT_FALSE=''
am__EXEEXT_TRUE='#'
am__fastdepCC_FALSE='#'
am__fastdepCC_TRUE=''
am__include='include'
am__isrc=''
am__leading_dot='.'
am__nodep='_no'
am__quote=''
am__tar='$${TAR-tar} chof - "$$tardir"'
am__untar='$${TAR-tar} xf -'
bindir='${exec_prefix}/bin'
build='x86_64-pc-linux-gnu'
build_alias=''
build_cpu='x86_64'
build_os='linux-gnu'
build_vendor='pc'
datadir='${datarootdir}'
datarootdir='${prefix}/share'
docdir='${datarootdir}/doc/${PACKAGE_TARNAME}'
dvidir='${docdir}'
exec_prefix='${prefix}'
host='x86_64-pc-linux-gnu'
host_alias=''
host_cpu='x86_64'
host_os='linux-gnu'
host_vendor='pc'
htmldir='${docdir}'
includedir='${prefix}/include'
infodir='${datarootdir}/info'
install_sh='${SHELL} /home/xbl/Desktop/all/ThirdParty-ASL/install-sh'
libdir='${exec_prefix}/lib'
libexecdir='${exec_prefix}/libexec'
localedir='${datarootdir}/locale'
localstatedir='${prefix}/var'
mandir='${datarootdir}/man'
mkdir_p='$(MKDIR_P)'
oldincludedir='/usr/include'
pdfdir='${docdir}'
prefix='/usr/local'
program_transform_name='s,x,x,'
psdir='${docdir}'
runstatedir='${localstatedir}/run'
sbindir='${exec_prefix}/sbin'
sharedstatedir='${prefix}/com'
sysconfdir='${prefix}/etc'
target_alias=''

## ----------- ##
## confdefs.h. ##
## ----------- ##

/* confdefs.h */
#define PACKAGE_NAME "ThirdPartyASL"
#define PACKAGE_TARNAME "thirdpartyasl"
#define PACKAGE_VERSION "2.0.1"
#define PACKAGE_STRING "ThirdPartyASL 2.0.1"
#define PACKAGE_BUGREPORT "https://github.com/coin-or-tools/ThirdParty-ASL/issues/new"
#define PACKAGE_URL "https://github.com/coin-or-tools/ThirdParty-ASL"
#define THIRDPARTYASL_VERSION "2.0.1"
#define THIRDPARTYASL_VERSION_MAJOR 2
#define THIRDPARTYASL_VERSION_MINOR 0
#define THIRDPARTYASL_VERSION_RELEASE 1
#define HAVE_STDIO_H 1
#define HAVE_STDLIB_H 1
#define HAVE_STRING_H 1
#define HAVE_INTTYPES_H 1
#define HAVE_STDINT_H 1
#define HAVE_STRINGS_H 1
#define HAVE_SYS_STAT_H 1
#define HAVE_SYS_TYPES_H 1
#define HAVE_UNISTD_H 1
#define STDC_HEADERS 1
#define HAVE_DLFCN_H 1
#define LT_OBJDIR ".libs/"
#define ASL_EXPORT 

configure: exit 0
