This file contains any messages produced by compilers while
running configure, to aid debugging if configure makes a mistake.

It was created by ThirdPartyMumps configure 3.0.5, which was
generated by GNU Autoconf 2.71.  Invocation command line was

  $ ./configure

## --------- ##
## Platform. ##
## --------- ##

hostname = ubuntu
uname -m = x86_64
uname -r = 5.15.0-124-generic
uname -s = Linux
uname -v = #134~20.04.1-Ubuntu SMP Tue Oct 1 15:27:33 UTC 2024

/usr/bin/uname -p = x86_64
/bin/uname -X     = unknown

/bin/arch              = x86_64
/usr/bin/arch -k       = unknown
/usr/convex/getsysinfo = unknown
/usr/bin/hostinfo      = unknown
/bin/machine           = unknown
/usr/bin/oslevel       = unknown
/bin/universe          = unknown

PATH: /usr/local/sbin/
PATH: /usr/local/bin/
PATH: /usr/sbin/
PATH: /usr/bin/
PATH: /sbin/
PATH: /bin/
PATH: /snap/bin/


## ----------- ##
## Core tests. ##
## ----------- ##

configure:2545: looking for aux files: ltmain.sh ar-lib compile missing install-sh config.guess config.sub
configure:2558:  trying ./
configure:2587:   ./ltmain.sh found
configure:2587:   ./ar-lib found
configure:2587:   ./compile found
configure:2587:   ./missing found
configure:2569:   ./install-sh found
configure:2587:   ./config.guess found
configure:2587:   ./config.sub found
configure:2712: checking build system type
configure:2727: result: x86_64-pc-linux-gnu
configure:2854: checking host system type
configure:2868: result: x86_64-pc-linux-gnu
configure:2905: checking for a BSD-compatible install
configure:2978: result: /usr/bin/install -c
configure:2989: checking whether build environment is sane
configure:3044: result: yes
configure:3201: checking for a race-free mkdir -p
configure:3245: result: /usr/bin/mkdir -p
configure:3252: checking for gawk
configure:3287: result: no
configure:3252: checking for mawk
configure:3273: found /usr/bin/mawk
configure:3284: result: mawk
configure:3295: checking whether make sets $(MAKE)
configure:3318: result: yes
configure:3388: checking whether make supports nested variables
configure:3406: result: yes
configure:3419: checking whether to enable maintainer-specific portions of Makefiles
configure:3429: result: no
configure:3621: checking whether make supports the include directive
configure:3636: make -f confmf.GNU && cat confinc.out
this is the am__doit target
configure:3639: $? = 0
configure:3658: result: yes (GNU style)
configure:3803: checking for gcc
configure:3824: found /usr/bin/gcc
configure:3835: result: gcc
configure:3866: checking for C compiler version
configure:3875: gcc --version >&5
gcc (Ubuntu 9.4.0-1ubuntu1~20.04.2) 9.4.0
Copyright (C) 2019 Free Software Foundation, Inc.
This is free software; see the source for copying conditions.  There is NO
warranty; not even for MERCHANTABILITY or FITNESS FOR A PARTICULAR PURPOSE.

configure:3886: $? = 0
configure:3875: gcc -v >&5
Using built-in specs.
COLLECT_GCC=gcc
COLLECT_LTO_WRAPPER=/usr/lib/gcc/x86_64-linux-gnu/9/lto-wrapper
OFFLOAD_TARGET_NAMES=nvptx-none:hsa
OFFLOAD_TARGET_DEFAULT=1
Target: x86_64-linux-gnu
Configured with: ../src/configure -v --with-pkgversion='Ubuntu 9.4.0-1ubuntu1~20.04.2' --with-bugurl=file:///usr/share/doc/gcc-9/README.Bugs --enable-languages=c,ada,c++,go,brig,d,fortran,objc,obj-c++,gm2 --prefix=/usr --with-gcc-major-version-only --program-suffix=-9 --program-prefix=x86_64-linux-gnu- --enable-shared --enable-linker-build-id --libexecdir=/usr/lib --without-included-gettext --enable-threads=posix --libdir=/usr/lib --enable-nls --enable-clocale=gnu --enable-libstdcxx-debug --enable-libstdcxx-time=yes --with-default-libstdcxx-abi=new --enable-gnu-unique-object --disable-vtable-verify --enable-plugin --enable-default-pie --with-system-zlib --with-target-system-zlib=auto --enable-objc-gc=auto --enable-multiarch --disable-werror --with-arch-32=i686 --with-abi=m64 --with-multilib-list=m32,m64,mx32 --enable-multilib --with-tune=generic --enable-offload-targets=nvptx-none=/build/gcc-9-9QDOt0/gcc-9-9.4.0/debian/tmp-nvptx/usr,hsa --without-cuda-driver --enable-checking=release --build=x86_64-linux-gnu --host=x86_64-linux-gnu --target=x86_64-linux-gnu
Thread model: posix
gcc version 9.4.0 (Ubuntu 9.4.0-1ubuntu1~20.04.2) 
configure:3886: $? = 0
configure:3875: gcc -V >&5
gcc: error: unrecognized command line option '-V'
gcc: fatal error: no input files
compilation terminated.
configure:3886: $? = 1
configure:3875: gcc -qversion >&5
gcc: error: unrecognized command line option '-qversion'; did you mean '--version'?
gcc: fatal error: no input files
compilation terminated.
configure:3886: $? = 1
configure:3875: gcc -version >&5
gcc: error: unrecognized command line option '-version'
gcc: fatal error: no input files
compilation terminated.
configure:3886: $? = 1
configure:3906: checking whether the C compiler works
configure:3928: gcc -O2 -DNDEBUG    conftest.c  >&5
configure:3932: $? = 0
configure:3982: result: yes
configure:3985: checking for C compiler default output file name
configure:3987: result: a.out
configure:3993: checking for suffix of executables
configure:4000: gcc -o conftest -O2 -DNDEBUG    conftest.c  >&5
configure:4004: $? = 0
configure:4027: result: 
configure:4049: checking whether we are cross compiling
configure:4057: gcc -o conftest -O2 -DNDEBUG    conftest.c  >&5
configure:4061: $? = 0
configure:4068: ./conftest
configure:4072: $? = 0
configure:4060: result: no
configure:4065: checking for suffix of object files
configure:4088: gcc -c -O2 -DNDEBUG   conftest.c >&5
configure:4092: $? = 0
configure:4114: result: o
configure:4118: checking whether the compiler supports GNU C
configure:4138: gcc -c -O2 -DNDEBUG   conftest.c >&5
configure:4138: $? = 0
configure:4148: result: yes
configure:4159: checking whether gcc accepts -g
configure:4180: gcc -c -g  conftest.c >&5
configure:4180: $? = 0
configure:4224: result: yes
configure:4244: checking for gcc option to enable C11 features
configure:4259: gcc  -c -O2 -DNDEBUG   conftest.c >&5
configure:4259: $? = 0
configure:4277: result: none needed
configure:4393: checking whether gcc understands -c and -o together
configure:4416: gcc -c conftest.c -o conftest2.o
configure:4419: $? = 0
configure:4416: gcc -c conftest.c -o conftest2.o
configure:4419: $? = 0
configure:4431: result: yes
configure:4450: checking dependency style of gcc
configure:4562: result: gcc3
configure:4702: checking for gfortran
configure:4723: found /usr/bin/gfortran
configure:4734: result: gfortran
configure:4760: checking for Fortran compiler version
configure:4769: gfortran --version >&5
GNU Fortran (Ubuntu 9.4.0-1ubuntu1~20.04.2) 9.4.0
Copyright (C) 2019 Free Software Foundation, Inc.
This is free software; see the source for copying conditions.  There is NO
warranty; not even for MERCHANTABILITY or FITNESS FOR A PARTICULAR PURPOSE.

configure:4780: $? = 0
configure:4769: gfortran -v >&5
Using built-in specs.
COLLECT_GCC=gfortran
COLLECT_LTO_WRAPPER=/usr/lib/gcc/x86_64-linux-gnu/9/lto-wrapper
OFFLOAD_TARGET_NAMES=nvptx-none:hsa
OFFLOAD_TARGET_DEFAULT=1
Target: x86_64-linux-gnu
Configured with: ../src/configure -v --with-pkgversion='Ubuntu 9.4.0-1ubuntu1~20.04.2' --with-bugurl=file:///usr/share/doc/gcc-9/README.Bugs --enable-languages=c,ada,c++,go,brig,d,fortran,objc,obj-c++,gm2 --prefix=/usr --with-gcc-major-version-only --program-suffix=-9 --program-prefix=x86_64-linux-gnu- --enable-shared --enable-linker-build-id --libexecdir=/usr/lib --without-included-gettext --enable-threads=posix --libdir=/usr/lib --enable-nls --enable-clocale=gnu --enable-libstdcxx-debug --enable-libstdcxx-time=yes --with-default-libstdcxx-abi=new --enable-gnu-unique-object --disable-vtable-verify --enable-plugin --enable-default-pie --with-system-zlib --with-target-system-zlib=auto --enable-objc-gc=auto --enable-multiarch --disable-werror --with-arch-32=i686 --with-abi=m64 --with-multilib-list=m32,m64,mx32 --enable-multilib --with-tune=generic --enable-offload-targets=nvptx-none=/build/gcc-9-9QDOt0/gcc-9-9.4.0/debian/tmp-nvptx/usr,hsa --without-cuda-driver --enable-checking=release --build=x86_64-linux-gnu --host=x86_64-linux-gnu --target=x86_64-linux-gnu
Thread model: posix
gcc version 9.4.0 (Ubuntu 9.4.0-1ubuntu1~20.04.2) 
configure:4780: $? = 0
configure:4769: gfortran -V >&5
gfortran: error: unrecognized command line option '-V'
gfortran: fatal error: no input files
compilation terminated.
configure:4780: $? = 1
configure:4769: gfortran -qversion >&5
gfortran: error: unrecognized command line option '-qversion'; did you mean '--version'?
gfortran: fatal error: no input files
compilation terminated.
configure:4780: $? = 1
configure:4789: checking whether the compiler supports GNU Fortran
configure:4803: gfortran -c -O2   conftest.F >&5
configure:4803: $? = 0
configure:4813: result: yes
configure:4821: checking whether gfortran accepts -g
configure:4833: gfortran -c -g  conftest.f >&5
configure:4833: $? = 0
configure:4842: result: yes
configure:4879: checking whether gfortran understands -c and -o together
configure:4898: gfortran -O2  -c conftest.f -o conftest2.o >&5
configure:4902: $? = 0
configure:4909: gfortran -O2  -c conftest.f -o conftest2.o >&5
configure:4913: $? = 0
configure:4921: result: yes
configure:4995: checking how to print strings
configure:5022: result: printf
configure:5043: checking for a sed that does not truncate output
configure:5113: result: /usr/bin/sed
configure:5131: checking for grep that handles long lines and -e
configure:5195: result: /usr/bin/grep
configure:5200: checking for egrep
configure:5268: result: /usr/bin/grep -E
configure:5273: checking for fgrep
configure:5341: result: /usr/bin/grep -F
configure:5377: checking for ld used by gcc
configure:5445: result: /usr/bin/ld
configure:5452: checking if the linker (/usr/bin/ld) is GNU ld
configure:5468: result: yes
configure:5480: checking for BSD- or MS-compatible name lister (nm)
configure:5535: result: /usr/bin/nm -B
configure:5675: checking the name lister (/usr/bin/nm -B) interface
configure:5683: gcc -c -O2 -DNDEBUG   conftest.c >&5
configure:5686: /usr/bin/nm -B "conftest.o"
configure:5689: output
0000000000000000 B some_variable
configure:5690: result: BSD nm
configure:5693: checking whether ln -s works
configure:5697: result: yes
configure:5705: checking the maximum length of command line arguments
configure:5837: result: 1572864
configure:5885: checking how to convert x86_64-pc-linux-gnu file names to x86_64-pc-linux-gnu format
configure:5926: result: func_convert_file_noop
configure:5933: checking how to convert x86_64-pc-linux-gnu file names to toolchain format
configure:5954: result: func_convert_file_noop
configure:5961: checking for /usr/bin/ld option to reload object files
configure:5969: result: -r
configure:6048: checking for file
configure:6069: found /usr/bin/file
configure:6080: result: file
configure:6156: checking for objdump
configure:6177: found /usr/bin/objdump
configure:6188: result: objdump
configure:6217: checking how to recognize dependent libraries
configure:6418: result: pass_all
configure:6508: checking for dlltool
configure:6543: result: no
configure:6570: checking how to associate runtime and link libraries
configure:6598: result: printf %s\n
configure:6663: checking for ar
configure:6684: found /usr/bin/ar
configure:6695: result: ar
configure:6748: checking for archiver @FILE support
configure:6766: gcc -c -O2 -DNDEBUG   conftest.c >&5
configure:6766: $? = 0
configure:6770: ar cr libconftest.a @conftest.lst >&5
configure:6773: $? = 0
configure:6778: ar cr libconftest.a @conftest.lst >&5
ar: conftest.o: No such file or directory
configure:6781: $? = 1
configure:6780: result: @
configure:6843: checking for strip
configure:6864: found /usr/bin/strip
configure:6875: result: strip
configure:6952: checking for ranlib
configure:6973: found /usr/bin/ranlib
configure:6984: result: ranlib
configure:7086: checking command to parse /usr/bin/nm -B output from gcc object
configure:7240: gcc -c -O2 -DNDEBUG   conftest.c >&5
configure:7243: $? = 0
configure:7247: /usr/bin/nm -B conftest.o \| /usr/bin/sed -n -e 's/^.*[ ]\([ABCDGIRSTW][ABCDGIRSTW]*\)[ ][ ]*\([_A-Za-z][_A-Za-z0-9]*\)$/\1 \2 \2/p' | /usr/bin/sed '/ __gnu_lto/d' \> conftest.nm
configure:7250: $? = 0
configure:7316: gcc -o conftest -O2 -DNDEBUG    conftest.c conftstm.o >&5
configure:7319: $? = 0
configure:7357: result: ok
configure:7404: checking for sysroot
configure:7435: result: no
configure:7442: checking for a working dd
configure:7486: result: /usr/bin/dd
configure:7490: checking how to truncate binary pipes
configure:7506: result: /usr/bin/dd bs=4096 count=1
configure:7643: gcc -c -O2 -DNDEBUG   conftest.c >&5
configure:7646: $? = 0
configure:7843: checking for mt
configure:7864: found /usr/bin/mt
configure:7875: result: mt
configure:7898: checking if mt is a manifest tool
configure:7905: mt '-?'
configure:7913: result: no
configure:8638: checking for stdio.h
configure:8638: gcc -c -O2 -DNDEBUG   conftest.c >&5
configure:8638: $? = 0
configure:8638: result: yes
configure:8638: checking for stdlib.h
configure:8638: gcc -c -O2 -DNDEBUG   conftest.c >&5
configure:8638: $? = 0
configure:8638: result: yes
configure:8638: checking for string.h
configure:8638: gcc -c -O2 -DNDEBUG   conftest.c >&5
configure:8638: $? = 0
configure:8638: result: yes
configure:8638: checking for inttypes.h
configure:8638: gcc -c -O2 -DNDEBUG   conftest.c >&5
configure:8638: $? = 0
configure:8638: result: yes
configure:8638: checking for stdint.h
configure:8638: gcc -c -O2 -DNDEBUG   conftest.c >&5
configure:8638: $? = 0
configure:8638: result: yes
configure:8638: checking for strings.h
configure:8638: gcc -c -O2 -DNDEBUG   conftest.c >&5
configure:8638: $? = 0
configure:8638: result: yes
configure:8638: checking for sys/stat.h
configure:8638: gcc -c -O2 -DNDEBUG   conftest.c >&5
configure:8638: $? = 0
configure:8638: result: yes
configure:8638: checking for sys/types.h
configure:8638: gcc -c -O2 -DNDEBUG   conftest.c >&5
configure:8638: $? = 0
configure:8638: result: yes
configure:8638: checking for unistd.h
configure:8638: gcc -c -O2 -DNDEBUG   conftest.c >&5
configure:8638: $? = 0
configure:8638: result: yes
configure:8663: checking for dlfcn.h
configure:8663: gcc -c -O2 -DNDEBUG   conftest.c >&5
configure:8663: $? = 0
configure:8663: result: yes
configure:8796: checking the archiver (ar) interface
configure:8813: gcc -c -O2 -DNDEBUG   conftest.c >&5
configure:8813: $? = 0
configure:8816: ar cru libconftest.a conftest.o >&5
ar: `u' modifier ignored since `D' is the default (see `U')
configure:8819: $? = 0
configure:8818: result: ar
configure:9416: checking for objdir
configure:9432: result: .libs
configure:9692: checking if gcc supports -fno-rtti -fno-exceptions
configure:9711: gcc -c -O2 -DNDEBUG   -fno-rtti -fno-exceptions conftest.c >&5
cc1: warning: command line option '-fno-rtti' is valid for C++/D/ObjC++ but not for C
configure:9715: $? = 0
configure:9728: result: no
configure:10086: checking for gcc option to produce PIC
configure:10094: result: -fPIC -DPIC
configure:10102: checking if gcc PIC flag -fPIC -DPIC works
configure:10121: gcc -c -O2 -DNDEBUG   -fPIC -DPIC -DPIC conftest.c >&5
configure:10125: $? = 0
configure:10138: result: yes
configure:10167: checking if gcc static flag -static works
configure:10196: result: yes
configure:10211: checking if gcc supports -c -o file.o
configure:10233: gcc -c -O2 -DNDEBUG   -o out/conftest2.o conftest.c >&5
configure:10237: $? = 0
configure:10259: result: yes
configure:10267: checking if gcc supports -c -o file.o
configure:10315: result: yes
configure:10348: checking whether the gcc linker (/usr/bin/ld -m elf_x86_64) supports shared libraries
configure:11616: result: yes
configure:11653: checking whether -lc should be explicitly linked in
configure:11662: gcc -c -O2 -DNDEBUG   conftest.c >&5
configure:11665: $? = 0
configure:11680: gcc -shared  -fPIC -DPIC conftest.o  -v -Wl,-soname -Wl,conftest -o conftest 2\>\&1 \| /usr/bin/grep  -lc  \>/dev/null 2\>\&1
configure:11683: $? = 0
configure:11697: result: no
configure:11857: checking dynamic linker characteristics
configure:12439: gcc -o conftest -O2 -DNDEBUG    -Wl,-rpath -Wl,/foo conftest.c  >&5
configure:12439: $? = 0
configure:12678: result: GNU/Linux ld.so
configure:12800: checking how to hardcode library paths into programs
configure:12825: result: immediate
configure:13377: checking whether stripping libraries is possible
configure:13386: result: yes
configure:13428: checking if libtool supports shared libraries
configure:13430: result: yes
configure:13433: checking whether to build shared libraries
configure:13458: result: yes
configure:13461: checking whether to build static libraries
configure:13465: result: no
configure:10350: checking if libtool supports shared libraries
configure:10352: result: yes
configure:10355: checking whether to build shared libraries
configure:10379: result: yes
configure:10382: checking whether to build static libraries
configure:10386: result: no
configure:10420: gfortran -c -O2   conftest.f >&5
configure:10423: $? = 0
configure:10901: checking for gfortran option to produce PIC
configure:10909: result: -fPIC
configure:10917: checking if gfortran PIC flag -fPIC works
configure:10936: gfortran -c -O2  -fPIC  conftest.f >&5
configure:10940: $? = 0
configure:10953: result: yes
configure:10976: checking if gfortran static flag -static works
configure:11005: result: yes
configure:11017: checking if gfortran supports -c -o file.o
configure:11039: gfortran -c -O2  -o out/conftest2.o  conftest.f >&5
configure:11043: $? = 0
configure:11065: result: yes
configure:11070: checking if gfortran supports -c -o file.o
configure:11118: result: yes
configure:11148: checking whether the gfortran linker (/usr/bin/ld -m elf_x86_64) supports shared libraries
configure:12365: result: yes
configure:12507: checking dynamic linker characteristics
configure:13249: result: GNU/Linux ld.so
configure:13314: checking how to hardcode library paths into programs
configure:13339: result: immediate
configure:11085: libtool version info: -version-number 3:0:5
configure:11107: checking how to get verbose linking output from gfortran
configure:11118: gfortran -c -O2   conftest.f >&5
configure:11118: $? = 0
configure:11137: gfortran -o conftest -O2 -v conftest.f
Using built-in specs.
Target: x86_64-linux-gnu
Thread model: posix
gcc version 9.4.0 (Ubuntu 9.4.0-1ubuntu1~20.04.2) 
 /usr/lib/gcc/x86_64-linux-gnu/9/f951 conftest.f -ffixed-form -quiet -dumpbase conftest.f -mtune=generic -march=x86-64 -auxbase conftest -O2 -version -fintrinsic-modules-path /usr/lib/gcc/x86_64-linux-gnu/9/finclude -fpre-include=/usr/include/finclude/math-vector-fortran.h -o /tmp/ccuyI0T8.s
GNU Fortran (Ubuntu 9.4.0-1ubuntu1~20.04.2) version 9.4.0 (x86_64-linux-gnu)
	compiled by GNU C version 9.4.0, GMP version 6.2.0, MPFR version 4.0.2, MPC version 1.1.0, isl version isl-0.22.1-GMP

GGC heuristics: --param ggc-min-expand=100 --param ggc-min-heapsize=131072
GNU Fortran2008 (Ubuntu 9.4.0-1ubuntu1~20.04.2) version 9.4.0 (x86_64-linux-gnu)
	compiled by GNU C version 9.4.0, GMP version 6.2.0, MPFR version 4.0.2, MPC version 1.1.0, isl version isl-0.22.1-GMP

GGC heuristics: --param ggc-min-expand=100 --param ggc-min-heapsize=131072
 as -v --64 -o /tmp/ccgQDDk9.o /tmp/ccuyI0T8.s
GNU assembler version 2.34 (x86_64-linux-gnu) using BFD version (GNU Binutils for Ubuntu) 2.34
Reading specs from /usr/lib/gcc/x86_64-linux-gnu/9/libgfortran.spec
rename spec lib to liborig
 /usr/lib/gcc/x86_64-linux-gnu/9/collect2 -plugin /usr/lib/gcc/x86_64-linux-gnu/9/liblto_plugin.so -plugin-opt=/usr/lib/gcc/x86_64-linux-gnu/9/lto-wrapper -plugin-opt=-fresolution=/tmp/cc8raDK8.res -plugin-opt=-pass-through=-lgcc_s -plugin-opt=-pass-through=-lgcc -plugin-opt=-pass-through=-lquadmath -plugin-opt=-pass-through=-lm -plugin-opt=-pass-through=-lgcc_s -plugin-opt=-pass-through=-lgcc -plugin-opt=-pass-through=-lc -plugin-opt=-pass-through=-lgcc_s -plugin-opt=-pass-through=-lgcc --build-id --eh-frame-hdr -m elf_x86_64 --hash-style=gnu --as-needed -dynamic-linker /lib64/ld-linux-x86-64.so.2 -pie -z now -z relro -o conftest /usr/lib/gcc/x86_64-linux-gnu/9/../../../x86_64-linux-gnu/Scrt1.o /usr/lib/gcc/x86_64-linux-gnu/9/../../../x86_64-linux-gnu/crti.o /usr/lib/gcc/x86_64-linux-gnu/9/crtbeginS.o -L/usr/lib/gcc/x86_64-linux-gnu/9 -L/usr/lib/gcc/x86_64-linux-gnu/9/../../../x86_64-linux-gnu -L/usr/lib/gcc/x86_64-linux-gnu/9/../../../../lib -L/lib/x86_64-linux-gnu -L/lib/../lib -L/usr/lib/x86_64-linux-gnu -L/usr/lib/../lib -L/usr/lib/gcc/x86_64-linux-gnu/9/../../.. /tmp/ccgQDDk9.o -lgfortran -lm -lgcc_s -lgcc -lquadmath -lm -lgcc_s -lgcc -lc -lgcc_s -lgcc /usr/lib/gcc/x86_64-linux-gnu/9/crtendS.o /usr/lib/gcc/x86_64-linux-gnu/9/../../../x86_64-linux-gnu/crtn.o
configure:11220: result: -v
configure:11222: checking for Fortran libraries of gfortran
configure:11246: gfortran -o conftest -O2 -v conftest.f
Using built-in specs.
Target: x86_64-linux-gnu
Thread model: posix
gcc version 9.4.0 (Ubuntu 9.4.0-1ubuntu1~20.04.2) 
 /usr/lib/gcc/x86_64-linux-gnu/9/f951 conftest.f -ffixed-form -quiet -dumpbase conftest.f -mtune=generic -march=x86-64 -auxbase conftest -O2 -version -fintrinsic-modules-path /usr/lib/gcc/x86_64-linux-gnu/9/finclude -fpre-include=/usr/include/finclude/math-vector-fortran.h -o /tmp/cced7z3h.s
GNU Fortran (Ubuntu 9.4.0-1ubuntu1~20.04.2) version 9.4.0 (x86_64-linux-gnu)
	compiled by GNU C version 9.4.0, GMP version 6.2.0, MPFR version 4.0.2, MPC version 1.1.0, isl version isl-0.22.1-GMP

GGC heuristics: --param ggc-min-expand=100 --param ggc-min-heapsize=131072
GNU Fortran2008 (Ubuntu 9.4.0-1ubuntu1~20.04.2) version 9.4.0 (x86_64-linux-gnu)
	compiled by GNU C version 9.4.0, GMP version 6.2.0, MPFR version 4.0.2, MPC version 1.1.0, isl version isl-0.22.1-GMP

GGC heuristics: --param ggc-min-expand=100 --param ggc-min-heapsize=131072
 as -v --64 -o /tmp/ccIHVizj.o /tmp/cced7z3h.s
GNU assembler version 2.34 (x86_64-linux-gnu) using BFD version (GNU Binutils for Ubuntu) 2.34
Reading specs from /usr/lib/gcc/x86_64-linux-gnu/9/libgfortran.spec
rename spec lib to liborig
 /usr/lib/gcc/x86_64-linux-gnu/9/collect2 -plugin /usr/lib/gcc/x86_64-linux-gnu/9/liblto_plugin.so -plugin-opt=/usr/lib/gcc/x86_64-linux-gnu/9/lto-wrapper -plugin-opt=-fresolution=/tmp/ccTLYGof.res -plugin-opt=-pass-through=-lgcc_s -plugin-opt=-pass-through=-lgcc -plugin-opt=-pass-through=-lquadmath -plugin-opt=-pass-through=-lm -plugin-opt=-pass-through=-lgcc_s -plugin-opt=-pass-through=-lgcc -plugin-opt=-pass-through=-lc -plugin-opt=-pass-through=-lgcc_s -plugin-opt=-pass-through=-lgcc --build-id --eh-frame-hdr -m elf_x86_64 --hash-style=gnu --as-needed -dynamic-linker /lib64/ld-linux-x86-64.so.2 -pie -z now -z relro -o conftest /usr/lib/gcc/x86_64-linux-gnu/9/../../../x86_64-linux-gnu/Scrt1.o /usr/lib/gcc/x86_64-linux-gnu/9/../../../x86_64-linux-gnu/crti.o /usr/lib/gcc/x86_64-linux-gnu/9/crtbeginS.o -L/usr/lib/gcc/x86_64-linux-gnu/9 -L/usr/lib/gcc/x86_64-linux-gnu/9/../../../x86_64-linux-gnu -L/usr/lib/gcc/x86_64-linux-gnu/9/../../../../lib -L/lib/x86_64-linux-gnu -L/lib/../lib -L/usr/lib/x86_64-linux-gnu -L/usr/lib/../lib -L/usr/lib/gcc/x86_64-linux-gnu/9/../../.. /tmp/ccIHVizj.o -lgfortran -lm -lgcc_s -lgcc -lquadmath -lm -lgcc_s -lgcc -lc -lgcc_s -lgcc /usr/lib/gcc/x86_64-linux-gnu/9/crtendS.o /usr/lib/gcc/x86_64-linux-gnu/9/../../../x86_64-linux-gnu/crtn.o
configure:11462: result:  -L/usr/lib/gcc/x86_64-linux-gnu/9 -L/usr/lib/gcc/x86_64-linux-gnu/9/../../../x86_64-linux-gnu -L/usr/lib/gcc/x86_64-linux-gnu/9/../../../../lib -L/lib/x86_64-linux-gnu -L/lib/../lib -L/usr/lib/x86_64-linux-gnu -L/usr/lib/../lib -L/usr/lib/gcc/x86_64-linux-gnu/9/../../.. -lgfortran -lm -lquadmath
configure:11478: checking for dummy main to link with Fortran libraries
configure:11513: gcc -o conftest -O2 -DNDEBUG    conftest.c   -L/usr/lib/gcc/x86_64-linux-gnu/9 -L/usr/lib/gcc/x86_64-linux-gnu/9/../../../x86_64-linux-gnu -L/usr/lib/gcc/x86_64-linux-gnu/9/../../../../lib -L/lib/x86_64-linux-gnu -L/lib/../lib -L/usr/lib/x86_64-linux-gnu -L/usr/lib/../lib -L/usr/lib/gcc/x86_64-linux-gnu/9/../../.. -lgfortran -lm -lquadmath >&5
configure:11513: $? = 0
configure:11560: result: none
configure:11592: checking for Fortran name-mangling scheme
configure:11606: gfortran -c -O2   conftest.f >&5
configure:11606: $? = 0
configure:11645: gcc -o conftest -O2 -DNDEBUG    conftest.c cfortran_test.o   -L/usr/lib/gcc/x86_64-linux-gnu/9 -L/usr/lib/gcc/x86_64-linux-gnu/9/../../../x86_64-linux-gnu -L/usr/lib/gcc/x86_64-linux-gnu/9/../../../../lib -L/lib/x86_64-linux-gnu -L/lib/../lib -L/usr/lib/x86_64-linux-gnu -L/usr/lib/../lib -L/usr/lib/gcc/x86_64-linux-gnu/9/../../.. -lgfortran -lm -lquadmath >&5
/usr/bin/ld: /tmp/ccrF0uWM.o: in function `main':
conftest.c:(.text.startup+0xb): undefined reference to `foobar'
collect2: error: ld returned 1 exit status
configure:11645: $? = 1
configure: failed program was:
| /* confdefs.h */
| #define PACKAGE_NAME "ThirdPartyMumps"
| #define PACKAGE_TARNAME "thirdpartymumps"
| #define PACKAGE_VERSION "3.0.5"
| #define PACKAGE_STRING "ThirdPartyMumps 3.0.5"
| #define PACKAGE_BUGREPORT "https://github.com/coin-or-tools/ThirdParty-Mumps/issues/new"
| #define PACKAGE_URL "https://github.com/coin-or-tools/ThirdParty-Mumps"
| #define THIRDPARTYMUMPS_VERSION "3.0.5"
| #define THIRDPARTYMUMPS_VERSION_MAJOR 3
| #define THIRDPARTYMUMPS_VERSION_MINOR 0
| #define THIRDPARTYMUMPS_VERSION_RELEASE 5
| #define HAVE_STDIO_H 1
| #define HAVE_STDLIB_H 1
| #define HAVE_STRING_H 1
| #define HAVE_INTTYPES_H 1
| #define HAVE_STDINT_H 1
| #define HAVE_STRINGS_H 1
| #define HAVE_SYS_STAT_H 1
| #define HAVE_SYS_TYPES_H 1
| #define HAVE_UNISTD_H 1
| #define STDC_HEADERS 1
| #define HAVE_DLFCN_H 1
| #define LT_OBJDIR ".libs/"
| /* end confdefs.h.  */
| 
| /* Override any GCC internal prototype to avoid an error.
|    Use char because int might match the return type of a GCC
|    builtin and then its argument prototype would still apply.  */
| char foobar ();
| #ifdef FC_DUMMY_MAIN
| #ifndef FC_DUMMY_MAIN_EQ_F77
| #  ifdef __cplusplus
|      extern "C"
| #  endif
|    int FC_DUMMY_MAIN() { return 1; }
| #endif
| #endif
| int
| main (void)
| {
| return foobar ();
|   ;
|   return 0;
| }
configure:11645: gcc -o conftest -O2 -DNDEBUG    conftest.c cfortran_test.o   -L/usr/lib/gcc/x86_64-linux-gnu/9 -L/usr/lib/gcc/x86_64-linux-gnu/9/../../../x86_64-linux-gnu -L/usr/lib/gcc/x86_64-linux-gnu/9/../../../../lib -L/lib/x86_64-linux-gnu -L/lib/../lib -L/usr/lib/x86_64-linux-gnu -L/usr/lib/../lib -L/usr/lib/gcc/x86_64-linux-gnu/9/../../.. -lgfortran -lm -lquadmath >&5
configure:11645: $? = 0
configure:11701: gcc -o conftest -O2 -DNDEBUG    conftest.c cfortran_test.o   -L/usr/lib/gcc/x86_64-linux-gnu/9 -L/usr/lib/gcc/x86_64-linux-gnu/9/../../../x86_64-linux-gnu -L/usr/lib/gcc/x86_64-linux-gnu/9/../../../../lib -L/lib/x86_64-linux-gnu -L/lib/../lib -L/usr/lib/x86_64-linux-gnu -L/usr/lib/../lib -L/usr/lib/gcc/x86_64-linux-gnu/9/../../.. -lgfortran -lm -lquadmath >&5
configure:11701: $? = 0
configure:11744: result: lower case, underscore, no extra underscore
configure:11887: checking for pthread.h
configure:11887: gcc -c -O2 -DNDEBUG   conftest.c >&5
configure:11887: $? = 0
configure:11887: result: yes
configure:11897: checking for pthread_create in -lpthread
configure:11928: gcc -o conftest -O2 -DNDEBUG    conftest.c -lpthread   >&5
configure:11928: $? = 0
configure:11938: result: yes
configure:12106: checking for pkgconf
configure:12141: result: no
configure:12106: checking for pkg-config
configure:12127: found /usr/bin/pkg-config
configure:12138: result: pkg-config
configure:12165: checking pkg-config is at least version 0.16.0
configure:12169: result: yes: 0.29.1
configure:12205: pkg-config path is "/usr/local/lib/pkgconfig:"
configure:12210: checking for LAPACK
configure:12385: gcc -o conftest -O2 -DNDEBUG    conftest.c -lmkl_intel_lp64 -lmkl_sequential -lmkl_core -lm  >&5
/usr/bin/ld: cannot find -lmkl_intel_lp64
/usr/bin/ld: cannot find -lmkl_sequential
/usr/bin/ld: cannot find -lmkl_core
collect2: error: ld returned 1 exit status
configure:12385: $? = 1
configure: failed program was:
| /* confdefs.h */
| #define PACKAGE_NAME "ThirdPartyMumps"
| #define PACKAGE_TARNAME "thirdpartymumps"
| #define PACKAGE_VERSION "3.0.5"
| #define PACKAGE_STRING "ThirdPartyMumps 3.0.5"
| #define PACKAGE_BUGREPORT "https://github.com/coin-or-tools/ThirdParty-Mumps/issues/new"
| #define PACKAGE_URL "https://github.com/coin-or-tools/ThirdParty-Mumps"
| #define THIRDPARTYMUMPS_VERSION "3.0.5"
| #define THIRDPARTYMUMPS_VERSION_MAJOR 3
| #define THIRDPARTYMUMPS_VERSION_MINOR 0
| #define THIRDPARTYMUMPS_VERSION_RELEASE 5
| #define HAVE_STDIO_H 1
| #define HAVE_STDLIB_H 1
| #define HAVE_STRING_H 1
| #define HAVE_INTTYPES_H 1
| #define HAVE_STDINT_H 1
| #define HAVE_STRINGS_H 1
| #define HAVE_SYS_STAT_H 1
| #define HAVE_SYS_TYPES_H 1
| #define HAVE_UNISTD_H 1
| #define STDC_HEADERS 1
| #define HAVE_DLFCN_H 1
| #define LT_OBJDIR ".libs/"
| #define FC_FUNC(name,NAME) name ## _
| #define FC_FUNC_(name,NAME) name ## _
| #define MUMPS_INTSIZE32 /**/
| /* end confdefs.h.  */
| 
| /* Override any GCC internal prototype to avoid an error.
|    Use char because int might match the return type of a GCC
|    builtin and then its argument prototype would still apply.  */
| char dsyev_ ();
| #ifdef FC_DUMMY_MAIN
| #ifndef FC_DUMMY_MAIN_EQ_F77
| #  ifdef __cplusplus
|      extern "C"
| #  endif
|    int FC_DUMMY_MAIN() { return 1; }
| #endif
| #endif
| int
| main (void)
| {
| return dsyev_ ();
|   ;
|   return 0;
| }
configure:12385: gcc -o conftest -O2 -DNDEBUG    conftest.c -lmkl_intel_lp64 -lmkl_sequential -lmkl_core -lm  >&5
/usr/bin/ld: cannot find -lmkl_intel_lp64
/usr/bin/ld: cannot find -lmkl_sequential
/usr/bin/ld: cannot find -lmkl_core
collect2: error: ld returned 1 exit status
configure:12385: $? = 1
configure: failed program was:
| /* confdefs.h */
| #define PACKAGE_NAME "ThirdPartyMumps"
| #define PACKAGE_TARNAME "thirdpartymumps"
| #define PACKAGE_VERSION "3.0.5"
| #define PACKAGE_STRING "ThirdPartyMumps 3.0.5"
| #define PACKAGE_BUGREPORT "https://github.com/coin-or-tools/ThirdParty-Mumps/issues/new"
| #define PACKAGE_URL "https://github.com/coin-or-tools/ThirdParty-Mumps"
| #define THIRDPARTYMUMPS_VERSION "3.0.5"
| #define THIRDPARTYMUMPS_VERSION_MAJOR 3
| #define THIRDPARTYMUMPS_VERSION_MINOR 0
| #define THIRDPARTYMUMPS_VERSION_RELEASE 5
| #define HAVE_STDIO_H 1
| #define HAVE_STDLIB_H 1
| #define HAVE_STRING_H 1
| #define HAVE_INTTYPES_H 1
| #define HAVE_STDINT_H 1
| #define HAVE_STRINGS_H 1
| #define HAVE_SYS_STAT_H 1
| #define HAVE_SYS_TYPES_H 1
| #define HAVE_UNISTD_H 1
| #define STDC_HEADERS 1
| #define HAVE_DLFCN_H 1
| #define LT_OBJDIR ".libs/"
| #define FC_FUNC(name,NAME) name ## _
| #define FC_FUNC_(name,NAME) name ## _
| #define MUMPS_INTSIZE32 /**/
| /* end confdefs.h.  */
| 
| /* Override any GCC internal prototype to avoid an error.
|    Use char because int might match the return type of a GCC
|    builtin and then its argument prototype would still apply.  */
| char dsyev ();
| #ifdef FC_DUMMY_MAIN
| #ifndef FC_DUMMY_MAIN_EQ_F77
| #  ifdef __cplusplus
|      extern "C"
| #  endif
|    int FC_DUMMY_MAIN() { return 1; }
| #endif
| #endif
| int
| main (void)
| {
| return dsyev ();
|   ;
|   return 0;
| }
configure:12385: gcc -o conftest -O2 -DNDEBUG    conftest.c -lmkl_intel_lp64 -lmkl_sequential -lmkl_core -lm  >&5
/usr/bin/ld: cannot find -lmkl_intel_lp64
/usr/bin/ld: cannot find -lmkl_sequential
/usr/bin/ld: cannot find -lmkl_core
collect2: error: ld returned 1 exit status
configure:12385: $? = 1
configure: failed program was:
| /* confdefs.h */
| #define PACKAGE_NAME "ThirdPartyMumps"
| #define PACKAGE_TARNAME "thirdpartymumps"
| #define PACKAGE_VERSION "3.0.5"
| #define PACKAGE_STRING "ThirdPartyMumps 3.0.5"
| #define PACKAGE_BUGREPORT "https://github.com/coin-or-tools/ThirdParty-Mumps/issues/new"
| #define PACKAGE_URL "https://github.com/coin-or-tools/ThirdParty-Mumps"
| #define THIRDPARTYMUMPS_VERSION "3.0.5"
| #define THIRDPARTYMUMPS_VERSION_MAJOR 3
| #define THIRDPARTYMUMPS_VERSION_MINOR 0
| #define THIRDPARTYMUMPS_VERSION_RELEASE 5
| #define HAVE_STDIO_H 1
| #define HAVE_STDLIB_H 1
| #define HAVE_STRING_H 1
| #define HAVE_INTTYPES_H 1
| #define HAVE_STDINT_H 1
| #define HAVE_STRINGS_H 1
| #define HAVE_SYS_STAT_H 1
| #define HAVE_SYS_TYPES_H 1
| #define HAVE_UNISTD_H 1
| #define STDC_HEADERS 1
| #define HAVE_DLFCN_H 1
| #define LT_OBJDIR ".libs/"
| #define FC_FUNC(name,NAME) name ## _
| #define FC_FUNC_(name,NAME) name ## _
| #define MUMPS_INTSIZE32 /**/
| /* end confdefs.h.  */
| 
| /* Override any GCC internal prototype to avoid an error.
|    Use char because int might match the return type of a GCC
|    builtin and then its argument prototype would still apply.  */
| char DSYEV_ ();
| #ifdef FC_DUMMY_MAIN
| #ifndef FC_DUMMY_MAIN_EQ_F77
| #  ifdef __cplusplus
|      extern "C"
| #  endif
|    int FC_DUMMY_MAIN() { return 1; }
| #endif
| #endif
| int
| main (void)
| {
| return DSYEV_ ();
|   ;
|   return 0;
| }
configure:12385: gcc -o conftest -O2 -DNDEBUG    conftest.c -lmkl_intel_lp64 -lmkl_sequential -lmkl_core -lm  >&5
/usr/bin/ld: cannot find -lmkl_intel_lp64
/usr/bin/ld: cannot find -lmkl_sequential
/usr/bin/ld: cannot find -lmkl_core
collect2: error: ld returned 1 exit status
configure:12385: $? = 1
configure: failed program was:
| /* confdefs.h */
| #define PACKAGE_NAME "ThirdPartyMumps"
| #define PACKAGE_TARNAME "thirdpartymumps"
| #define PACKAGE_VERSION "3.0.5"
| #define PACKAGE_STRING "ThirdPartyMumps 3.0.5"
| #define PACKAGE_BUGREPORT "https://github.com/coin-or-tools/ThirdParty-Mumps/issues/new"
| #define PACKAGE_URL "https://github.com/coin-or-tools/ThirdParty-Mumps"
| #define THIRDPARTYMUMPS_VERSION "3.0.5"
| #define THIRDPARTYMUMPS_VERSION_MAJOR 3
| #define THIRDPARTYMUMPS_VERSION_MINOR 0
| #define THIRDPARTYMUMPS_VERSION_RELEASE 5
| #define HAVE_STDIO_H 1
| #define HAVE_STDLIB_H 1
| #define HAVE_STRING_H 1
| #define HAVE_INTTYPES_H 1
| #define HAVE_STDINT_H 1
| #define HAVE_STRINGS_H 1
| #define HAVE_SYS_STAT_H 1
| #define HAVE_SYS_TYPES_H 1
| #define HAVE_UNISTD_H 1
| #define STDC_HEADERS 1
| #define HAVE_DLFCN_H 1
| #define LT_OBJDIR ".libs/"
| #define FC_FUNC(name,NAME) name ## _
| #define FC_FUNC_(name,NAME) name ## _
| #define MUMPS_INTSIZE32 /**/
| /* end confdefs.h.  */
| 
| /* Override any GCC internal prototype to avoid an error.
|    Use char because int might match the return type of a GCC
|    builtin and then its argument prototype would still apply.  */
| char DSYEV ();
| #ifdef FC_DUMMY_MAIN
| #ifndef FC_DUMMY_MAIN_EQ_F77
| #  ifdef __cplusplus
|      extern "C"
| #  endif
|    int FC_DUMMY_MAIN() { return 1; }
| #endif
| #endif
| int
| main (void)
| {
| return DSYEV ();
|   ;
|   return 0;
| }
configure:12385: gcc -o conftest -O2 -DNDEBUG    conftest.c -lmkl_intel_lp64 -lmkl_sequential -lmkl_core -lm  >&5
/usr/bin/ld: cannot find -lmkl_intel_lp64
/usr/bin/ld: cannot find -lmkl_sequential
/usr/bin/ld: cannot find -lmkl_core
collect2: error: ld returned 1 exit status
configure:12385: $? = 1
configure: failed program was:
| /* confdefs.h */
| #define PACKAGE_NAME "ThirdPartyMumps"
| #define PACKAGE_TARNAME "thirdpartymumps"
| #define PACKAGE_VERSION "3.0.5"
| #define PACKAGE_STRING "ThirdPartyMumps 3.0.5"
| #define PACKAGE_BUGREPORT "https://github.com/coin-or-tools/ThirdParty-Mumps/issues/new"
| #define PACKAGE_URL "https://github.com/coin-or-tools/ThirdParty-Mumps"
| #define THIRDPARTYMUMPS_VERSION "3.0.5"
| #define THIRDPARTYMUMPS_VERSION_MAJOR 3
| #define THIRDPARTYMUMPS_VERSION_MINOR 0
| #define THIRDPARTYMUMPS_VERSION_RELEASE 5
| #define HAVE_STDIO_H 1
| #define HAVE_STDLIB_H 1
| #define HAVE_STRING_H 1
| #define HAVE_INTTYPES_H 1
| #define HAVE_STDINT_H 1
| #define HAVE_STRINGS_H 1
| #define HAVE_SYS_STAT_H 1
| #define HAVE_SYS_TYPES_H 1
| #define HAVE_UNISTD_H 1
| #define STDC_HEADERS 1
| #define HAVE_DLFCN_H 1
| #define LT_OBJDIR ".libs/"
| #define FC_FUNC(name,NAME) name ## _
| #define FC_FUNC_(name,NAME) name ## _
| #define MUMPS_INTSIZE32 /**/
| /* end confdefs.h.  */
| 
| /* Override any GCC internal prototype to avoid an error.
|    Use char because int might match the return type of a GCC
|    builtin and then its argument prototype would still apply.  */
| char dsyev__ ();
| #ifdef FC_DUMMY_MAIN
| #ifndef FC_DUMMY_MAIN_EQ_F77
| #  ifdef __cplusplus
|      extern "C"
| #  endif
|    int FC_DUMMY_MAIN() { return 1; }
| #endif
| #endif
| int
| main (void)
| {
| return dsyev__ ();
|   ;
|   return 0;
| }
configure:12385: gcc -o conftest -O2 -DNDEBUG    conftest.c -lmkl_intel_lp64 -lmkl_sequential -lmkl_core -lm  >&5
/usr/bin/ld: cannot find -lmkl_intel_lp64
/usr/bin/ld: cannot find -lmkl_sequential
/usr/bin/ld: cannot find -lmkl_core
collect2: error: ld returned 1 exit status
configure:12385: $? = 1
configure: failed program was:
| /* confdefs.h */
| #define PACKAGE_NAME "ThirdPartyMumps"
| #define PACKAGE_TARNAME "thirdpartymumps"
| #define PACKAGE_VERSION "3.0.5"
| #define PACKAGE_STRING "ThirdPartyMumps 3.0.5"
| #define PACKAGE_BUGREPORT "https://github.com/coin-or-tools/ThirdParty-Mumps/issues/new"
| #define PACKAGE_URL "https://github.com/coin-or-tools/ThirdParty-Mumps"
| #define THIRDPARTYMUMPS_VERSION "3.0.5"
| #define THIRDPARTYMUMPS_VERSION_MAJOR 3
| #define THIRDPARTYMUMPS_VERSION_MINOR 0
| #define THIRDPARTYMUMPS_VERSION_RELEASE 5
| #define HAVE_STDIO_H 1
| #define HAVE_STDLIB_H 1
| #define HAVE_STRING_H 1
| #define HAVE_INTTYPES_H 1
| #define HAVE_STDINT_H 1
| #define HAVE_STRINGS_H 1
| #define HAVE_SYS_STAT_H 1
| #define HAVE_SYS_TYPES_H 1
| #define HAVE_UNISTD_H 1
| #define STDC_HEADERS 1
| #define HAVE_DLFCN_H 1
| #define LT_OBJDIR ".libs/"
| #define FC_FUNC(name,NAME) name ## _
| #define FC_FUNC_(name,NAME) name ## _
| #define MUMPS_INTSIZE32 /**/
| /* end confdefs.h.  */
| 
| /* Override any GCC internal prototype to avoid an error.
|    Use char because int might match the return type of a GCC
|    builtin and then its argument prototype would still apply.  */
| char dsyev_ ();
| #ifdef FC_DUMMY_MAIN
| #ifndef FC_DUMMY_MAIN_EQ_F77
| #  ifdef __cplusplus
|      extern "C"
| #  endif
|    int FC_DUMMY_MAIN() { return 1; }
| #endif
| #endif
| int
| main (void)
| {
| return dsyev_ ();
|   ;
|   return 0;
| }
configure:12385: gcc -o conftest -O2 -DNDEBUG    conftest.c -lmkl_intel_lp64 -lmkl_sequential -lmkl_core -lm  >&5
/usr/bin/ld: cannot find -lmkl_intel_lp64
/usr/bin/ld: cannot find -lmkl_sequential
/usr/bin/ld: cannot find -lmkl_core
collect2: error: ld returned 1 exit status
configure:12385: $? = 1
configure: failed program was:
| /* confdefs.h */
| #define PACKAGE_NAME "ThirdPartyMumps"
| #define PACKAGE_TARNAME "thirdpartymumps"
| #define PACKAGE_VERSION "3.0.5"
| #define PACKAGE_STRING "ThirdPartyMumps 3.0.5"
| #define PACKAGE_BUGREPORT "https://github.com/coin-or-tools/ThirdParty-Mumps/issues/new"
| #define PACKAGE_URL "https://github.com/coin-or-tools/ThirdParty-Mumps"
| #define THIRDPARTYMUMPS_VERSION "3.0.5"
| #define THIRDPARTYMUMPS_VERSION_MAJOR 3
| #define THIRDPARTYMUMPS_VERSION_MINOR 0
| #define THIRDPARTYMUMPS_VERSION_RELEASE 5
| #define HAVE_STDIO_H 1
| #define HAVE_STDLIB_H 1
| #define HAVE_STRING_H 1
| #define HAVE_INTTYPES_H 1
| #define HAVE_STDINT_H 1
| #define HAVE_STRINGS_H 1
| #define HAVE_SYS_STAT_H 1
| #define HAVE_SYS_TYPES_H 1
| #define HAVE_UNISTD_H 1
| #define STDC_HEADERS 1
| #define HAVE_DLFCN_H 1
| #define LT_OBJDIR ".libs/"
| #define FC_FUNC(name,NAME) name ## _
| #define FC_FUNC_(name,NAME) name ## _
| #define MUMPS_INTSIZE32 /**/
| /* end confdefs.h.  */
| 
| /* Override any GCC internal prototype to avoid an error.
|    Use char because int might match the return type of a GCC
|    builtin and then its argument prototype would still apply.  */
| char DSYEV__ ();
| #ifdef FC_DUMMY_MAIN
| #ifndef FC_DUMMY_MAIN_EQ_F77
| #  ifdef __cplusplus
|      extern "C"
| #  endif
|    int FC_DUMMY_MAIN() { return 1; }
| #endif
| #endif
| int
| main (void)
| {
| return DSYEV__ ();
|   ;
|   return 0;
| }
configure:12385: gcc -o conftest -O2 -DNDEBUG    conftest.c -lmkl_intel_lp64 -lmkl_sequential -lmkl_core -lm  >&5
/usr/bin/ld: cannot find -lmkl_intel_lp64
/usr/bin/ld: cannot find -lmkl_sequential
/usr/bin/ld: cannot find -lmkl_core
collect2: error: ld returned 1 exit status
configure:12385: $? = 1
configure: failed program was:
| /* confdefs.h */
| #define PACKAGE_NAME "ThirdPartyMumps"
| #define PACKAGE_TARNAME "thirdpartymumps"
| #define PACKAGE_VERSION "3.0.5"
| #define PACKAGE_STRING "ThirdPartyMumps 3.0.5"
| #define PACKAGE_BUGREPORT "https://github.com/coin-or-tools/ThirdParty-Mumps/issues/new"
| #define PACKAGE_URL "https://github.com/coin-or-tools/ThirdParty-Mumps"
| #define THIRDPARTYMUMPS_VERSION "3.0.5"
| #define THIRDPARTYMUMPS_VERSION_MAJOR 3
| #define THIRDPARTYMUMPS_VERSION_MINOR 0
| #define THIRDPARTYMUMPS_VERSION_RELEASE 5
| #define HAVE_STDIO_H 1
| #define HAVE_STDLIB_H 1
| #define HAVE_STRING_H 1
| #define HAVE_INTTYPES_H 1
| #define HAVE_STDINT_H 1
| #define HAVE_STRINGS_H 1
| #define HAVE_SYS_STAT_H 1
| #define HAVE_SYS_TYPES_H 1
| #define HAVE_UNISTD_H 1
| #define STDC_HEADERS 1
| #define HAVE_DLFCN_H 1
| #define LT_OBJDIR ".libs/"
| #define FC_FUNC(name,NAME) name ## _
| #define FC_FUNC_(name,NAME) name ## _
| #define MUMPS_INTSIZE32 /**/
| /* end confdefs.h.  */
| 
| /* Override any GCC internal prototype to avoid an error.
|    Use char because int might match the return type of a GCC
|    builtin and then its argument prototype would still apply.  */
| char DSYEV_ ();
| #ifdef FC_DUMMY_MAIN
| #ifndef FC_DUMMY_MAIN_EQ_F77
| #  ifdef __cplusplus
|      extern "C"
| #  endif
|    int FC_DUMMY_MAIN() { return 1; }
| #endif
| #endif
| int
| main (void)
| {
| return DSYEV_ ();
|   ;
|   return 0;
| }
configure:12828: gcc -o conftest -O2 -DNDEBUG    conftest.c -llapack  >&5
configure:12828: $? = 0
configure:12949: result: yes: generic module (lapack.pc blas.pc)
configure:13071: checking for function dgemmt_ in -llapack -lblas  
configure:13096: gcc -o conftest -O2 -DNDEBUG    conftest.c -llapack -lblas   >&5
/usr/bin/ld: /tmp/ccCgqAzA.o: in function `main':
conftest.c:(.text.startup+0xb): undefined reference to `dgemmt_'
collect2: error: ld returned 1 exit status
configure:13096: $? = 1
configure: failed program was:
| /* confdefs.h */
| #define PACKAGE_NAME "ThirdPartyMumps"
| #define PACKAGE_TARNAME "thirdpartymumps"
| #define PACKAGE_VERSION "3.0.5"
| #define PACKAGE_STRING "ThirdPartyMumps 3.0.5"
| #define PACKAGE_BUGREPORT "https://github.com/coin-or-tools/ThirdParty-Mumps/issues/new"
| #define PACKAGE_URL "https://github.com/coin-or-tools/ThirdParty-Mumps"
| #define THIRDPARTYMUMPS_VERSION "3.0.5"
| #define THIRDPARTYMUMPS_VERSION_MAJOR 3
| #define THIRDPARTYMUMPS_VERSION_MINOR 0
| #define THIRDPARTYMUMPS_VERSION_RELEASE 5
| #define HAVE_STDIO_H 1
| #define HAVE_STDLIB_H 1
| #define HAVE_STRING_H 1
| #define HAVE_INTTYPES_H 1
| #define HAVE_STDINT_H 1
| #define HAVE_STRINGS_H 1
| #define HAVE_SYS_STAT_H 1
| #define HAVE_SYS_TYPES_H 1
| #define HAVE_UNISTD_H 1
| #define STDC_HEADERS 1
| #define HAVE_DLFCN_H 1
| #define LT_OBJDIR ".libs/"
| #define FC_FUNC(name,NAME) name ## _
| #define FC_FUNC_(name,NAME) name ## _
| #define MUMPS_INTSIZE32 /**/
| #define THIRDPARTYMUMPS_HAS_LAPACK 1
| #define THIRDPARTYMUMPS_LAPACK_FUNC(name,NAME) name ## _
| #define THIRDPARTYMUMPS_LAPACK_FUNC_(name,NAME) name ## _
| /* end confdefs.h.  */
| 
| /* Override any GCC internal prototype to avoid an error.
|    Use char because int might match the return type of a GCC
|    builtin and then its argument prototype would still apply.  */
| char dgemmt_ ();
| #ifdef FC_DUMMY_MAIN
| #ifndef FC_DUMMY_MAIN_EQ_F77
| #  ifdef __cplusplus
|      extern "C"
| #  endif
|    int FC_DUMMY_MAIN() { return 1; }
| #endif
| #endif
| int
| main (void)
| {
| return dgemmt_ ();
|   ;
|   return 0;
| }
configure:13105: result: no
configure:13071: checking for function dgemmt in -llapack -lblas  
configure:13096: gcc -o conftest -O2 -DNDEBUG    conftest.c -llapack -lblas   >&5
/usr/bin/ld: /tmp/ccoQN1QF.o: in function `main':
conftest.c:(.text.startup+0xb): undefined reference to `dgemmt'
collect2: error: ld returned 1 exit status
configure:13096: $? = 1
configure: failed program was:
| /* confdefs.h */
| #define PACKAGE_NAME "ThirdPartyMumps"
| #define PACKAGE_TARNAME "thirdpartymumps"
| #define PACKAGE_VERSION "3.0.5"
| #define PACKAGE_STRING "ThirdPartyMumps 3.0.5"
| #define PACKAGE_BUGREPORT "https://github.com/coin-or-tools/ThirdParty-Mumps/issues/new"
| #define PACKAGE_URL "https://github.com/coin-or-tools/ThirdParty-Mumps"
| #define THIRDPARTYMUMPS_VERSION "3.0.5"
| #define THIRDPARTYMUMPS_VERSION_MAJOR 3
| #define THIRDPARTYMUMPS_VERSION_MINOR 0
| #define THIRDPARTYMUMPS_VERSION_RELEASE 5
| #define HAVE_STDIO_H 1
| #define HAVE_STDLIB_H 1
| #define HAVE_STRING_H 1
| #define HAVE_INTTYPES_H 1
| #define HAVE_STDINT_H 1
| #define HAVE_STRINGS_H 1
| #define HAVE_SYS_STAT_H 1
| #define HAVE_SYS_TYPES_H 1
| #define HAVE_UNISTD_H 1
| #define STDC_HEADERS 1
| #define HAVE_DLFCN_H 1
| #define LT_OBJDIR ".libs/"
| #define FC_FUNC(name,NAME) name ## _
| #define FC_FUNC_(name,NAME) name ## _
| #define MUMPS_INTSIZE32 /**/
| #define THIRDPARTYMUMPS_HAS_LAPACK 1
| #define THIRDPARTYMUMPS_LAPACK_FUNC(name,NAME) name ## _
| #define THIRDPARTYMUMPS_LAPACK_FUNC_(name,NAME) name ## _
| /* end confdefs.h.  */
| 
| /* Override any GCC internal prototype to avoid an error.
|    Use char because int might match the return type of a GCC
|    builtin and then its argument prototype would still apply.  */
| char dgemmt ();
| #ifdef FC_DUMMY_MAIN
| #ifndef FC_DUMMY_MAIN_EQ_F77
| #  ifdef __cplusplus
|      extern "C"
| #  endif
|    int FC_DUMMY_MAIN() { return 1; }
| #endif
| #endif
| int
| main (void)
| {
| return dgemmt ();
|   ;
|   return 0;
| }
configure:13105: result: no
configure:13071: checking for function DGEMMT_ in -llapack -lblas  
configure:13096: gcc -o conftest -O2 -DNDEBUG    conftest.c -llapack -lblas   >&5
/usr/bin/ld: /tmp/cch8pepI.o: in function `main':
conftest.c:(.text.startup+0xb): undefined reference to `DGEMMT_'
collect2: error: ld returned 1 exit status
configure:13096: $? = 1
configure: failed program was:
| /* confdefs.h */
| #define PACKAGE_NAME "ThirdPartyMumps"
| #define PACKAGE_TARNAME "thirdpartymumps"
| #define PACKAGE_VERSION "3.0.5"
| #define PACKAGE_STRING "ThirdPartyMumps 3.0.5"
| #define PACKAGE_BUGREPORT "https://github.com/coin-or-tools/ThirdParty-Mumps/issues/new"
| #define PACKAGE_URL "https://github.com/coin-or-tools/ThirdParty-Mumps"
| #define THIRDPARTYMUMPS_VERSION "3.0.5"
| #define THIRDPARTYMUMPS_VERSION_MAJOR 3
| #define THIRDPARTYMUMPS_VERSION_MINOR 0
| #define THIRDPARTYMUMPS_VERSION_RELEASE 5
| #define HAVE_STDIO_H 1
| #define HAVE_STDLIB_H 1
| #define HAVE_STRING_H 1
| #define HAVE_INTTYPES_H 1
| #define HAVE_STDINT_H 1
| #define HAVE_STRINGS_H 1
| #define HAVE_SYS_STAT_H 1
| #define HAVE_SYS_TYPES_H 1
| #define HAVE_UNISTD_H 1
| #define STDC_HEADERS 1
| #define HAVE_DLFCN_H 1
| #define LT_OBJDIR ".libs/"
| #define FC_FUNC(name,NAME) name ## _
| #define FC_FUNC_(name,NAME) name ## _
| #define MUMPS_INTSIZE32 /**/
| #define THIRDPARTYMUMPS_HAS_LAPACK 1
| #define THIRDPARTYMUMPS_LAPACK_FUNC(name,NAME) name ## _
| #define THIRDPARTYMUMPS_LAPACK_FUNC_(name,NAME) name ## _
| /* end confdefs.h.  */
| 
| /* Override any GCC internal prototype to avoid an error.
|    Use char because int might match the return type of a GCC
|    builtin and then its argument prototype would still apply.  */
| char DGEMMT_ ();
| #ifdef FC_DUMMY_MAIN
| #ifndef FC_DUMMY_MAIN_EQ_F77
| #  ifdef __cplusplus
|      extern "C"
| #  endif
|    int FC_DUMMY_MAIN() { return 1; }
| #endif
| #endif
| int
| main (void)
| {
| return DGEMMT_ ();
|   ;
|   return 0;
| }
configure:13105: result: no
configure:13071: checking for function DGEMMT in -llapack -lblas  
configure:13096: gcc -o conftest -O2 -DNDEBUG    conftest.c -llapack -lblas   >&5
/usr/bin/ld: /tmp/ccSPUb8L.o: in function `main':
conftest.c:(.text.startup+0xb): undefined reference to `DGEMMT'
collect2: error: ld returned 1 exit status
configure:13096: $? = 1
configure: failed program was:
| /* confdefs.h */
| #define PACKAGE_NAME "ThirdPartyMumps"
| #define PACKAGE_TARNAME "thirdpartymumps"
| #define PACKAGE_VERSION "3.0.5"
| #define PACKAGE_STRING "ThirdPartyMumps 3.0.5"
| #define PACKAGE_BUGREPORT "https://github.com/coin-or-tools/ThirdParty-Mumps/issues/new"
| #define PACKAGE_URL "https://github.com/coin-or-tools/ThirdParty-Mumps"
| #define THIRDPARTYMUMPS_VERSION "3.0.5"
| #define THIRDPARTYMUMPS_VERSION_MAJOR 3
| #define THIRDPARTYMUMPS_VERSION_MINOR 0
| #define THIRDPARTYMUMPS_VERSION_RELEASE 5
| #define HAVE_STDIO_H 1
| #define HAVE_STDLIB_H 1
| #define HAVE_STRING_H 1
| #define HAVE_INTTYPES_H 1
| #define HAVE_STDINT_H 1
| #define HAVE_STRINGS_H 1
| #define HAVE_SYS_STAT_H 1
| #define HAVE_SYS_TYPES_H 1
| #define HAVE_UNISTD_H 1
| #define STDC_HEADERS 1
| #define HAVE_DLFCN_H 1
| #define LT_OBJDIR ".libs/"
| #define FC_FUNC(name,NAME) name ## _
| #define FC_FUNC_(name,NAME) name ## _
| #define MUMPS_INTSIZE32 /**/
| #define THIRDPARTYMUMPS_HAS_LAPACK 1
| #define THIRDPARTYMUMPS_LAPACK_FUNC(name,NAME) name ## _
| #define THIRDPARTYMUMPS_LAPACK_FUNC_(name,NAME) name ## _
| /* end confdefs.h.  */
| 
| /* Override any GCC internal prototype to avoid an error.
|    Use char because int might match the return type of a GCC
|    builtin and then its argument prototype would still apply.  */
| char DGEMMT ();
| #ifdef FC_DUMMY_MAIN
| #ifndef FC_DUMMY_MAIN_EQ_F77
| #  ifdef __cplusplus
|      extern "C"
| #  endif
|    int FC_DUMMY_MAIN() { return 1; }
| #endif
| #endif
| int
| main (void)
| {
| return DGEMMT ();
|   ;
|   return 0;
| }
configure:13105: result: no
configure:13071: checking for function dgemmt__ in -llapack -lblas  
configure:13096: gcc -o conftest -O2 -DNDEBUG    conftest.c -llapack -lblas   >&5
/usr/bin/ld: /tmp/ccXvPNJQ.o: in function `main':
conftest.c:(.text.startup+0xb): undefined reference to `dgemmt__'
collect2: error: ld returned 1 exit status
configure:13096: $? = 1
configure: failed program was:
| /* confdefs.h */
| #define PACKAGE_NAME "ThirdPartyMumps"
| #define PACKAGE_TARNAME "thirdpartymumps"
| #define PACKAGE_VERSION "3.0.5"
| #define PACKAGE_STRING "ThirdPartyMumps 3.0.5"
| #define PACKAGE_BUGREPORT "https://github.com/coin-or-tools/ThirdParty-Mumps/issues/new"
| #define PACKAGE_URL "https://github.com/coin-or-tools/ThirdParty-Mumps"
| #define THIRDPARTYMUMPS_VERSION "3.0.5"
| #define THIRDPARTYMUMPS_VERSION_MAJOR 3
| #define THIRDPARTYMUMPS_VERSION_MINOR 0
| #define THIRDPARTYMUMPS_VERSION_RELEASE 5
| #define HAVE_STDIO_H 1
| #define HAVE_STDLIB_H 1
| #define HAVE_STRING_H 1
| #define HAVE_INTTYPES_H 1
| #define HAVE_STDINT_H 1
| #define HAVE_STRINGS_H 1
| #define HAVE_SYS_STAT_H 1
| #define HAVE_SYS_TYPES_H 1
| #define HAVE_UNISTD_H 1
| #define STDC_HEADERS 1
| #define HAVE_DLFCN_H 1
| #define LT_OBJDIR ".libs/"
| #define FC_FUNC(name,NAME) name ## _
| #define FC_FUNC_(name,NAME) name ## _
| #define MUMPS_INTSIZE32 /**/
| #define THIRDPARTYMUMPS_HAS_LAPACK 1
| #define THIRDPARTYMUMPS_LAPACK_FUNC(name,NAME) name ## _
| #define THIRDPARTYMUMPS_LAPACK_FUNC_(name,NAME) name ## _
| /* end confdefs.h.  */
| 
| /* Override any GCC internal prototype to avoid an error.
|    Use char because int might match the return type of a GCC
|    builtin and then its argument prototype would still apply.  */
| char dgemmt__ ();
| #ifdef FC_DUMMY_MAIN
| #ifndef FC_DUMMY_MAIN_EQ_F77
| #  ifdef __cplusplus
|      extern "C"
| #  endif
|    int FC_DUMMY_MAIN() { return 1; }
| #endif
| #endif
| int
| main (void)
| {
| return dgemmt__ ();
|   ;
|   return 0;
| }
configure:13105: result: no
configure:13071: checking for function dgemmt_ in -llapack -lblas  
configure:13096: gcc -o conftest -O2 -DNDEBUG    conftest.c -llapack -lblas   >&5
/usr/bin/ld: /tmp/ccEqUA8R.o: in function `main':
conftest.c:(.text.startup+0xb): undefined reference to `dgemmt_'
collect2: error: ld returned 1 exit status
configure:13096: $? = 1
configure: failed program was:
| /* confdefs.h */
| #define PACKAGE_NAME "ThirdPartyMumps"
| #define PACKAGE_TARNAME "thirdpartymumps"
| #define PACKAGE_VERSION "3.0.5"
| #define PACKAGE_STRING "ThirdPartyMumps 3.0.5"
| #define PACKAGE_BUGREPORT "https://github.com/coin-or-tools/ThirdParty-Mumps/issues/new"
| #define PACKAGE_URL "https://github.com/coin-or-tools/ThirdParty-Mumps"
| #define THIRDPARTYMUMPS_VERSION "3.0.5"
| #define THIRDPARTYMUMPS_VERSION_MAJOR 3
| #define THIRDPARTYMUMPS_VERSION_MINOR 0
| #define THIRDPARTYMUMPS_VERSION_RELEASE 5
| #define HAVE_STDIO_H 1
| #define HAVE_STDLIB_H 1
| #define HAVE_STRING_H 1
| #define HAVE_INTTYPES_H 1
| #define HAVE_STDINT_H 1
| #define HAVE_STRINGS_H 1
| #define HAVE_SYS_STAT_H 1
| #define HAVE_SYS_TYPES_H 1
| #define HAVE_UNISTD_H 1
| #define STDC_HEADERS 1
| #define HAVE_DLFCN_H 1
| #define LT_OBJDIR ".libs/"
| #define FC_FUNC(name,NAME) name ## _
| #define FC_FUNC_(name,NAME) name ## _
| #define MUMPS_INTSIZE32 /**/
| #define THIRDPARTYMUMPS_HAS_LAPACK 1
| #define THIRDPARTYMUMPS_LAPACK_FUNC(name,NAME) name ## _
| #define THIRDPARTYMUMPS_LAPACK_FUNC_(name,NAME) name ## _
| /* end confdefs.h.  */
| 
| /* Override any GCC internal prototype to avoid an error.
|    Use char because int might match the return type of a GCC
|    builtin and then its argument prototype would still apply.  */
| char dgemmt_ ();
| #ifdef FC_DUMMY_MAIN
| #ifndef FC_DUMMY_MAIN_EQ_F77
| #  ifdef __cplusplus
|      extern "C"
| #  endif
|    int FC_DUMMY_MAIN() { return 1; }
| #endif
| #endif
| int
| main (void)
| {
| return dgemmt_ ();
|   ;
|   return 0;
| }
configure:13105: result: no
configure:13071: checking for function DGEMMT__ in -llapack -lblas  
configure:13096: gcc -o conftest -O2 -DNDEBUG    conftest.c -llapack -lblas   >&5
/usr/bin/ld: /tmp/cciCBi1X.o: in function `main':
conftest.c:(.text.startup+0xb): undefined reference to `DGEMMT__'
collect2: error: ld returned 1 exit status
configure:13096: $? = 1
configure: failed program was:
| /* confdefs.h */
| #define PACKAGE_NAME "ThirdPartyMumps"
| #define PACKAGE_TARNAME "thirdpartymumps"
| #define PACKAGE_VERSION "3.0.5"
| #define PACKAGE_STRING "ThirdPartyMumps 3.0.5"
| #define PACKAGE_BUGREPORT "https://github.com/coin-or-tools/ThirdParty-Mumps/issues/new"
| #define PACKAGE_URL "https://github.com/coin-or-tools/ThirdParty-Mumps"
| #define THIRDPARTYMUMPS_VERSION "3.0.5"
| #define THIRDPARTYMUMPS_VERSION_MAJOR 3
| #define THIRDPARTYMUMPS_VERSION_MINOR 0
| #define THIRDPARTYMUMPS_VERSION_RELEASE 5
| #define HAVE_STDIO_H 1
| #define HAVE_STDLIB_H 1
| #define HAVE_STRING_H 1
| #define HAVE_INTTYPES_H 1
| #define HAVE_STDINT_H 1
| #define HAVE_STRINGS_H 1
| #define HAVE_SYS_STAT_H 1
| #define HAVE_SYS_TYPES_H 1
| #define HAVE_UNISTD_H 1
| #define STDC_HEADERS 1
| #define HAVE_DLFCN_H 1
| #define LT_OBJDIR ".libs/"
| #define FC_FUNC(name,NAME) name ## _
| #define FC_FUNC_(name,NAME) name ## _
| #define MUMPS_INTSIZE32 /**/
| #define THIRDPARTYMUMPS_HAS_LAPACK 1
| #define THIRDPARTYMUMPS_LAPACK_FUNC(name,NAME) name ## _
| #define THIRDPARTYMUMPS_LAPACK_FUNC_(name,NAME) name ## _
| /* end confdefs.h.  */
| 
| /* Override any GCC internal prototype to avoid an error.
|    Use char because int might match the return type of a GCC
|    builtin and then its argument prototype would still apply.  */
| char DGEMMT__ ();
| #ifdef FC_DUMMY_MAIN
| #ifndef FC_DUMMY_MAIN_EQ_F77
| #  ifdef __cplusplus
|      extern "C"
| #  endif
|    int FC_DUMMY_MAIN() { return 1; }
| #endif
| #endif
| int
| main (void)
| {
| return DGEMMT__ ();
|   ;
|   return 0;
| }
configure:13105: result: no
configure:13071: checking for function DGEMMT_ in -llapack -lblas  
configure:13096: gcc -o conftest -O2 -DNDEBUG    conftest.c -llapack -lblas   >&5
/usr/bin/ld: /tmp/ccsvc3O1.o: in function `main':
conftest.c:(.text.startup+0xb): undefined reference to `DGEMMT_'
collect2: error: ld returned 1 exit status
configure:13096: $? = 1
configure: failed program was:
| /* confdefs.h */
| #define PACKAGE_NAME "ThirdPartyMumps"
| #define PACKAGE_TARNAME "thirdpartymumps"
| #define PACKAGE_VERSION "3.0.5"
| #define PACKAGE_STRING "ThirdPartyMumps 3.0.5"
| #define PACKAGE_BUGREPORT "https://github.com/coin-or-tools/ThirdParty-Mumps/issues/new"
| #define PACKAGE_URL "https://github.com/coin-or-tools/ThirdParty-Mumps"
| #define THIRDPARTYMUMPS_VERSION "3.0.5"
| #define THIRDPARTYMUMPS_VERSION_MAJOR 3
| #define THIRDPARTYMUMPS_VERSION_MINOR 0
| #define THIRDPARTYMUMPS_VERSION_RELEASE 5
| #define HAVE_STDIO_H 1
| #define HAVE_STDLIB_H 1
| #define HAVE_STRING_H 1
| #define HAVE_INTTYPES_H 1
| #define HAVE_STDINT_H 1
| #define HAVE_STRINGS_H 1
| #define HAVE_SYS_STAT_H 1
| #define HAVE_SYS_TYPES_H 1
| #define HAVE_UNISTD_H 1
| #define STDC_HEADERS 1
| #define HAVE_DLFCN_H 1
| #define LT_OBJDIR ".libs/"
| #define FC_FUNC(name,NAME) name ## _
| #define FC_FUNC_(name,NAME) name ## _
| #define MUMPS_INTSIZE32 /**/
| #define THIRDPARTYMUMPS_HAS_LAPACK 1
| #define THIRDPARTYMUMPS_LAPACK_FUNC(name,NAME) name ## _
| #define THIRDPARTYMUMPS_LAPACK_FUNC_(name,NAME) name ## _
| /* end confdefs.h.  */
| 
| /* Override any GCC internal prototype to avoid an error.
|    Use char because int might match the return type of a GCC
|    builtin and then its argument prototype would still apply.  */
| char DGEMMT_ ();
| #ifdef FC_DUMMY_MAIN
| #ifndef FC_DUMMY_MAIN_EQ_F77
| #  ifdef __cplusplus
|      extern "C"
| #  endif
|    int FC_DUMMY_MAIN() { return 1; }
| #endif
| #endif
| int
| main (void)
| {
| return DGEMMT_ ();
|   ;
|   return 0;
| }
configure:13105: result: no
configure:13128: checking for library containing cos
configure:13166: gcc -o conftest -O2 -DNDEBUG    conftest.c  >&5
conftest.c:35:6: warning: conflicting types for built-in function 'cos'; expected 'double(double)' [-Wbuiltin-declaration-mismatch]
   35 | char cos ();
      |      ^~~
conftest.c:1:1: note: 'cos' is declared in header '<math.h>'
    1 | /* confdefs.h */
/usr/bin/ld: /tmp/ccT48vU5.o: in function `main':
conftest.c:(.text.startup+0xb): undefined reference to `cos'
collect2: error: ld returned 1 exit status
configure:13166: $? = 1
configure: failed program was:
| /* confdefs.h */
| #define PACKAGE_NAME "ThirdPartyMumps"
| #define PACKAGE_TARNAME "thirdpartymumps"
| #define PACKAGE_VERSION "3.0.5"
| #define PACKAGE_STRING "ThirdPartyMumps 3.0.5"
| #define PACKAGE_BUGREPORT "https://github.com/coin-or-tools/ThirdParty-Mumps/issues/new"
| #define PACKAGE_URL "https://github.com/coin-or-tools/ThirdParty-Mumps"
| #define THIRDPARTYMUMPS_VERSION "3.0.5"
| #define THIRDPARTYMUMPS_VERSION_MAJOR 3
| #define THIRDPARTYMUMPS_VERSION_MINOR 0
| #define THIRDPARTYMUMPS_VERSION_RELEASE 5
| #define HAVE_STDIO_H 1
| #define HAVE_STDLIB_H 1
| #define HAVE_STRING_H 1
| #define HAVE_INTTYPES_H 1
| #define HAVE_STDINT_H 1
| #define HAVE_STRINGS_H 1
| #define HAVE_SYS_STAT_H 1
| #define HAVE_SYS_TYPES_H 1
| #define HAVE_UNISTD_H 1
| #define STDC_HEADERS 1
| #define HAVE_DLFCN_H 1
| #define LT_OBJDIR ".libs/"
| #define FC_FUNC(name,NAME) name ## _
| #define FC_FUNC_(name,NAME) name ## _
| #define MUMPS_INTSIZE32 /**/
| #define THIRDPARTYMUMPS_HAS_LAPACK 1
| #define THIRDPARTYMUMPS_LAPACK_FUNC(name,NAME) name ## _
| #define THIRDPARTYMUMPS_LAPACK_FUNC_(name,NAME) name ## _
| /* end confdefs.h.  */
| 
| /* Override any GCC internal prototype to avoid an error.
|    Use char because int might match the return type of a GCC
|    builtin and then its argument prototype would still apply.  */
| char cos ();
| #ifdef FC_DUMMY_MAIN
| #ifndef FC_DUMMY_MAIN_EQ_F77
| #  ifdef __cplusplus
|      extern "C"
| #  endif
|    int FC_DUMMY_MAIN() { return 1; }
| #endif
| #endif
| int
| main (void)
| {
| return cos ();
|   ;
|   return 0;
| }
configure:13166: gcc -o conftest -O2 -DNDEBUG    conftest.c -lm   >&5
conftest.c:35:6: warning: conflicting types for built-in function 'cos'; expected 'double(double)' [-Wbuiltin-declaration-mismatch]
   35 | char cos ();
      |      ^~~
conftest.c:1:1: note: 'cos' is declared in header '<math.h>'
    1 | /* confdefs.h */
configure:13166: $? = 0
configure:13186: result: -lm
configure:13211: checking for library Metis with combined link and compile check
configure:13364: gcc -c -O2 -DNDEBUG   conftest.c >&5
configure:13364: $? = 0
configure:13424: gcc -o conftest -O2 -DNDEBUG    conftest.c -lmetis -lm  >&5
configure:13424: $? = 0
configure:13467: result: yes
configure:13522: checking whether Metis library is linkable with Fortran compiler
configure:13536: gfortran -c -O2    conftest.f >&5
configure:13536: $? = 0
configure:13538: result: yes
configure:13571: checking Metis version
configure:13599: gcc -c -O2 -DNDEBUG    conftest.c >&5
configure:13599: $? = 0
configure:13603: result: 5
configure:13718: additional C preprocessor flags: -DAdd_ -Dmetis
configure:13720: additional Fortran preprocessor flags:  -Dmetis -std=legacy
configure:13834: checking that generated files are newer than configure
configure:13840: result: done
configure:13895: creating ./config.status

## ---------------------- ##
## Running config.status. ##
## ---------------------- ##

This file was extended by ThirdPartyMumps config.status 3.0.5, which was
generated by GNU Autoconf 2.71.  Invocation command line was

  CONFIG_FILES    = 
  CONFIG_HEADERS  = 
  CONFIG_LINKS    = 
  CONFIG_COMMANDS = 
  $ ./config.status 

on ubuntu

config.status:1202: creating Makefile
config.status:1202: creating coinmumps.pc
config.status:1202: creating config.h
config.status:1383: config.h is unchanged
config.status:1202: creating mumps_compat.h
config.status:1383: mumps_compat.h is unchanged
config.status:1202: creating mumps_int_def.h
config.status:1383: mumps_int_def.h is unchanged
config.status:1431: executing depfiles commands
config.status:1508: cd .       && sed -e '/# am--include-marker/d' Makefile         | make -f - am--depfiles
make: Nothing to be done for 'am--depfiles'.
config.status:1513: $? = 0
config.status:1431: executing libtool commands
configure:16332: Configuration of ThirdPartyMumps successful

## ---------------- ##
## Cache variables. ##
## ---------------- ##

ac_cv_build=x86_64-pc-linux-gnu
ac_cv_c_compiler_gnu=yes
ac_cv_env_ADD_CFLAGS_set=
ac_cv_env_ADD_CFLAGS_value=
ac_cv_env_ADD_FCFLAGS_set=
ac_cv_env_ADD_FCFLAGS_value=
ac_cv_env_CC_set=
ac_cv_env_CC_value=
ac_cv_env_CFLAGS_set=
ac_cv_env_CFLAGS_value=
ac_cv_env_CPPFLAGS_set=
ac_cv_env_CPPFLAGS_value=
ac_cv_env_FCFLAGS_set=
ac_cv_env_FCFLAGS_value=
ac_cv_env_FC_set=
ac_cv_env_FC_value=
ac_cv_env_LDFLAGS_set=
ac_cv_env_LDFLAGS_value=
ac_cv_env_LIBS_set=
ac_cv_env_LIBS_value=
ac_cv_env_LT_LDFLAGS_set=
ac_cv_env_LT_LDFLAGS_value=
ac_cv_env_LT_SYS_LIBRARY_PATH_set=
ac_cv_env_LT_SYS_LIBRARY_PATH_value=
ac_cv_env_PKG_CONFIG_set=
ac_cv_env_PKG_CONFIG_value=
ac_cv_env_build_alias_set=
ac_cv_env_build_alias_value=
ac_cv_env_host_alias_set=
ac_cv_env_host_alias_value=
ac_cv_env_target_alias_set=
ac_cv_env_target_alias_value=
ac_cv_fc_compiler_gnu=yes
ac_cv_fc_dummy_main=none
ac_cv_fc_libs=' -L/usr/lib/gcc/x86_64-linux-gnu/9 -L/usr/lib/gcc/x86_64-linux-gnu/9/../../../x86_64-linux-gnu -L/usr/lib/gcc/x86_64-linux-gnu/9/../../../../lib -L/lib/x86_64-linux-gnu -L/lib/../lib -L/usr/lib/x86_64-linux-gnu -L/usr/lib/../lib -L/usr/lib/gcc/x86_64-linux-gnu/9/../../.. -lgfortran -lm -lquadmath'
ac_cv_fc_mangling='lower case, underscore, no extra underscore'
ac_cv_fortran_dummy_main=none
ac_cv_header_dlfcn_h=yes
ac_cv_header_inttypes_h=yes
ac_cv_header_pthread_h=yes
ac_cv_header_stdint_h=yes
ac_cv_header_stdio_h=yes
ac_cv_header_stdlib_h=yes
ac_cv_header_string_h=yes
ac_cv_header_strings_h=yes
ac_cv_header_sys_stat_h=yes
ac_cv_header_sys_types_h=yes
ac_cv_header_unistd_h=yes
ac_cv_host=x86_64-pc-linux-gnu
ac_cv_lib_pthread_pthread_create=yes
ac_cv_objext=o
ac_cv_path_EGREP='/usr/bin/grep -E'
ac_cv_path_FGREP='/usr/bin/grep -F'
ac_cv_path_GREP=/usr/bin/grep
ac_cv_path_SED=/usr/bin/sed
ac_cv_path_install='/usr/bin/install -c'
ac_cv_path_lt_DD=/usr/bin/dd
ac_cv_path_mkdir=/usr/bin/mkdir
ac_cv_prog_AWK=mawk
ac_cv_prog_ac_ct_AR=ar
ac_cv_prog_ac_ct_CC=gcc
ac_cv_prog_ac_ct_FC=gfortran
ac_cv_prog_ac_ct_FILECMD=file
ac_cv_prog_ac_ct_MANIFEST_TOOL=mt
ac_cv_prog_ac_ct_OBJDUMP=objdump
ac_cv_prog_ac_ct_PKG_CONFIG=pkg-config
ac_cv_prog_ac_ct_RANLIB=ranlib
ac_cv_prog_ac_ct_STRIP=strip
ac_cv_prog_cc_c11=
ac_cv_prog_cc_g=yes
ac_cv_prog_cc_stdc=
ac_cv_prog_fc_c_o=yes
ac_cv_prog_fc_g=yes
ac_cv_prog_fc_v=-v
ac_cv_prog_make_make_set=yes
ac_cv_search_cos=-lm
am_cv_CC_dependencies_compiler_type=gcc3
am_cv_ar_interface=ar
am_cv_make_support_nested_variables=yes
am_cv_prog_cc_c_o=yes
lt_cv_ar_at_file=@
lt_cv_archive_cmds_need_lc=no
lt_cv_deplibs_check_method=pass_all
lt_cv_file_magic_cmd='$MAGIC_CMD'
lt_cv_file_magic_test_file=
lt_cv_ld_reload_flag=-r
lt_cv_nm_interface='BSD nm'
lt_cv_objdir=.libs
lt_cv_path_LD=/usr/bin/ld
lt_cv_path_NM='/usr/bin/nm -B'
lt_cv_path_mainfest_tool=no
lt_cv_prog_compiler_c_o=yes
lt_cv_prog_compiler_c_o_FC=yes
lt_cv_prog_compiler_pic='-fPIC -DPIC'
lt_cv_prog_compiler_pic_FC=-fPIC
lt_cv_prog_compiler_pic_works=yes
lt_cv_prog_compiler_pic_works_FC=yes
lt_cv_prog_compiler_rtti_exceptions=no
lt_cv_prog_compiler_static_works=yes
lt_cv_prog_compiler_static_works_FC=yes
lt_cv_prog_gnu_ld=yes
lt_cv_sharedlib_from_linklib_cmd='printf %s\n'
lt_cv_shlibpath_overrides_runpath=yes
lt_cv_sys_global_symbol_pipe='/usr/bin/sed -n -e '\''s/^.*[	 ]\([ABCDGIRSTW][ABCDGIRSTW]*\)[	 ][	 ]*\([_A-Za-z][_A-Za-z0-9]*\)$/\1 \2 \2/p'\'' | /usr/bin/sed '\''/ __gnu_lto/d'\'''
lt_cv_sys_global_symbol_to_c_name_address='/usr/bin/sed -n -e '\''s/^: \(.*\) .*$/  {"\1", (void *) 0},/p'\'' -e '\''s/^[ABCDGIRSTW][ABCDGIRSTW]* .* \(.*\)$/  {"\1", (void *) \&\1},/p'\'''
lt_cv_sys_global_symbol_to_c_name_address_lib_prefix='/usr/bin/sed -n -e '\''s/^: \(.*\) .*$/  {"\1", (void *) 0},/p'\'' -e '\''s/^[ABCDGIRSTW][ABCDGIRSTW]* .* \(lib.*\)$/  {"\1", (void *) \&\1},/p'\'' -e '\''s/^[ABCDGIRSTW][ABCDGIRSTW]* .* \(.*\)$/  {"lib\1", (void *) \&\1},/p'\'''
lt_cv_sys_global_symbol_to_cdecl='/usr/bin/sed -n -e '\''s/^T .* \(.*\)$/extern int \1();/p'\'' -e '\''s/^[ABCDGIRSTW][ABCDGIRSTW]* .* \(.*\)$/extern char \1;/p'\'''
lt_cv_sys_global_symbol_to_import=
lt_cv_sys_max_cmd_len=1572864
lt_cv_to_host_file_cmd=func_convert_file_noop
lt_cv_to_tool_file_cmd=func_convert_file_noop
lt_cv_truncate_bin='/usr/bin/dd bs=4096 count=1'

## ----------------- ##
## Output variables. ##
## ----------------- ##

ACLOCAL='${SHELL} '\''/home/xbl/Desktop/all/ThirdParty-Mumps/missing'\'' aclocal-1.16'
ADD_CFLAGS=''
ADD_FCFLAGS=''
AMDEPBACKSLASH='\'
AMDEP_FALSE='#'
AMDEP_TRUE=''
AMTAR='$${TAR-tar}'
AM_BACKSLASH='\'
AM_DEFAULT_V='$(AM_DEFAULT_VERBOSITY)'
AM_DEFAULT_VERBOSITY='0'
AM_V='$(V)'
AR='ar'
AS='as'
AUTOCONF='${SHELL} '\''/home/xbl/Desktop/all/ThirdParty-Mumps/missing'\'' autoconf'
AUTOHEADER='${SHELL} '\''/home/xbl/Desktop/all/ThirdParty-Mumps/missing'\'' autoheader'
AUTOMAKE='${SHELL} '\''/home/xbl/Desktop/all/ThirdParty-Mumps/missing'\'' automake-1.16'
AWK='mawk'
CC='gcc'
CCDEPMODE='depmode=gcc3'
CFLAGS='-O2 -DNDEBUG '
COIN_HAS_LAPACK_FALSE='#'
COIN_HAS_LAPACK_TRUE=''
COIN_HAS_METIS_FALSE='#'
COIN_HAS_METIS_TRUE=''
COIN_HAS_PKGCONFIG_FALSE='#'
COIN_HAS_PKGCONFIG_TRUE=''
COIN_PKG_CONFIG_PATH='/usr/local/lib/pkgconfig:'
COIN_RELOCATABLE_FALSE=''
COIN_RELOCATABLE_TRUE='#'
COIN_STATIC_BUILD_FALSE=''
COIN_STATIC_BUILD_TRUE='#'
CPPFLAGS=''
CSCOPE='cscope'
CTAGS='ctags'
CYGPATH_W='echo'
DEFS='-DHAVE_CONFIG_H'
DEPDIR='.deps'
DLLTOOL='false'
DSYMUTIL=''
DUMPBIN=''
ECHO_C=''
ECHO_N='-n'
ECHO_T=''
EGREP='/usr/bin/grep -E'
ETAGS='etags'
EXEEXT=''
FC='gfortran'
FCFLAGS='-O2  '
FCLIBS=' -L/usr/lib/gcc/x86_64-linux-gnu/9 -L/usr/lib/gcc/x86_64-linux-gnu/9/../../../x86_64-linux-gnu -L/usr/lib/gcc/x86_64-linux-gnu/9/../../../../lib -L/lib/x86_64-linux-gnu -L/lib/../lib -L/usr/lib/x86_64-linux-gnu -L/usr/lib/../lib -L/usr/lib/gcc/x86_64-linux-gnu/9/../../.. -lgfortran -lm -lquadmath'
FGREP='/usr/bin/grep -F'
FILECMD='file'
GREP='/usr/bin/grep'
INSTALL_DATA='${INSTALL} -m 644'
INSTALL_PROGRAM='${INSTALL}'
INSTALL_SCRIPT='${INSTALL}'
INSTALL_STRIP_PROGRAM='$(install_sh) -c -s'
LD='/usr/bin/ld -m elf_x86_64'
LDFLAGS=''
LIBOBJS=''
LIBS=''
LIBTOOL='$(SHELL) $(top_builddir)/libtool'
LIPO=''
LN_S='ln -s'
LTLIBOBJS=''
LT_LDFLAGS=' -version-number 3:0:5 -no-undefined'
LT_SYS_LIBRARY_PATH=''
MAINT='#'
MAINTAINER_MODE_FALSE=''
MAINTAINER_MODE_TRUE='#'
MAKEINFO='${SHELL} '\''/home/xbl/Desktop/all/ThirdParty-Mumps/missing'\'' makeinfo'
MANIFEST_TOOL=':'
METISCHECK_LFLAGS='-lm '
MKDIR_P='/usr/bin/mkdir -p'
MUMPS_CFLAGS='   -DMUMPS_BUILD'
MUMPS_CFLAGS_NOPC=' '
MUMPS_DOUBLE_FALSE='#'
MUMPS_DOUBLE_TRUE=''
MUMPS_LFLAGS='-llapack -lblas -lmetis -lm     -L/usr/lib/gcc/x86_64-linux-gnu/9 -L/usr/lib/gcc/x86_64-linux-gnu/9/../../../x86_64-linux-gnu -L/usr/lib/gcc/x86_64-linux-gnu/9/../../../../lib -L/lib/x86_64-linux-gnu -L/lib/../lib -L/usr/lib/x86_64-linux-gnu -L/usr/lib/../lib -L/usr/lib/gcc/x86_64-linux-gnu/9/../../.. -lgfortran -lm -lquadmath -lpthread '
MUMPS_LFLAGS_NOPC='-lmetis -lm     -L/usr/lib/gcc/x86_64-linux-gnu/9 -L/usr/lib/gcc/x86_64-linux-gnu/9/../../../x86_64-linux-gnu -L/usr/lib/gcc/x86_64-linux-gnu/9/../../../../lib -L/lib/x86_64-linux-gnu -L/lib/../lib -L/usr/lib/x86_64-linux-gnu -L/usr/lib/../lib -L/usr/lib/gcc/x86_64-linux-gnu/9/../../.. -lgfortran -lm -lquadmath -lpthread '
MUMPS_PCFILES='lapack blas '
MUMPS_SINGLE_FALSE=''
MUMPS_SINGLE_TRUE='#'
MY_DEFS='-DAdd_ -Dmetis'
MY_FDEFS=' -Dmetis -std=legacy'
NM='/usr/bin/nm -B'
NMEDIT=''
OBJDUMP='objdump'
OBJEXT='o'
OPENMP_FCFLAGS=''
OTOOL64=''
OTOOL=''
PACKAGE='thirdpartymumps'
PACKAGE_BUGREPORT='https://github.com/coin-or-tools/ThirdParty-Mumps/issues/new'
PACKAGE_NAME='ThirdPartyMumps'
PACKAGE_STRING='ThirdPartyMumps 3.0.5'
PACKAGE_TARNAME='thirdpartymumps'
PACKAGE_URL='https://github.com/coin-or-tools/ThirdParty-Mumps'
PACKAGE_VERSION='3.0.5'
PATH_SEPARATOR=':'
PKG_CONFIG='pkg-config'
RANLIB='ranlib'
SED='/usr/bin/sed'
SET_MAKE=''
SHELL='/bin/bash'
STRIP='strip'
VERSION='3.0.5'
ac_ct_AR='ar'
ac_ct_CC='gcc'
ac_ct_DUMPBIN=''
ac_ct_FC='gfortran'
ac_ct_PKG_CONFIG='pkg-config'
am__EXEEXT_FALSE=''
am__EXEEXT_TRUE='#'
am__fastdepCC_FALSE='#'
am__fastdepCC_TRUE=''
am__include='include'
am__isrc=''
am__leading_dot='.'
am__nodep='_no'
am__quote=''
am__tar='$${TAR-tar} chof - "$$tardir"'
am__untar='$${TAR-tar} xf -'
bindir='${exec_prefix}/bin'
build='x86_64-pc-linux-gnu'
build_alias=''
build_cpu='x86_64'
build_os='linux-gnu'
build_vendor='pc'
datadir='${datarootdir}'
datarootdir='${prefix}/share'
docdir='${datarootdir}/doc/${PACKAGE_TARNAME}'
dvidir='${docdir}'
exec_prefix='${prefix}'
host='x86_64-pc-linux-gnu'
host_alias=''
host_cpu='x86_64'
host_os='linux-gnu'
host_vendor='pc'
htmldir='${docdir}'
includedir='${prefix}/include'
infodir='${datarootdir}/info'
install_sh='${SHELL} /home/xbl/Desktop/all/ThirdParty-Mumps/install-sh'
libdir='${exec_prefix}/lib'
libexecdir='${exec_prefix}/libexec'
localedir='${datarootdir}/locale'
localstatedir='${prefix}/var'
mandir='${datarootdir}/man'
mkdir_p='$(MKDIR_P)'
oldincludedir='/usr/include'
pdfdir='${docdir}'
prefix='/usr/local'
program_transform_name='s,x,x,'
psdir='${docdir}'
runstatedir='${localstatedir}/run'
sbindir='${exec_prefix}/sbin'
sharedstatedir='${prefix}/com'
sysconfdir='${prefix}/etc'
target_alias=''

## ----------- ##
## confdefs.h. ##
## ----------- ##

/* confdefs.h */
#define PACKAGE_NAME "ThirdPartyMumps"
#define PACKAGE_TARNAME "thirdpartymumps"
#define PACKAGE_VERSION "3.0.5"
#define PACKAGE_STRING "ThirdPartyMumps 3.0.5"
#define PACKAGE_BUGREPORT "https://github.com/coin-or-tools/ThirdParty-Mumps/issues/new"
#define PACKAGE_URL "https://github.com/coin-or-tools/ThirdParty-Mumps"
#define THIRDPARTYMUMPS_VERSION "3.0.5"
#define THIRDPARTYMUMPS_VERSION_MAJOR 3
#define THIRDPARTYMUMPS_VERSION_MINOR 0
#define THIRDPARTYMUMPS_VERSION_RELEASE 5
#define HAVE_STDIO_H 1
#define HAVE_STDLIB_H 1
#define HAVE_STRING_H 1
#define HAVE_INTTYPES_H 1
#define HAVE_STDINT_H 1
#define HAVE_STRINGS_H 1
#define HAVE_SYS_STAT_H 1
#define HAVE_SYS_TYPES_H 1
#define HAVE_UNISTD_H 1
#define STDC_HEADERS 1
#define HAVE_DLFCN_H 1
#define LT_OBJDIR ".libs/"
#define FC_FUNC(name,NAME) name ## _
#define FC_FUNC_(name,NAME) name ## _
#define MUMPS_INTSIZE32 /**/
#define THIRDPARTYMUMPS_HAS_LAPACK 1
#define THIRDPARTYMUMPS_LAPACK_FUNC(name,NAME) name ## _
#define THIRDPARTYMUMPS_LAPACK_FUNC_(name,NAME) name ## _
#define THIRDPARTYMUMPS_HAS_METIS 1
#define MUMPS_EXPORT 
#define MUMPS_CALL 

configure: exit 0
